0.0253906 
0.186523 
0.046875 
0.111328 
0.0292969 
0.174805 
0.0419922 
0.0966797 
0.15918 
0.0488281 
0.163086 
0.189453 
0.154297 
0.139648 
0.129883 
0.150391 
0.148438 
0.148438 
0.102539 
0.198242 
0.151367 
0.0507813 
0.18457 
0.197266 
0.19043 
0.0136719 
0.193359 
0.0947266 
0.102539 
0.183594 
0.104492 
0.0869141 
0.177734 
0.0458984 
0.0361328 
0.078125 
0.170898 
0.125977 
0.0722656 
0.0654297 
0.198242 
0.15625 
0.124023 
0.112305 
0.078125 
0.0146484 
0.126953 
0.0214844 
0.0419922 
0.129883 
0.0830078 
0.186523 
0.192383 
0.0957031 
0.0117188 
0.162109 
0.0136719 
0.151367 
0.0205078 
0.125977 
0.00585938 
0.129883 
0 
0.0205078 
0.0986328 
0.199219 
0.0947266 
0.135742 
0.0371094 
0.12793 
0.107422 
0.197266 
0.106445 
0.0302734 
0.0839844 
0.104492 
0.0908203 
0.0830078 
0.0126953 
0.0986328 
0.108398 
0.167969 
0.193359 
0.0253906 
0.0166016 
0.150391 
0.0927734 
0.117188 
0.0195313 
0.124023 
0.0898438 
0.00390625 
0.123047 
0.165039 
0.143555 
0.0449219 
0.015625 
0.106445 
0.0878906 
0.160156 
0.03125 
0.0761719 
0.0351563 
0.0585938 
0.131836 
0.164063 
0.119141 
0.00195313 
0.00976563 
0.0625 
0.119141 
0.0517578 
0.196289 
0.0107422 
0.0224609 
0.155273 
0.0810547 
0.143555 
0.0957031 
0.0488281 
0.121094 
0.0634766 
0.192383 
0.199219 
0.169922 
0.0644531 
0.015625 
0 
0.0917969 
0.00488281 
0.0439453 
0.0859375 
0.0869141 
0.135742 
0.046875 
0.192383 
0.113281 
0.0605469 
0.0673828 
0.107422 
0.0429688 
0.194336 
0.135742 
0.202148 
0.147461 
0.0517578 
0.174805 
0.134766 
0.0830078 
0.183594 
0.0283203 
0.0410156 
0.0429688 
0.138672 
0.104492 
0.0791016 
0.111328 
0.0136719 
0.0205078 
0.186523 
0.0419922 
0.108398 
0.0917969 
0.118164 
0.157227 
0.0683594 
0.0302734 
0.0664063 
0.0742188 
0.107422 
0.193359 
0.168945 
0.107422 
0.102539 
0.00292969 
0.0859375 
0.0888672 
0.125 
0.09375 
0.0361328 
0.193359 
0.140625 
0.0771484 
0.0458984 
0.172852 
0 
0.168945 
0.131836 
0.0722656 
0.0439453 
0.0449219 
0.09375 
0.205078 
0.046875 
0.174805 
0.107422 
0.0195313 
0.0810547 
0.144531 
0.0830078 
0.103516 
0.12793 
0.114258 
0.166016 
0.130859 
0.0976563 
0.0966797 
0.125977 
0.118164 
0.126953 
0.163086 
0.00585938 
0.0507813 
0.108398 
0.0664063 
0.0273438 
0.0986328 
0.144531 
0.03125 
0.0517578 
0.0205078 
0.102539 
0.0214844 
0.124023 
0.0546875 
0.167969 
0.183594 
0.158203 
0.0966797 
0.0244141 
0.0107422 
0.107422 
0.150391 
0.167969 
0.0361328 
0.0410156 
0.0429688 
0.179688 
0.0234375 
0.03125 
0.0712891 
0.00195313 
0.15332 
0.185547 
0.133789 
0.0537109 
0.0751953 
0.128906 
0.124023 
0.0654297 
0.0341797 
0.0390625 
0.138672 
0.181641 
0.104492 
0.0458984 
0.168945 
0.139648 
0.0595703 
0.0488281 
0.115234 
0.0654297 
0.181641 
0.125 
0.18457 
0.00878906 
0.0996094 
0.0888672 
0.175781 
0.0732422 
0.147461 
0.0888672 
0.189453 
0.00195313 
0.0732422 
0.100586 
0.152344 
0.102539 
0.176758 
0.149414 
0.0830078 
0.130859 
0.129883 
0.0361328 
0.0615234 
0.201172 
0.107422 
0.0195313 
0.124023 
0.172852 
0.09375 
0.0488281 
0.18457 
0.0615234 
0.181641 
0.175781 
0.125 
0.0878906 
0.108398 
0.124023 
0.100586 
0.0527344 
0.185547 
0.175781 
0.176758 
0.115234 
0.0537109 
0.0390625 
0.0419922 
0.18457 
0.163086 
0.0361328 
0.149414 
0.158203 
0.015625 
0.0517578 
0.00878906 
0.203125 
0.111328 
0.0507813 
0.0498047 
0.0410156 
0.0849609 
0.181641 
0.0878906 
0.145508 
0.078125 
0.0507813 
0.0722656 
0.114258 
0.196289 
0.135742 
0.0732422 
0.0947266 
0.150391 
0.0175781 
0.0478516 
0.167969 
0.101563 
0.0878906 
0.03125 
0.0917969 
0.150391 
0.0585938 
0.0556641 
0.0546875 
0.166016 
0.0136719 
0.0283203 
0.0195313 
0.166016 
0.0732422 
0.180664 
0.0166016 
0.105469 
0.138672 
0.0566406 
0.0595703 
0.0351563 
0.110352 
0.182617 
0.107422 
0.0869141 
0.0166016 
0.157227 
0.192383 
0.0283203 
0.0615234 
0.0449219 
0.0439453 
0.0654297 
0.166992 
0.115234 
0.0576172 
0.0908203 
0.115234 
0.172852 
0.0966797 
0.196289 
0.0283203 
0.198242 
0.0634766 
0.12207 
0.0498047 
0.0791016 
0.0117188 
0.168945 
0.125 
0.143555 
0.180664 
0.116211 
0.0585938 
0.167969 
0.143555 
0.0126953 
0.137695 
0.109375 
0.0341797 
0.113281 
0.0664063 
0.0332031 
0.0722656 
0.193359 
0.148438 
0.196289 
0.186523 
0.0927734 
0.0859375 
0.15625 
0.129883 
0.0214844 
0.0898438 
0.138672 
0.0419922 
0.125 
0.078125 
0.0673828 
0.0410156 
0.0625 
0.113281 
0.0214844 
0.0742188 
0.0654297 
0.170898 
0.046875 
0.148438 
0.169922 
0.138672 
0.0976563 
0.0351563 
0.0429688 
0.0771484 
0.0830078 
0.140625 
0.124023 
0.0380859 
0.0957031 
0.0166016 
0.195313 
0.0458984 
0.121094 
0.150391 
0.0234375 
0.135742 
0.168945 
0.126953 
0.103516 
0.0761719 
0.0458984 
0.0380859 
0.134766 
0.18457 
0.015625 
0.154297 
0.12207 
0.0302734 
0.108398 
0.078125 
0.0644531 
0.0712891 
0.0966797 
0.0410156 
0.0400391 
0.0859375 
0.0771484 
0.197266 
0.175781 
0.164063 
0.0253906 
0.135742 
0.15625 
0.00585938 
0.119141 
0.0976563 
0.00683594 
0.19043 
0.137695 
0.158203 
0.0439453 
0.0302734 
0.0371094 
0.0625 
0.143555 
0.147461 
0.0595703 
0.0664063 
0.0371094 
0.123047 
0.167969 
0.162109 
0.15332 
0.161133 
0.172852 
0.1875 
0.177734 
0.0410156 
0.0791016 
0.111328 
0.0214844 
0.0615234 
0.0214844 
0.126953 
0.15918 
0.126953 
0.172852 
0.0712891 
0.0507813 
0.0332031 
0.03125 
0.0322266 
0.0683594 
0.168945 
0.0146484 
0.0146484 
0.121094 
0.102539 
0.125 
0.110352 
0.178711 
0.00585938 
0.129883 
0.138672 
0.0107422 
0.0917969 
0.135742 
0.196289 
0.0546875 
0.0869141 
0.0507813 
0.160156 
0.202148 
0.124023 
0.160156 
0.0654297 
0.167969 
0.0166016 
0.194336 
0.183594 
0.143555 
0.00683594 
0.0986328 
0.192383 
0.0458984 
0.0576172 
0.149414 
0.0458984 
0.179688 
0.111328 
0.0078125 
0.0693359 
0.0800781 
0.135742 
0.185547 
0.201172 
0.0605469 
0.0585938 
0.0898438 
0.117188 
0.143555 
0.195313 
0.116211 
0.130859 
0.141602 
0.117188 
0.0361328 
0.166992 
0.0429688 
0.0585938 
0.181641 
0.109375 
0.185547 
0.0595703 
0.100586 
0.0478516 
0.197266 
0.152344 
0.15918 
0.133789 
0.150391 
0.0986328 
0.0273438 
0.189453 
0.0898438 
0.199219 
0.191406 
0.0332031 
0.00488281 
0.155273 
0.115234 
0.0214844 
0.0078125 
0.139648 
0.145508 
0.0400391 
0.0625 
0.0693359 
0.183594 
0.0283203 
0.18457 
0.0537109 
0.198242 
0.166016 
0.173828 
0.0869141 
0.0410156 
0.165039 
0.0244141 
0.100586 
0.0771484 
0.201172 
0.175781 
0.139648 
0.0800781 
0.105469 
0.112305 
0.203125 
0.102539 
0.0498047 
0.145508 
0.0214844 
0.105469 
0.0371094 
0.203125 
0.0478516 
0.107422 
0.200195 
0.015625 
0.163086 
0.193359 
0.169922 
0.0595703 
0.138672 
0.155273 
0.0078125 
0.0761719 
0.0488281 
0.199219 
0.0566406 
0.0244141 
0.171875 
0.195313 
0.116211 
0.0654297 
0.0625 
0.202148 
0.0332031 
0.0537109 
0.142578 
0.110352 
0.196289 
0.0107422 
0.0576172 
0.100586 
0.0136719 
0.176758 
0.0117188 
0.123047 
0.15332 
0.146484 
0.201172 
0.0507813 
0.0253906 
0.189453 
0.0546875 
0.113281 
0.00488281 
0.128906 
0.145508 
0.0273438 
0.103516 
0.0585938 
0.0976563 
0.192383 
0.0820313 
0.180664 
0.128906 
0.167969 
0.182617 
0.078125 
0.0107422 
0.0078125 
0.163086 
0.107422 
0.183594 
0.124023 
0.140625 
0.109375 
0.09375 
0.197266 
0.0595703 
0.0869141 
0.0556641 
0.0849609 
0.0107422 
0.0371094 
0.134766 
0.106445 
0.0908203 
0.105469 
0.0957031 
0.0351563 
0.0458984 
0.132813 
0.0292969 
0.0917969 
0.165039 
0.0400391 
0.0205078 
0.0537109 
0.192383 
0.0800781 
0.0439453 
0.132813 
0.0615234 
0.0693359 
0.120117 
0.0205078 
0.0078125 
0.0654297 
0.0615234 
0.0175781 
0.170898 
0.166992 
0.09375 
0.107422 
0.117188 
0.154297 
0.173828 
0.0371094 
0.0214844 
0.0537109 
0.15625 
0.102539 
0.0214844 
0.0527344 
0.0722656 
0.104492 
0.0390625 
0.117188 
0.0615234 
0.134766 
0.164063 
0.126953 
0.0273438 
0.0957031 
0.0888672 
0.129883 
0.118164 
0.0996094 
0.0371094 
0.111328 
0.0400391 
0.167969 
0.0302734 
0.108398 
0.106445 
0.0908203 
0.078125 
0.136719 
0.165039 
0.198242 
0.166016 
0.166016 
0.139648 
0.00976563 
0.015625 
0.0654297 
0.0537109 
0.134766 
0.0214844 
0.0429688 
0.189453 
0.00195313 
0.00683594 
0 
0.0351563 
0.09375 
0.0703125 
0.113281 
0.0332031 
0.176758 
0.129883 
0.135742 
0.118164 
0.0302734 
0.15625 
0.0361328 
0.0722656 
0.00683594 
0.0419922 
0.201172 
0.0615234 
0.146484 
0.0566406 
0.0380859 
0.133789 
0.0820313 
0.198242 
0.129883 
0.0126953 
0.145508 
0.131836 
0.00390625 
0.191406 
0.186523 
0.0429688 
0.0917969 
0.146484 
0.0458984 
0.124023 
0.108398 
0.0517578 
0.202148 
0.166992 
0.03125 
0.189453 
0.0283203 
0.185547 
0.168945 
0.140625 
0.194336 
0.0507813 
0.129883 
0.0917969 
0.0693359 
0.0683594 
0.112305 
0.0244141 
0.165039 
0.0429688 
0.0791016 
0.130859 
0.0126953 
0.157227 
0.116211 
0.193359 
0.0263672 
0.136719 
0.113281 
0.0917969 
0.0234375 
0.174805 
0.0507813 
0.165039 
0.0478516 
0.0410156 
0.113281 
0.0683594 
0.166016 
0.00585938 
0.0976563 
0.0917969 
0.175781 
0.124023 
0.124023 
0.00585938 
0.188477 
0.0927734 
0.145508 
0.116211 
0.131836 
0.0439453 
0.142578 
0.113281 
0 
0.151367 
0.193359 
0.124023 
0.165039 
0.114258 
0.0849609 
0.128906 
0.0683594 
0.0507813 
0.0234375 
0.0507813 
0 
0.0576172 
0.125977 
0.105469 
0.183594 
0.0283203 
0.155273 
0.00488281 
0.0712891 
0.149414 
0.146484 
0.109375 
0.114258 
0.202148 
0.0732422 
0.0605469 
0.0546875 
0.12207 
0.133789 
0.193359 
0.166992 
0.0996094 
0.0371094 
0.0146484 
0.196289 
0.162109 
0.18457 
0.046875 
0.0214844 
0.0800781 
0.0078125 
0.167969 
0.204102 
0.0283203 
0.138672 
0.0751953 
0.0117188 
0.201172 
0.148438 
0.0839844 
0.166016 
0.0498047 
0.0449219 
0.203125 
0.0078125 
0.0517578 
0.0625 
0.0908203 
0.161133 
0.0820313 
0.0664063 
0.117188 
0.0146484 
0.00878906 
0.0244141 
0.168945 
0.138672 
0.0566406 
0.155273 
0.0185547 
0.0400391 
0.0957031 
0.0927734 
0.120117 
0.161133 
0.0898438 
0.189453 
0.0166016 
0.0419922 
0.102539 
0.140625 
0.0341797 
0.0390625 
0.165039 
0.113281 
0.0175781 
0.0947266 
0.03125 
0.113281 
0.162109 
0.108398 
0.0361328 
0.135742 
0.0800781 
0.00585938 
0.0810547 
0.201172 
0.09375 
0.197266 
0.115234 
0 
0.143555 
0.0849609 
0.123047 
0.109375 
0.158203 
0.111328 
0.138672 
0.00683594 
0.0371094 
0.0576172 
0.155273 
0.0419922 
0.0263672 
0.131836 
0.132813 
0.0751953 
0.0400391 
0.0136719 
0.0585938 
0.146484 
0.015625 
0.0175781 
0.03125 
0.189453 
0.180664 
0.148438 
0.141602 
0.202148 
0.0400391 
0.00683594 
0.0595703 
0.161133 
0.194336 
0.198242 
0 
0.0292969 
0.0732422 
0.107422 
0.197266 
0.129883 
0.15332 
0.0595703 
0.0117188 
0.0126953 
0.117188 
0.0673828 
0.173828 
0.119141 
0.0332031 
0.155273 
0.123047 
0.176758 
0.15332 
0.202148 
0.192383 
0.0664063 
0.0527344 
0.111328 
0.0361328 
0.0996094 
0.0888672 
0.0976563 
0.164063 
0.110352 
0.113281 
0.125 
0 
0.0810547 
0.15625 
0.0322266 
0.193359 
0.0810547 
0.0185547 
0.0878906 
0.193359 
0.194336 
0.132813 
0.174805 
0.0175781 
0.0400391 
0.0742188 
0.120117 
0.0712891 
0.150391 
0.15625 
0 
0.0878906 
0.0859375 
0.117188 
0.0205078 
0.117188 
0.0429688 
0.137695 
0.113281 
0.00878906 
0.0253906 
0.194336 
0.1875 
0.0175781 
0.0214844 
0.0996094 
0.163086 
0.139648 
0.0566406 
0.132813 
0.189453 
0.189453 
0.00878906 
0.183594 
0.0546875 
0.173828 
0.158203 
0.0947266 
0.0527344 
0.0722656 
0.0605469 
0.0908203 
0.188477 
0.171875 
0.176758 
0.149414 
0.0810547 
0.178711 
0.0947266 
0.0966797 
0.172852 
0.106445 
0.0292969 
0.130859 
0.0400391 
0.134766 
0.150391 
0.161133 
0.176758 
0.181641 
0.0605469 
0.0498047 
0.100586 
0.0761719 
0.00683594 
0.186523 
0.0625 
0.0380859 
0.194336 
0.162109 
0.0605469 
0.195313 
0.0947266 
0.101563 
0.172852 
0.174805 
0.146484 
0.15625 
0.102539 
0.150391 
0.0107422 
0.148438 
0.163086 
0.0976563 
0.138672 
0.0917969 
0.169922 
0.0654297 
0.19043 
0.178711 
0.0341797 
0.1875 
0.125977 
0.15918 
0.0458984 
0.198242 
0.0410156 
0.178711 
0.0576172 
0.200195 
0.155273 
0.0654297 
0.130859 
0.0195313 
0.155273 
0.0517578 
0.196289 
0.0615234 
0.1875 
0.0244141 
0.0683594 
0.0605469 
0.0859375 
0.162109 
0.0507813 
0.170898 
0.0527344 
0.129883 
0.186523 
0.0830078 
0.162109 
0.0820313 
0.078125 
0.137695 
0.125977 
0.078125 
0.15332 
0.0400391 
0.176758 
0.106445 
0.0888672 
0.197266 
0.133789 
0.0908203 
0.0908203 
0.136719 
0.0410156 
0.0478516 
0.170898 
0.163086 
0.0800781 
0.146484 
0.0732422 
0.0371094 
0.166016 
0.0839844 
0.161133 
0.0917969 
0.0849609 
0.160156 
0.0537109 
0.204102 
0.173828 
0.0107422 
0.148438 
0.0449219 
0.00878906 
0.0761719 
0.0771484 
0.0273438 
0.0957031 
0.136719 
0.00878906 
0.0244141 
0.0898438 
0.177734 
0.192383 
0.144531 
0.142578 
0.125977 
0.195313 
0.164063 
0.0625 
0.0361328 
0.00585938 
0.130859 
0.143555 
0.00585938 
0.15918 
0.0517578 
0.158203 
0.144531 
0.154297 
0.0820313 
0.197266 
0.136719 
0.0371094 
0.146484 
0.195313 
0.170898 
0.0849609 
0.0439453 
0.179688 
0.178711 
0.129883 
0.105469 
0.131836 
0.104492 
0.170898 
0.0908203 
0.0644531 
0.141602 
0.119141 
0.103516 
0.0556641 
0.112305 
0.0185547 
0.0869141 
0.120117 
0.136719 
0.0605469 
0.0390625 
0.183594 
0.121094 
0.0927734 
0.0947266 
0.00976563 
0.199219 
0.0410156 
0.00390625 
0.0244141 
0.118164 
0.0966797 
0.0478516 
0.195313 
0.176758 
0.0185547 
0.0800781 
0.0810547 
0.174805 
0.0605469 
0.0351563 
0.195313 
0.0742188 
0.0898438 
0.0566406 
0.0341797 
0.0605469 
0.120117 
0.123047 
0.161133 
0.18457 
0.0722656 
0.046875 
0.15918 
0.185547 
0.117188 
0.145508 
0.143555 
0.107422 
0.0810547 
0.110352 
0.0966797 
0.0302734 
0.0878906 
0.0556641 
0.107422 
0.193359 
0.163086 
0.108398 
0.181641 
0.119141 
0.0800781 
0.0810547 
0.204102 
0.170898 
0.0507813 
0.110352 
0.110352 
0.0371094 
0.0673828 
0.172852 
0.1875 
0.189453 
0.168945 
0.0625 
0.199219 
0.140625 
0.0166016 
0.15625 
0.201172 
0.161133 
0.046875 
0.0957031 
0.0166016 
0.0751953 
0.0507813 
0.0126953 
0.0546875 
0.0234375 
0.0654297 
0.188477 
0.0419922 
0.163086 
0.0898438 
0.148438 
0.0996094 
0.171875 
0.129883 
0.0605469 
0.0761719 
0.162109 
0.145508 
0.149414 
0.12207 
0.146484 
0.152344 
0.0644531 
0.0419922 
0.197266 
0.0263672 
0 
0.0117188 
0.124023 
0.145508 
0.132813 
0.09375 
0.0849609 
0.185547 
0.0859375 
0.0498047 
0.00292969 
0.19043 
0.0517578 
0.161133 
0.0664063 
0.160156 
0.0126953 
0.0390625 
0.00585938 
0.0878906 
0.165039 
0.0214844 
0.0673828 
0.135742 
0.0644531 
0.0166016 
0.00292969 
0.0107422 
0.0576172 
0.174805 
0.191406 
0.182617 
0.152344 
0.0947266 
0.0224609 
0.186523 
0.0205078 
0.0986328 
0.0439453 
0.03125 
0.0595703 
0.0976563 
0.167969 
0.0859375 
0.192383 
0.129883 
0.173828 
0.158203 
0.188477 
0.0986328 
0.131836 
0.0947266 
0.180664 
0.000976563 
0.1875 
0.161133 
0.201172 
0.015625 
0.0478516 
0.121094 
0.182617 
0.0234375 
0.0986328 
0.0849609 
0.178711 
0.0478516 
0.0332031 
0.0185547 
0.0126953 
0.0195313 
0.0273438 
0.164063 
0.0917969 
0.189453 
0.0878906 
0.175781 
0.03125 
0.0712891 
0.15625 
0.175781 
0.194336 
0.100586 
0.175781 
0.0576172 
0.129883 
0.12207 
0.138672 
0.149414 
0.132813 
0.161133 
0.00585938 
0.182617 
0.0585938 
0.120117 
0.144531 
0.181641 
0.115234 
0.135742 
0.0634766 
0.0996094 
0.0878906 
0.0498047 
0.183594 
0.0488281 
0.18457 
0.155273 
0.178711 
0.0664063 
0.0849609 
0.193359 
0.0126953 
0.189453 
0.0478516 
0.138672 
0.166016 
0.102539 
0.178711 
0.0126953 
0.0644531 
0.197266 
0.0947266 
0.140625 
0.195313 
0.0751953 
0.00488281 
0.200195 
0.00292969 
0.0146484 
0.120117 
0.046875 
0.146484 
0.123047 
0.0351563 
0.123047 
0.0117188 
0.166992 
0.134766 
0.0732422 
0.0742188 
0.0488281 
0.0244141 
0.123047 
0.12793 
0.197266 
0.0361328 
0.177734 
0.197266 
0.0214844 
0.0683594 
0.196289 
0.163086 
0.134766 
0.168945 
0.100586 
0.166992 
0.185547 
0.197266 
0 
0.0761719 
0.0146484 
0.0205078 
0.176758 
0.174805 
0.121094 
0.0664063 
0.0556641 
0.0126953 
0.120117 
0.188477 
0.0458984 
0.137695 
0.102539 
0.173828 
0.0732422 
0.15332 
0.00585938 
0.0117188 
0.0410156 
0.130859 
0.0888672 
0.143555 
0.0419922 
0.179688 
0.175781 
0.199219 
0.168945 
0.149414 
0.0625 
0.147461 
0.015625 
0.0898438 
0.0585938 
0.203125 
0.0800781 
0.0419922 
0.138672 
0.0878906 
0.0302734 
0.0371094 
0.0878906 
0.125977 
0.172852 
0.203125 
0.100586 
0.141602 
0.125 
0.0947266 
0.163086 
0.138672 
0.00195313 
0.0214844 
0.0566406 
0.0566406 
0.157227 
0.116211 
0.0439453 
0.110352 
0.178711 
0.165039 
0.0585938 
0.0527344 
0.0292969 
0.180664 
0.140625 
0.0380859 
0.150391 
0.138672 
0.176758 
0.0185547 
0.141602 
0.0273438 
0.163086 
0.154297 
0.0292969 
0.136719 
0.0849609 
0.0595703 
0.0478516 
0.0732422 
0.188477 
0.0078125 
0.0566406 
0.142578 
0.00195313 
0.0996094 
0.164063 
0.201172 
0.0117188 
0.0078125 
0.132813 
0.15625 
0.202148 
0.154297 
0.19043 
0.0898438 
0.200195 
0.0615234 
0.147461 
0.121094 
0.174805 
0.15918 
0.194336 
0.12793 
0.15332 
0.0605469 
0.15332 
0.0380859 
0.150391 
0.0341797 
0.121094 
0.0742188 
0.192383 
0.0556641 
0.00976563 
0.200195 
0.0078125 
0.15332 
0.00683594 
0.142578 
0.0458984 
0.0976563 
0.0214844 
0.125 
0.174805 
0.148438 
0.178711 
0.19043 
0.0732422 
0.113281 
0.148438 
0.0351563 
0.111328 
0.120117 
0.196289 
0.0146484 
0.00488281 
0.0839844 
0.0507813 
0.0322266 
0.0507813 
0.0712891 
0.182617 
0.170898 
0.0166016 
0.0429688 
0.0107422 
0.0996094 
0.105469 
0.193359 
0.160156 
0.129883 
0.15918 
0.196289 
0.114258 
0.0556641 
0.0800781 
0.198242 
0.0976563 
0.0957031 
0.139648 
0.175781 
0.00683594 
0.191406 
0.180664 
0.106445 
0.134766 
0.0800781 
0.150391 
0.0722656 
0.124023 
0.150391 
0.112305 
0.0869141 
0.0615234 
0.0175781 
0.0253906 
0.00585938 
0.199219 
0.169922 
0.0107422 
0.178711 
0.147461 
0.106445 
0.193359 
0.0429688 
0.09375 
0.147461 
0.0078125 
0.0410156 
0.0546875 
0.0898438 
0.0830078 
0.138672 
0.19043 
0.144531 
0.15918 
0.107422 
0.152344 
0.0214844 
0.201172 
0.118164 
0.119141 
0.117188 
0.175781 
0.147461 
0.132813 
0.0703125 
0.141602 
0.15332 
0.124023 
0.154297 
0.193359 
0.0302734 
0.128906 
0.0107422 
0.111328 
0.0703125 
0.015625 
0.182617 
0.0996094 
0.189453 
0.188477 
0.177734 
0.120117 
0.00683594 
0.0791016 
0.176758 
0.0566406 
0.00683594 
0.0351563 
0.0224609 
0.164063 
0.0175781 
0.0878906 
0.0498047 
0.0722656 
0.116211 
0.0517578 
0.0488281 
0.110352 
0 
0.0078125 
0.173828 
0.135742 
0.0595703 
0.0507813 
0.185547 
0.0634766 
0.00488281 
0.0839844 
0.0214844 
0.0136719 
0.143555 
0.0078125 
0.170898 
0.0537109 
0.0478516 
0.0253906 
0.188477 
0.0126953 
0.107422 
0.0214844 
0.0810547 
0.104492 
0.181641 
0.0947266 
0.0654297 
0.166016 
0.183594 
0.0722656 
0.0507813 
0.185547 
0.108398 
0.00878906 
0.0292969 
0.155273 
0.0595703 
0.145508 
0.0292969 
0.0585938 
0.182617 
0.0595703 
0.0302734 
0.078125 
0.0234375 
0.00195313 
0.0878906 
0.124023 
0.0800781 
0.118164 
0.0205078 
0.201172 
0.124023 
0.102539 
0.0751953 
0.0732422 
0.133789 
0.0996094 
0.166016 
0.0966797 
0.177734 
0.0664063 
0.0566406 
0.166992 
0.0585938 
0.000976563 
0.0449219 
0.0625 
0.125977 
0.0878906 
0.0644531 
0.129883 
0.0146484 
0.152344 
0.167969 
0.0205078 
0.0507813 
0.0498047 
0.178711 
0.0908203 
0.157227 
0.0458984 
0.0625 
0.0888672 
0.151367 
0.0615234 
0.177734 
0.167969 
0.0507813 
0.188477 
0.193359 
0.046875 
0.113281 
0.0566406 
0.174805 
0.183594 
0.0625 
0.138672 
0.15625 
0.0380859 
0.0449219 
0.102539 
0.204102 
0.15625 
0.0791016 
0.198242 
0.161133 
0.204102 
0.136719 
0.0263672 
0.105469 
0.204102 
0.09375 
0.0400391 
0.182617 
0.0917969 
0.0390625 
0.0429688 
0.0078125 
0.0380859 
0.102539 
0.143555 
0.0400391 
0.175781 
0.19043 
0.165039 
0.148438 
0.0458984 
0.129883 
0.135742 
0.0146484 
0.0458984 
0.161133 
0.0517578 
0.0488281 
0.166016 
0.0253906 
0.0205078 
0.0185547 
0.138672 
0.19043 
0.186523 
0.0849609 
0.164063 
0.0556641 
0.0332031 
0.123047 
0.0927734 
0.143555 
0.203125 
0.152344 
0.141602 
0.118164 
0.0869141 
0.182617 
0.172852 
0.105469 
0.0117188 
0.0595703 
0.186523 
0.0175781 
0.0986328 
0.0664063 
0.188477 
0.0576172 
0.132813 
0.0615234 
0.138672 
0.0224609 
0.157227 
0.142578 
0.121094 
0.00976563 
0.158203 
0.0908203 
0.134766 
0.150391 
0.0175781 
0.0175781 
0.154297 
0.162109 
0.162109 
0.101563 
0.198242 
0.161133 
0.194336 
0.19043 
0.196289 
0.167969 
0.0556641 
0.116211 
0.0507813 
0.00878906 
0.177734 
0.0996094 
0.15332 
0.15332 
0.152344 
0.140625 
0.0576172 
0.182617 
0.166992 
0.173828 
0.146484 
0.0146484 
0.113281 
0.192383 
0.185547 
0.0810547 
0.164063 
0.0898438 
0.0869141 
0.158203 
0.00488281 
0.173828 
0.0439453 
0.0849609 
0.19043 
0.105469 
0.0683594 
0.201172 
0.0839844 
0.201172 
0.155273 
0.170898 
0.118164 
0.104492 
0.0634766 
0.0654297 
0.15918 
0.197266 
0.0712891 
0.0566406 
0.0136719 
0.0644531 
0.0244141 
0.0664063 
0.0107422 
0.0380859 
0.168945 
0.0664063 
0.0146484 
0.108398 
0.124023 
0.180664 
0.00683594 
0.0195313 
0.138672 
0.0615234 
0.160156 
0.0195313 
0.201172 
0.0732422 
0.0566406 
0.166992 
0.201172 
0.12207 
0.0859375 
0.116211 
0.0966797 
0.15332 
0.169922 
0.0605469 
0.0527344 
0.166992 
0.078125 
0.0957031 
0.145508 
0.128906 
0.140625 
0.0429688 
0.0400391 
0.139648 
0.143555 
0.00976563 
0.000976563 
0.0908203 
0.0517578 
0.0107422 
0.0576172 
0.0234375 
0.119141 
0.182617 
0.0654297 
0.130859 
0.0625 
0.0498047 
0.157227 
0.03125 
0.0810547 
0 
0.197266 
0.183594 
0.198242 
0.202148 
0.134766 
0.00292969 
0.0400391 
0.0107422 
0.0996094 
0.0458984 
0.109375 
0.0136719 
0.181641 
0.172852 
0.178711 
0.112305 
0.135742 
0.205078 
0.0214844 
0.164063 
0.194336 
0.104492 
0.134766 
0.109375 
0.150391 
0.15332 
0.100586 
0.180664 
0.114258 
0.00195313 
0.09375 
0.125 
0.115234 
0.0625 
0.0732422 
0.0078125 
0.00683594 
0.0830078 
0.0439453 
0.145508 
0.146484 
0.103516 
0.180664 
0.0996094 
0 
0.173828 
0.186523 
0.131836 
0.182617 
0.0449219 
0.124023 
0.0292969 
0.138672 
0.186523 
0.142578 
0.196289 
0.0253906 
0.0957031 
0.146484 
0.0771484 
0.0820313 
0.0693359 
0.182617 
0.0869141 
0.160156 
0.149414 
0.0800781 
0.00585938 
0.0175781 
0.178711 
0.0419922 
0.0205078 
0.0830078 
0.15332 
0.170898 
0.201172 
0.116211 
0.131836 
0.171875 
0.19043 
0.046875 
0.0078125 
0.00585938 
0.132813 
0.0800781 
0.0361328 
0.121094 
0.0947266 
0.145508 
0.0380859 
0.191406 
0.138672 
0.0810547 
0.0439453 
0.0908203 
0.0585938 
0.0390625 
0.111328 
0.0908203 
0.118164 
0.0751953 
0.0683594 
0.164063 
0.152344 
0.0175781 
0.0332031 
0.123047 
0.03125 
0.167969 
0.148438 
0.117188 
0.0703125 
0.0791016 
0.0400391 
0.193359 
0.102539 
0.0927734 
0.182617 
0.0976563 
0.107422 
0.186523 
0.000976563 
0.0976563 
0.137695 
0.149414 
0.0800781 
0.146484 
0.0517578 
0.0371094 
0.0722656 
0.140625 
0.177734 
0.132813 
0.157227 
0.194336 
0.139648 
0.0537109 
0.0830078 
0.124023 
0.0380859 
0.155273 
0.0957031 
0.119141 
0.193359 
0.128906 
0.109375 
0.0185547 
0.129883 
0.181641 
0.0634766 
0.137695 
0.0214844 
0.0214844 
0.0878906 
0.0634766 
0.0908203 
0.0361328 
0.106445 
0.015625 
0.130859 
0.00878906 
0.112305 
0.0908203 
0.0693359 
0.0185547 
0.149414 
0.157227 
0.131836 
0.078125 
0.151367 
0.0634766 
0.0439453 
0.138672 
0.0390625 
0.202148 
0.182617 
0.0820313 
0.0302734 
0.0771484 
0.0800781 
0.161133 
0.0351563 
0.185547 
0.00390625 
0.0244141 
0.0332031 
0.183594 
0.18457 
0.205078 
0.0820313 
0.155273 
0.175781 
0.202148 
0.141602 
0.00976563 
0.0292969 
0.129883 
0.192383 
0.128906 
0.0566406 
0.0644531 
0.0634766 
0.106445 
0.0175781 
0.0214844 
0.0380859 
0.118164 
0.00292969 
0.168945 
0.201172 
0.123047 
0.101563 
0.00683594 
0.0869141 
0.141602 
0.128906 
0.0283203 
0.165039 
0.181641 
0.0224609 
0.0722656 
0.00585938 
0.0400391 
0.15332 
0.165039 
0.121094 
0.0292969 
0.0498047 
0.169922 
0.171875 
0.0859375 
0.185547 
0.192383 
0.0605469 
0.0761719 
0.0810547 
0.166992 
0.000976563 
0.152344 
0.132813 
0.0117188 
0.113281 
0.0283203 
0.0859375 
0.0556641 
0 
0.0849609 
0.0126953 
0.03125 
0.0166016 
0.12793 
0.0761719 
0.175781 
0.196289 
0.166016 
0.0947266 
0.166992 
0.174805 
0.0361328 
0.118164 
0.0458984 
0.0322266 
0.0419922 
0.173828 
0.0849609 
0.09375 
0.163086 
0.0722656 
0.182617 
0.0820313 
0.101563 
0.113281 
0.0791016 
0.0800781 
0.0976563 
0.132813 
0.0693359 
0.0400391 
0.130859 
0.188477 
0.137695 
0.0380859 
0.0537109 
0.178711 
0.198242 
0.169922 
0.0361328 
0.100586 
0.105469 
0.0966797 
0.0888672 
0.00390625 
0.106445 
0.0566406 
0.178711 
0.135742 
0.148438 
0.00390625 
0.0234375 
0.00488281 
0.0947266 
0.115234 
0.0683594 
0.00195313 
0.199219 
0.130859 
0.200195 
0.161133 
0.185547 
0.0205078 
0.129883 
0.0878906 
0.00683594 
0.180664 
0.115234 
0.178711 
0.0986328 
0.142578 
0.193359 
0.200195 
0.0136719 
0.119141 
0.110352 
0.102539 
0.139648 
0.179688 
0.0458984 
0.130859 
0.199219 
0.0244141 
0.133789 
0.0195313 
0.0263672 
0.0625 
0.164063 
0.136719 
0.0722656 
0.00195313 
0.0957031 
0.161133 
0.113281 
0.0205078 
0.146484 
0.12207 
0.0576172 
0.150391 
0.0654297 
0.198242 
0.129883 
0.0761719 
0.157227 
0.0800781 
0.0976563 
0.0957031 
0.101563 
0.151367 
0.0625 
0.1875 
0.118164 
0.131836 
0.0449219 
0.195313 
0.0244141 
0.0273438 
0.103516 
0.0761719 
0.0488281 
0.0927734 
0.0371094 
0.0888672 
0.0595703 
0.0537109 
0.0683594 
0.0126953 
0.0380859 
0.0458984 
0.0292969 
0.0947266 
0.0683594 
0.173828 
0.110352 
0.0683594 
0.173828 
0.00878906 
0.0673828 
0.107422 
0.119141 
0.0791016 
0.113281 
0.107422 
0.0302734 
0.202148 
0.15625 
0.108398 
0.0986328 
0.0253906 
0.195313 
0.0751953 
0.0996094 
0.109375 
0.103516 
0.03125 
0.0830078 
0.200195 
0.000976563 
0.204102 
0.176758 
0.19043 
0.0224609 
0.0791016 
0.0439453 
0.197266 
0.0957031 
0.193359 
0.120117 
0.0761719 
0.0380859 
0.0185547 
0.170898 
0.0458984 
0.188477 
0.101563 
0.109375 
0.0371094 
0.0673828 
0.177734 
0.0205078 
0.161133 
0.200195 
0.00488281 
0.120117 
0.0732422 
0.141602 
0.0146484 
0.146484 
0.078125 
0.0654297 
0.0341797 
0.108398 
0.0400391 
0.0605469 
0.0439453 
0.0976563 
0.00585938 
0.0820313 
0.135742 
0.0615234 
0.19043 
0.0878906 
0.0400391 
0.202148 
0.0537109 
0.195313 
0 
0.0117188 
0.0976563 
0.0683594 
0.169922 
0.0166016 
0.00683594 
0.103516 
0.165039 
0.078125 
0.19043 
0.0654297 
0.0146484 
0.124023 
0.120117 
0.105469 
0.0185547 
0.140625 
0.132813 
0.0917969 
0.142578 
0.123047 
0.174805 
0.158203 
0.0400391 
0.0771484 
0.133789 
0.00390625 
0.154297 
0.126953 
0.195313 
0.0292969 
0.15625 
0.123047 
0.197266 
0.165039 
0.146484 
0.163086 
0.0810547 
0.0273438 
0.133789 
0.00878906 
0.0507813 
0.0634766 
0.177734 
0.015625 
0.155273 
0.0732422 
0.155273 
0.0927734 
0.0595703 
0.147461 
0.198242 
0.0478516 
0.131836 
0.0869141 
0.146484 
0.0390625 
0.138672 
0.193359 
0.100586 
0.0273438 
0.144531 
0.145508 
0.0146484 
0.196289 
0.0751953 
0.197266 
0.134766 
0.189453 
0.160156 
0.0693359 
0.118164 
0.104492 
0.0361328 
0.171875 
0.129883 
0.0273438 
0.138672 
0.0361328 
0.0322266 
0.0576172 
0.0527344 
0.196289 
0.109375 
0.0527344 
0.00292969 
0.123047 
0.0644531 
0.0292969 
0.121094 
0.0869141 
0.181641 
0.0732422 
0.0371094 
0.15625 
0.0585938 
0.0273438 
0.0224609 
0.136719 
0.183594 
0.0595703 
0.00195313 
0.114258 
0.144531 
0.15918 
0.0224609 
0.183594 
0.0634766 
0.0507813 
0.140625 
0.0878906 
0.107422 
0.140625 
0.136719 
0.0537109 
0.09375 
0.0625 
0.154297 
0.0683594 
0.167969 
0.0429688 
0.200195 
0.15332 
0.09375 
0.0517578 
0.100586 
0.0078125 
0.177734 
0.0458984 
0.194336 
0.0830078 
0.179688 
0.0605469 
0.166016 
0.175781 
0.12793 
0.0703125 
0.185547 
0.0605469 
0.191406 
0.0400391 
0.108398 
0.152344 
0.0820313 
0.0214844 
0.121094 
0.124023 
0.078125 
0.161133 
0.0185547 
0.0732422 
0.0146484 
0.117188 
0 
0 
0.136719 
0.0380859 
0.166016 
0.15918 
0.161133 
0.193359 
0.15332 
0.161133 
0.15625 
0.126953 
0.0351563 
0.192383 
0.157227 
0.194336 
0.0664063 
0.0322266 
0.0830078 
0.0302734 
0.0810547 
0.197266 
0.0332031 
0.193359 
0.0419922 
0.201172 
0.121094 
0.115234 
0.0322266 
0.0712891 
0.0722656 
0.134766 
0.0429688 
0.148438 
0.00390625 
0.147461 
0.137695 
0.0371094 
0.185547 
0.132813 
0.164063 
0.0351563 
0.0273438 
0.0322266 
0.183594 
0.0126953 
0.0634766 
0.0869141 
0.00488281 
0.121094 
0.0966797 
0.175781 
0.182617 
0.128906 
0.0810547 
0.0966797 
0.155273 
0.0585938 
0.116211 
0.0654297 
0 
0.0361328 
0.046875 
0.178711 
0.1875 
0.0947266 
0.0361328 
0.015625 
0.205078 
0.0917969 
0.12793 
0.163086 
0.0810547 
0.107422 
0.0224609 
0.118164 
0.151367 
0 
0.173828 
0.112305 
0.110352 
0.188477 
0.0712891 
0.182617 
0.106445 
0.119141 
0.177734 
0.078125 
0.105469 
0.0380859 
0.0576172 
0.0908203 
0.00292969 
0.0585938 
0.109375 
0.0458984 
0.0634766 
0.133789 
0.179688 
0 
0.0419922 
0.139648 
0.00878906 
0.0732422 
0.100586 
0.188477 
0.0078125 
0.138672 
0.0390625 
0.192383 
0.0615234 
0.123047 
0.0966797 
0.0966797 
0.164063 
0.198242 
0.0507813 
0.193359 
0.197266 
0.0556641 
0.0800781 
0.154297 
0.0546875 
0.0146484 
0.0957031 
0.164063 
0.164063 
0.0576172 
0.109375 
0.00683594 
0.125 
0.0576172 
0.15625 
0.114258 
0.137695 
0.0214844 
0.0947266 
0.0878906 
0.201172 
0.0693359 
0.105469 
0.138672 
0.0957031 
0.0429688 
0.00195313 
0.15625 
0.173828 
0.177734 
0.197266 
0.0673828 
0.166016 
0.0878906 
0.0751953 
0.195313 
0.158203 
0.112305 
0.185547 
0.0654297 
0.147461 
0.130859 
0.0302734 
0.00976563 
0.173828 
0.109375 
0.128906 
0.176758 
0.0253906 
0.0126953 
0.0351563 
0.103516 
0.201172 
0.157227 
0.191406 
0.121094 
0.0966797 
0.00976563 
0.015625 
0.162109 
0.102539 
0.0546875 
0.163086 
0.0253906 
0.0244141 
0.121094 
0.183594 
0.136719 
0.0859375 
0.0849609 
0.0322266 
0.0869141 
0.166992 
0.19043 
0.0498047 
0.0556641 
0.104492 
0.118164 
0.150391 
0.00390625 
0.12793 
0.0966797 
0.181641 
0.18457 
0.0263672 
0.109375 
0.116211 
0.166016 
0.136719 
0.0214844 
0.146484 
0.0966797 
0.163086 
0.139648 
0.19043 
0.166992 
0.0878906 
0.0703125 
0.0947266 
0.205078 
0.0175781 
0.119141 
0.144531 
0.00488281 
0.191406 
0.169922 
0.00683594 
0.0996094 
0.0214844 
0.182617 
0.0947266 
0.15332 
0.0683594 
0.192383 
0.0986328 
0.15918 
0.197266 
0.124023 
0.196289 
0.0849609 
0.152344 
0.167969 
0.0263672 
0.174805 
0.136719 
0.0166016 
0.132813 
0.195313 
0.0917969 
0.119141 
0.0576172 
0.0722656 
0.146484 
0.166992 
0.0458984 
0.185547 
0.138672 
0.0175781 
0.03125 
0.189453 
0.115234 
0.0576172 
0.175781 
0.110352 
0.046875 
0.0546875 
0.0224609 
0.18457 
0.0537109 
0.0214844 
0.133789 
0.189453 
0.0224609 
0.000976563 
0.0107422 
0.194336 
0.169922 
0.157227 
0.0390625 
0.143555 
0.178711 
0.115234 
0.0136719 
0.0576172 
0.124023 
0.168945 
0.0292969 
0.150391 
0.183594 
0.147461 
0.12793 
0.0195313 
0.124023 
0.0371094 
0.0986328 
0.0351563 
0.0283203 
0.0712891 
0.0673828 
0.137695 
0.125 
0.0585938 
0.160156 
0.0703125 
0.0322266 
0.0458984 
0.0292969 
0.144531 
0.177734 
0.158203 
0.105469 
0.0322266 
0.0810547 
0.0761719 
0.15918 
0.0527344 
0.138672 
0 
0.137695 
0.200195 
0.0175781 
0.0400391 
0.0283203 
0.0292969 
0.0634766 
0.0644531 
0.0400391 
0.0488281 
0.0537109 
0.124023 
0.0283203 
0.148438 
0.105469 
0.131836 
0.12207 
0.162109 
0.0136719 
0.0556641 
0.0693359 
0.0595703 
0.0341797 
0.00878906 
0.0771484 
0.129883 
0.0869141 
0.175781 
0.139648 
0.09375 
0.0859375 
0 
0.0166016 
0.185547 
0.172852 
0.0615234 
0.167969 
0.12207 
0.137695 
0.133789 
0.0214844 
0.00976563 
0.0625 
0.191406 
0.199219 
0.158203 
0.162109 
0.113281 
0.125977 
0.109375 
0.0683594 
0.0732422 
0.151367 
0.137695 
0.00292969 
0.185547 
0.171875 
0.144531 
0.00976563 
0.166016 
0.0195313 
0.109375 
0.115234 
0.164063 
0.0517578 
0.150391 
0.204102 
0.0722656 
0.194336 
0.0585938 
0.157227 
0.131836 
0.110352 
0.15332 
0.0292969 
0.155273 
0.0693359 
0.199219 
0.09375 
0.0537109 
0.132813 
0.182617 
0.185547 
0.175781 
0.0927734 
0.150391 
0.168945 
0.0859375 
0.130859 
0.113281 
0.0175781 
0.198242 
0.0507813 
0.178711 
0.15625 
0.00585938 
0.0400391 
0.191406 
0.172852 
0.112305 
0.0585938 
0.161133 
0.0322266 
0.0771484 
0.12793 
0.102539 
0.0175781 
0.0078125 
0.198242 
0.0986328 
0.148438 
0.144531 
0.0634766 
0.0253906 
0.0429688 
0.0449219 
0.119141 
0.134766 
0.141602 
0.200195 
0.0244141 
0.0078125 
0.113281 
0.0517578 
0.0800781 
0.0898438 
0.136719 
0.197266 
0.183594 
0.168945 
0.078125 
0.177734 
0.123047 
0.196289 
0.0517578 
0.178711 
0.0878906 
0.0654297 
0.00878906 
0.162109 
0.0712891 
0.0498047 
0.0507813 
0.0234375 
0.110352 
0.160156 
0.164063 
0.0185547 
0.185547 
0.198242 
0.0927734 
0.176758 
0.0986328 
0.0517578 
0.0371094 
0.0292969 
0.0537109 
0.00878906 
0.182617 
0.0585938 
0.170898 
0.0527344 
0.152344 
0.0888672 
0.00878906 
0.0673828 
0.176758 
0.0751953 
0.0175781 
0.15332 
0.160156 
0.177734 
0.117188 
0.118164 
0.134766 
0.0683594 
0.157227 
0.181641 
0.0771484 
0.132813 
0.0761719 
0.0878906 
0.101563 
0.165039 
0.0478516 
0.168945 
0.179688 
0.114258 
0.0283203 
0.144531 
0.154297 
0.0458984 
0.000976563 
0.0947266 
0.192383 
0.169922 
0.0332031 
0.0185547 
0.0957031 
0.015625 
0.0878906 
0.181641 
0.176758 
0.119141 
0.1875 
0.0361328 
0.165039 
0.19043 
0.149414 
0.0322266 
0.0117188 
0.0283203 
0.203125 
0.00976563 
0.168945 
0.158203 
0.0224609 
0.0576172 
0.0292969 
0.0292969 
0.0869141 
0.0224609 
0.0800781 
0.0791016 
0.166016 
0.180664 
0.126953 
0.117188 
0.169922 
0.116211 
0.124023 
0.0507813 
0.106445 
0.09375 
0.109375 
0.0224609 
0.0908203 
0.000976563 
0 
0.0498047 
0.0380859 
0.145508 
0.111328 
0.163086 
0.137695 
0.128906 
0.111328 
0.0712891 
0.137695 
0.181641 
0.182617 
0.193359 
0.118164 
0.0273438 
0.0751953 
0.0634766 
0.0732422 
0.200195 
0.177734 
0.182617 
0.157227 
0.0400391 
0.0732422 
0.0361328 
0.0214844 
0.0810547 
0.0253906 
0.110352 
0.0332031 
0.0732422 
0.125977 
0.0390625 
0.0224609 
0.131836 
0.078125 
0.0625 
0.148438 
0.139648 
0.166016 
0.164063 
0.19043 
0.161133 
0.0273438 
0.0908203 
0.0361328 
0.0439453 
0.103516 
0.15625 
0.125977 
0.172852 
0.0820313 
0.147461 
0.125977 
0.147461 
0.0810547 
0.182617 
0.172852 
0.105469 
0.0751953 
0.202148 
0.0683594 
0.168945 
0.0195313 
0.166016 
0.0869141 
0.0429688 
0.106445 
0.0615234 
0.148438 
0.0957031 
0.0810547 
0.0683594 
0.165039 
0.196289 
0.162109 
0.19043 
0.00683594 
0.172852 
0.00585938 
0.115234 
0.0439453 
0.0507813 
0.0595703 
0.00683594 
0.100586 
0.188477 
0.00390625 
0.12207 
0.1875 
0.0644531 
0.0244141 
0.15332 
0.144531 
0.0869141 
0.1875 
0.204102 
0.101563 
0.0361328 
0.0878906 
0.125 
0.113281 
0.0498047 
0.106445 
0.0566406 
0.0332031 
0.0107422 
0.166992 
0.0136719 
0.147461 
0.15332 
0.115234 
0.117188 
0.188477 
0.0302734 
0.09375 
0.0576172 
0.0146484 
0.0693359 
0.0449219 
0.174805 
0.105469 
0.201172 
0.141602 
0.205078 
0.111328 
0.102539 
0.09375 
0.000976563 
0.0478516 
0.0761719 
0.03125 
0.165039 
0.0322266 
0.0263672 
0.00292969 
0.0898438 
0.138672 
0.0488281 
0.125977 
0.0351563 
0.0458984 
0.124023 
0.0859375 
0.0966797 
0.00390625 
0.162109 
0.0585938 
0.09375 
0.0078125 
0.0820313 
0.174805 
0.141602 
0.0107422 
0.12793 
0.145508 
0.109375 
0.0625 
0.0136719 
0.111328 
0.0712891 
0.166992 
0.141602 
0.174805 
0.104492 
0.18457 
0.180664 
0.0888672 
0.0136719 
0.172852 
0.0839844 
0.0761719 
0.0722656 
0.0742188 
0.0761719 
0.143555 
0.114258 
0.0517578 
0.106445 
0.00195313 
0.106445 
0.0283203 
0.137695 
0.09375 
0.0136719 
0.0810547 
0.0361328 
0.196289 
0.0107422 
0.0234375 
0.186523 
0.00976563 
0.0507813 
0.0478516 
0.0429688 
0.175781 
0.015625 
0.0244141 
0.0859375 
0.173828 
0.167969 
0.117188 
0.0224609 
0.162109 
0.0849609 
0.12793 
0.172852 
0.00976563 
0.0595703 
0.0400391 
0.145508 
0.09375 
0.0878906 
0.0664063 
0.135742 
0.0722656 
0.0791016 
0.0410156 
0.102539 
0.046875 
0.176758 
0.0361328 
0.0722656 
0.201172 
0.199219 
0.0585938 
0.193359 
0.0517578 
0.0830078 
0.0859375 
0.167969 
0.0507813 
0.000976563 
0.0927734 
0.173828 
0.0888672 
0.130859 
0.108398 
0.200195 
0.197266 
0.0556641 
0.188477 
0.181641 
0.15332 
0.0800781 
0.12793 
0.0849609 
0.0791016 
0.0292969 
0.123047 
0.0839844 
0.131836 
0.0683594 
0.0654297 
0.0654297 
0.112305 
0.0439453 
0.0771484 
0.158203 
0.118164 
0.104492 
0.203125 
0.182617 
0.0527344 
0.109375 
0.0703125 
0.0371094 
0.146484 
0.0957031 
0.172852 
0.119141 
0.116211 
0.0302734 
0.0107422 
0.0332031 
0.104492 
0.0761719 
0.104492 
0.0292969 
0.201172 
0.0361328 
0.15332 
0.0986328 
0.188477 
0.0996094 
0.0908203 
0.142578 
0.119141 
0.138672 
0.0244141 
0.0283203 
0.111328 
0.204102 
0.15625 
0.0361328 
0.197266 
0.0488281 
0.0742188 
0.0644531 
0.0498047 
0.0810547 
0.0888672 
0.0859375 
0.143555 
0.105469 
0.0175781 
0.0439453 
0.0566406 
0.0595703 
0.0458984 
0.106445 
0.0244141 
0.15625 
0.168945 
0.194336 
0.0830078 
0.133789 
0.179688 
0.0605469 
0.0351563 
0.0878906 
0.142578 
0.0302734 
0.0214844 
0.0595703 
0.118164 
0.0908203 
0.148438 
0.144531 
0.188477 
0.201172 
0.12207 
0.00683594 
0.1875 
0.192383 
0.0507813 
0.0712891 
0.0585938 
0.166016 
0.129883 
0.124023 
0.175781 
0.104492 
0.117188 
0.170898 
0.0908203 
0.166016 
0.179688 
0.201172 
0.0146484 
0.134766 
0.163086 
0.0898438 
0.09375 
0.115234 
0.170898 
0.0566406 
0.125977 
0.00976563 
0.15332 
0.0878906 
0.0976563 
0.15625 
0.124023 
0.0878906 
0.166016 
0.132813 
0.162109 
0.0859375 
0.133789 
0.0791016 
0.179688 
0.0751953 
0.1875 
0.0439453 
0.0214844 
0.0566406 
0.15332 
0.0556641 
0.200195 
0.0361328 
0.0410156 
0.136719 
0.102539 
0.000976563 
0.078125 
0.109375 
0.0546875 
0.0205078 
0.0117188 
0.165039 
0.0800781 
0.137695 
0.0507813 
0.191406 
0.112305 
0.169922 
0.137695 
0.160156 
0.167969 
0.0761719 
0.0214844 
0.0507813 
0.195313 
0.140625 
0.0449219 
0.129883 
0.0839844 
0.0341797 
0.148438 
0.100586 
0.105469 
0.117188 
0.121094 
0.0400391 
0 
0.147461 
0.125977 
0.198242 
0.000976563 
0.135742 
0.0761719 
0.18457 
0.0869141 
0.108398 
0.126953 
0.00585938 
0.188477 
0.197266 
0.155273 
0.192383 
0.00683594 
0.0556641 
0.161133 
0.0478516 
0.110352 
0.165039 
0.100586 
0.163086 
0.152344 
0.172852 
0.109375 
0.0859375 
0.03125 
0.0351563 
0.18457 
0.152344 
0.0107422 
0.157227 
0.0400391 
0.180664 
0.174805 
0.109375 
0.107422 
0.117188 
0.0771484 
0.201172 
0.193359 
0.00683594 
0.0117188 
0.0595703 
0.0341797 
0.180664 
0.152344 
0.138672 
0.185547 
0.163086 
0.00585938 
0.0849609 
0.157227 
0.192383 
0.0390625 
0.174805 
0.00195313 
0.166016 
0.192383 
0.108398 
0.0263672 
0.161133 
0.106445 
0.138672 
0.00878906 
0.182617 
0.0478516 
0.0537109 
0.0683594 
0.185547 
0.149414 
0.147461 
0.120117 
0.0380859 
0.0527344 
0.147461 
0.0566406 
0.203125 
0.15332 
0.103516 
0.0341797 
0.123047 
0.104492 
0.0585938 
0.136719 
0.0810547 
0.199219 
0.111328 
0.158203 
0.131836 
0.0205078 
0.182617 
0.0380859 
0.183594 
0.0898438 
0.108398 
0.0927734 
0.0175781 
0.0214844 
0.130859 
0.119141 
0.0957031 
0.163086 
0 
0.106445 
0.03125 
0.179688 
0.0869141 
0.0126953 
0.169922 
0.112305 
0.0302734 
0.0859375 
0.0673828 
0.0263672 
0.0205078 
0.0605469 
0.146484 
0.0292969 
0.0888672 
0.0966797 
0.0917969 
0.118164 
0.0615234 
0.151367 
0.154297 
0.117188 
0.0908203 
0.111328 
0.101563 
0.160156 
0.00976563 
0.0351563 
0.0449219 
0.0742188 
0.147461 
0.169922 
0.0576172 
0.0498047 
0.0976563 
0.179688 
0.0234375 
0.0439453 
0.0898438 
0.107422 
0.0644531 
0.0605469 
0.0839844 
0.168945 
0.0292969 
0.0732422 
0.158203 
0.0585938 
0.0849609 
0.0195313 
0.0458984 
0.0263672 
0.0800781 
0.137695 
0.0126953 
0.166016 
0.144531 
0.0888672 
0.0205078 
0.15332 
0.103516 
0.167969 
0.163086 
0.198242 
0.0263672 
0.138672 
0.15918 
0.0478516 
0.0146484 
0.0732422 
0.138672 
0.15625 
0.180664 
0.0214844 
0.142578 
0.00390625 
0.0214844 
0.152344 
0.171875 
0.0722656 
0.106445 
0.0820313 
0.199219 
0.112305 
0.00878906 
0.171875 
0.202148 
0.131836 
0.00878906 
0.109375 
0.0439453 
0.201172 
0.0478516 
0.0683594 
0.0556641 
0.147461 
0.0800781 
0.00292969 
0.09375 
0.182617 
0.0263672 
0.12793 
0.194336 
0.0966797 
0.104492 
0.0292969 
0.160156 
0.197266 
0.174805 
0.188477 
0.0761719 
0.146484 
0.128906 
0.154297 
0.0917969 
0.0732422 
0.132813 
0.00683594 
0.166016 
0.195313 
0.0908203 
0.186523 
0.121094 
0.102539 
0.19043 
0.164063 
0.0400391 
0.202148 
0.128906 
0.0751953 
0.149414 
0.078125 
0.0126953 
0.0419922 
0.192383 
0.078125 
0.0527344 
0.0693359 
0.0498047 
0.125 
0.0869141 
0.0615234 
0.138672 
0.0908203 
0.0185547 
0.0947266 
0.0556641 
0.0732422 
0.191406 
0.133789 
0.0576172 
0.0380859 
0.0478516 
0.191406 
0.15625 
0.0332031 
0.197266 
0.0458984 
0.169922 
0.0625 
0.15332 
0.175781 
0.0439453 
0.0322266 
0.140625 
0.0419922 
0.000976563 
0.0634766 
0.0908203 
0.0517578 
0.174805 
0.179688 
0.0107422 
0.0732422 
0.145508 
0.18457 
0.108398 
0.0292969 
0.0869141 
0.106445 
0.0439453 
0.144531 
0.182617 
0.0341797 
0.154297 
0.19043 
0.189453 
0.0751953 
0.1875 
0.0605469 
0.0166016 
0.0292969 
0.181641 
0.200195 
0.119141 
0.131836 
0.180664 
0.186523 
0.0664063 
0.0595703 
0.148438 
0.196289 
0.138672 
0.167969 
0.168945 
0.146484 
0.147461 
0.202148 
0.0537109 
0.0205078 
0.00683594 
0.166992 
0.0742188 
0.0712891 
0.155273 
0.0634766 
0.201172 
0.138672 
0.00976563 
0.0205078 
0.19043 
0.0878906 
0.0351563 
0.166016 
0.108398 
0.0751953 
0.0283203 
0.145508 
0 
0.0986328 
0.0205078 
0.151367 
0.0869141 
0.121094 
0.00292969 
0.165039 
0.121094 
0.046875 
0.150391 
0.173828 
0.162109 
0.130859 
0.0361328 
0.131836 
0.0654297 
0.115234 
0.139648 
0.0419922 
0.0927734 
0.102539 
0.18457 
0.201172 
0.170898 
0.0585938 
0.00585938 
0.148438 
0.143555 
0.121094 
0.0830078 
0.112305 
0.130859 
0.0488281 
0.199219 
0.0292969 
0.125977 
0.0214844 
0.15332 
0.0507813 
0.108398 
0.191406 
0.0214844 
0.115234 
0.0263672 
0.00878906 
0.101563 
0.155273 
0.00683594 
0.179688 
0.00390625 
0.00292969 
0.0595703 
0.00878906 
0.138672 
0.09375 
0.0917969 
0.0693359 
0.164063 
0.0986328 
0.0361328 
0.00390625 
0.0537109 
0.0244141 
0.164063 
0.191406 
0.200195 
0.0332031 
0.0537109 
0.0634766 
0.186523 
0.09375 
0.0927734 
0.157227 
0.0908203 
0.0361328 
0.15918 
0.0800781 
0.102539 
0.0957031 
0.0390625 
0.0888672 
0.15918 
0.196289 
0.0732422 
0.0410156 
0.101563 
0.124023 
0.0410156 
0.0722656 
0.110352 
0.167969 
0.0546875 
0.00976563 
0.134766 
0.000976563 
0.00292969 
0.115234 
0.1875 
0.0273438 
0.0146484 
0.198242 
0.139648 
0.185547 
0.0800781 
0.0507813 
0.0380859 
0.167969 
0.109375 
0.0673828 
0.19043 
0.18457 
0.0283203 
0.106445 
0.0576172 
0.0283203 
0.157227 
0.114258 
0.0712891 
0.0898438 
0.0839844 
0.015625 
0.166992 
0.0439453 
0.00488281 
0.0537109 
0.0830078 
0.078125 
0.19043 
0.106445 
0.0771484 
0.126953 
0.0341797 
0.0175781 
0.0263672 
0.142578 
0.0976563 
0.0722656 
0.102539 
0.0927734 
0.126953 
0.0429688 
0.0078125 
0.117188 
0.134766 
0.0283203 
0.0478516 
0.146484 
0.146484 
0.0820313 
0.135742 
0.18457 
0.182617 
0.134766 
0.19043 
0.0351563 
0.00585938 
0.102539 
0.201172 
0.102539 
0.0664063 
0.0507813 
0.136719 
0.15332 
0.198242 
0.0449219 
0.137695 
0.0947266 
0.125977 
0.139648 
0.134766 
0.0771484 
0.0849609 
0.0146484 
0.0585938 
0.200195 
0.163086 
0.125977 
0.170898 
0.0986328 
0.0195313 
0.101563 
0.15918 
0.0859375 
0.147461 
0.000976563 
0.201172 
0.0898438 
0.134766 
0.0351563 
0.170898 
0.0488281 
0.148438 
0.0498047 
0.104492 
0.125 
0.125 
0.0820313 
0.146484 
0.160156 
0.0419922 
0.105469 
0.0839844 
0.0185547 
0.180664 
0.0439453 
0.150391 
0.124023 
0.15625 
0.0996094 
0.183594 
0.0722656 
0.151367 
0.157227 
0.152344 
0.186523 
0.177734 
0.193359 
0.0976563 
0.0859375 
0.174805 
0.165039 
0.0693359 
0.0322266 
0.0507813 
0.046875 
0.180664 
0.0986328 
0.124023 
0.201172 
0.15625 
0.0322266 
0.0273438 
0.182617 
0.172852 
0.0878906 
0.106445 
0.102539 
0.106445 
0.115234 
0.0175781 
0.0634766 
0.120117 
0.0634766 
0.015625 
0.1875 
0.0410156 
0.09375 
0.0244141 
0.130859 
0.179688 
0.0429688 
0.0322266 
0.167969 
0.0117188 
0.0576172 
0.1875 
0.0791016 
0.0732422 
0.160156 
0.0878906 
0.154297 
0.183594 
0.200195 
0.0371094 
0.18457 
0.166016 
0.00878906 
0.0625 
0.00683594 
0.125 
0.107422 
0.0517578 
0.125 
0.133789 
0.0556641 
0.000976563 
0.0078125 
0.0507813 
0.0947266 
0.197266 
0.201172 
0.078125 
0.18457 
0.0263672 
0.0439453 
0.0605469 
0.158203 
0.0478516 
0.120117 
0.120117 
0.12207 
0.00585938 
0.121094 
0.125977 
0.139648 
0.149414 
0.124023 
0.0986328 
0.0292969 
0.189453 
0.115234 
0.106445 
0.145508 
0.175781 
0.197266 
0.0429688 
0.0537109 
0.166016 
0.172852 
0.0566406 
0.117188 
0.00585938 
0.0351563 
0.100586 
0.0751953 
0.00195313 
0.148438 
0.0996094 
0.115234 
0.125977 
0.105469 
0.0429688 
0.157227 
0.0693359 
0.105469 
0.0839844 
0.0732422 
0.0888672 
0.0507813 
0.118164 
0.00195313 
0.0839844 
0.198242 
0.192383 
0.0947266 
0.0693359 
0.0693359 
0.00585938 
0.00878906 
0.0957031 
0.00683594 
0.0205078 
0.00292969 
0.19043 
0.0449219 
0.126953 
0.0302734 
0.180664 
0.124023 
0.0449219 
0.0654297 
0.175781 
0.0498047 
0.199219 
0.0761719 
0.12793 
0.131836 
0.12207 
0.0917969 
0.00390625 
0.161133 
0.0205078 
0.175781 
0.12207 
0.0556641 
0.201172 
0.0712891 
0.150391 
0.118164 
0.0244141 
0.00585938 
0.0410156 
0.108398 
0.135742 
0.0615234 
0.0947266 
0.112305 
0.201172 
0.0878906 
0.00292969 
0.196289 
0.121094 
0.178711 
0.0507813 
0.193359 
0.112305 
0.189453 
0.175781 
0.0478516 
0.0166016 
0.0585938 
0.0498047 
0.046875 
0.0400391 
0.103516 
0.0283203 
0.182617 
0.0224609 
0.015625 
0.0185547 
0.0224609 
0.0683594 
0.0507813 
0.119141 
0.0537109 
0.114258 
0.0722656 
0.139648 
0.0605469 
0.195313 
0.0273438 
0.0634766 
0.0634766 
0.0537109 
0.0224609 
0.00292969 
0.0888672 
0.113281 
0.203125 
0.163086 
0.118164 
0.0429688 
0.0507813 
0.0800781 
0.204102 
0.171875 
0.201172 
0.0263672 
0.133789 
0.183594 
0.170898 
0.175781 
0.175781 
0.00683594 
0.109375 
0.0673828 
0.00292969 
0.0712891 
0.109375 
0.0888672 
0.0410156 
0.161133 
0.0732422 
0.0732422 
0.0576172 
0.181641 
0.182617 
0.166016 
0.0351563 
0.142578 
0.0615234 
0.15625 
0.0761719 
0.201172 
0.0332031 
0.0390625 
0.0126953 
0.0292969 
0.151367 
0.102539 
0.120117 
0.1875 
0.0947266 
0.164063 
0.0361328 
0.119141 
0.112305 
0.146484 
0.078125 
0.0654297 
0.104492 
0.129883 
0.0595703 
0.0410156 
0.197266 
0.109375 
0.101563 
0.160156 
0.194336 
0.0703125 
0.161133 
0.00683594 
0.0488281 
0.0117188 
0.1875 
0.0615234 
0.138672 
0.0634766 
0.00292969 
0.143555 
0.146484 
0.182617 
0.193359 
0.183594 
0.198242 
0.0078125 
0.155273 
0.116211 
0.00390625 
0.100586 
0.15918 
0.0449219 
0.177734 
0.131836 
0.140625 
0.155273 
0.09375 
0.0117188 
0.0859375 
0.201172 
0.0791016 
0.0654297 
0.0615234 
0.134766 
0.0654297 
0.102539 
0.175781 
0.203125 
0.0273438 
0.195313 
0.0673828 
0.00488281 
0.0400391 
0.175781 
0.0517578 
0.0292969 
0.132813 
0.163086 
0.12207 
0.167969 
0.078125 
0.139648 
0.0527344 
0.0859375 
0.161133 
0.116211 
0.169922 
0.112305 
0.0371094 
0.0078125 
0.148438 
0.03125 
0.0273438 
0.179688 
0.0507813 
0.199219 
0.0078125 
0.177734 
0.0527344 
0.163086 
0.00683594 
0.138672 
0.117188 
0.0830078 
0.0947266 
0.119141 
0.111328 
0.168945 
0.0771484 
0.0703125 
0.146484 
0.1875 
0.0683594 
0.0244141 
0.131836 
0.0341797 
0.197266 
0.0537109 
0.135742 
0.015625 
0.0488281 
0.143555 
0.0820313 
0.141602 
0.15332 
0.197266 
0.118164 
0.0585938 
0.169922 
0 
0.00683594 
0.124023 
0.0390625 
0.176758 
0.195313 
0.0400391 
0.131836 
0.135742 
0.155273 
0.197266 
0.147461 
0.0283203 
0.0859375 
0.0166016 
0.188477 
0.116211 
0.138672 
0.191406 
0.0664063 
0.166016 
0.182617 
0.0693359 
0.0439453 
0.192383 
0.00585938 
0.0625 
0.151367 
0.147461 
0.118164 
0.0634766 
0.194336 
0.161133 
0.185547 
0.0976563 
0.163086 
0.00292969 
0.173828 
0.144531 
0.0478516 
0.168945 
0.0800781 
0.142578 
0.165039 
0.00878906 
0.197266 
0.135742 
0.0390625 
0.197266 
0.164063 
0.204102 
0.182617 
0.0810547 
0.129883 
0.000976563 
0.118164 
0.171875 
0.132813 
0.171875 
0.180664 
0.126953 
0.163086 
0.0146484 
0.0771484 
0.03125 
0.0390625 
0.109375 
0.0556641 
0.0585938 
0.144531 
0.108398 
0.0761719 
0.152344 
0.167969 
0.0419922 
0.160156 
0.0146484 
0.114258 
0.0898438 
0.0878906 
0.0742188 
0.0576172 
0.12207 
0.0185547 
0.0585938 
0.0800781 
0.125977 
0.168945 
0.0888672 
0.119141 
0.170898 
0.118164 
0.0332031 
0.0478516 
0.0107422 
0.144531 
0.158203 
0.0302734 
0.0898438 
0.117188 
0.144531 
0.0537109 
0.101563 
0.15918 
0.0351563 
0.00195313 
0.102539 
0.183594 
0.0253906 
0.142578 
0.0976563 
0.0986328 
0.121094 
0.147461 
0.000976563 
0.172852 
0.115234 
0.104492 
0.0722656 
0.0605469 
0.0869141 
0.191406 
0.166016 
0.178711 
0.0732422 
0.145508 
0.0898438 
0.205078 
0.0488281 
0.111328 
0.104492 
0.00683594 
0.0185547 
0.0107422 
0.191406 
0.0722656 
0.0488281 
0.144531 
0.181641 
0.172852 
0.102539 
0.0146484 
0.0722656 
0.181641 
0.0136719 
0.0410156 
0.0322266 
0.172852 
0.0146484 
0.133789 
0.03125 
0.199219 
0.0146484 
0.0732422 
0.124023 
0.0761719 
0.130859 
0.0107422 
0.0576172 
0.135742 
0.145508 
0.135742 
0.00585938 
0.0595703 
0.00488281 
0.15332 
0.0634766 
0.138672 
0.19043 
0.138672 
0.0136719 
0.0458984 
0.0458984 
0.173828 
0.181641 
0.158203 
0.133789 
0.0703125 
0.0927734 
0.113281 
0.0439453 
0.181641 
0.202148 
0.128906 
0.123047 
0.0517578 
0.0605469 
0.166016 
0.133789 
0.0839844 
0.00195313 
0.197266 
0.148438 
0.0908203 
0.0732422 
0.0566406 
0.0410156 
0.0986328 
0.142578 
0.194336 
0.0419922 
0.0957031 
0.191406 
0.148438 
0.00878906 
0.0683594 
0.0126953 
0.197266 
0.0410156 
0.136719 
0.129883 
0.0498047 
0.115234 
0.0527344 
0.0214844 
0.192383 
0.106445 
0.106445 
0.0703125 
0.0751953 
0.179688 
0.0732422 
0.0996094 
0.0449219 
0.0644531 
0.100586 
0.101563 
0.0712891 
0.09375 
0.154297 
0.125 
0.0146484 
0.193359 
0.150391 
0.141602 
0.125977 
0.0761719 
0.185547 
0.138672 
0.148438 
0.161133 
0.0800781 
0.0664063 
0.0361328 
0.118164 
0.167969 
0.145508 
0.185547 
0.0654297 
0.172852 
0.117188 
0.179688 
0.197266 
0.154297 
0.176758 
0.201172 
0.00488281 
0.0292969 
0.0976563 
0.0175781 
0.188477 
0.137695 
0.09375 
0.154297 
0.0634766 
0.0146484 
0.158203 
0.183594 
0.0126953 
0.198242 
0.0185547 
0.117188 
0.125 
0.0517578 
0.0703125 
0.0751953 
0.0195313 
0.107422 
0.0917969 
0.0732422 
0.167969 
0.155273 
0.0712891 
0.0898438 
0.160156 
0.0419922 
0.0966797 
0.182617 
0.125 
0.104492 
0.0800781 
0.166992 
0.0380859 
0.0683594 
0.0888672 
0.165039 
0.0273438 
0.078125 
0.118164 
0.00390625 
0.125977 
0.148438 
0.00390625 
0.176758 
0.131836 
0.102539 
0.186523 
0.0566406 
0.00585938 
0.121094 
0.00878906 
0.0439453 
0.0908203 
0.12793 
0.125977 
0.0585938 
0.143555 
0.201172 
0.0332031 
0.0878906 
0.0253906 
0.0771484 
0.138672 
0.204102 
0.0957031 
0.0966797 
0.0732422 
0.174805 
0.193359 
0.15332 
0.0556641 
0.00878906 
0.112305 
0.0126953 
0.0957031 
0.0898438 
0.0498047 
0.00195313 
0.123047 
0.0322266 
0.0869141 
0.0371094 
0.180664 
0.182617 
0.00683594 
0.0214844 
0.0419922 
0.0185547 
0.0449219 
0.0966797 
0.0380859 
0.046875 
0.108398 
0.0234375 
0.1875 
0.138672 
0.201172 
0.131836 
0.0146484 
0.0810547 
0.0703125 
0.0917969 
0.109375 
0.119141 
0.046875 
0.0107422 
0.183594 
0.15918 
0.193359 
0.134766 
0.194336 
0.111328 
0.102539 
0.112305 
0.0712891 
0.12207 
0.0683594 
0.157227 
0.0458984 
0.0830078 
0.155273 
0.0742188 
0.0888672 
0.0917969 
0.12793 
0.121094 
0.111328 
0.0751953 
0.0791016 
0.150391 
0.163086 
0.0292969 
0.147461 
0.124023 
0.121094 
0.0751953 
0.168945 
0.137695 
0.174805 
0.144531 
0.0517578 
0.198242 
0.152344 
0.046875 
0.0830078 
0.0917969 
0.00683594 
0.0839844 
0.161133 
0.144531 
0.197266 
0.199219 
0.0722656 
0.144531 
0.107422 
0.18457 
0.0664063 
0.0214844 
0.107422 
0.0292969 
0.108398 
0.146484 
0.116211 
0.0830078 
0.0498047 
0.15332 
0.123047 
0.162109 
0.146484 
0.0332031 
0.161133 
0.0273438 
0.0800781 
0.0957031 
0.0830078 
0.0458984 
0.0302734 
0.150391 
0.104492 
0.0292969 
0.0253906 
0.125977 
0.181641 
0.137695 
0.0361328 
0.0927734 
0.0859375 
0.0644531 
0.15918 
0.112305 
0.0361328 
0.0703125 
0.0830078 
0.201172 
0.149414 
0.0634766 
0.201172 
0.03125 
0.0888672 
0.129883 
0.0117188 
0.0351563 
0.172852 
0.174805 
0.0986328 
0.046875 
0.0751953 
0.0996094 
0.0595703 
0.15625 
0.0830078 
0.0927734 
0.15625 
0.0244141 
0.0908203 
0.0214844 
0.0380859 
0.0976563 
0.0664063 
0.0332031 
0.0332031 
0.00292969 
0.186523 
0.00878906 
0.15918 
0.0175781 
0.0947266 
0.182617 
0.0351563 
0.100586 
0.00292969 
0.0625 
0.110352 
0.0410156 
0.111328 
0.0214844 
0.172852 
0.0566406 
0.0253906 
0.109375 
0.163086 
0.126953 
0.0986328 
0.147461 
0.165039 
0.18457 
0.182617 
0.113281 
0.0654297 
0.0175781 
0.0400391 
0.0859375 
0.0292969 
0.118164 
0.115234 
0.178711 
0.172852 
0.165039 
0.164063 
0.110352 
0.0800781 
0.178711 
0.015625 
0.15918 
0.125 
0.174805 
0.123047 
0.0478516 
0.110352 
0.00878906 
0.144531 
0.0869141 
0.0107422 
0.0253906 
0.0175781 
0.198242 
0.0839844 
0.00195313 
0.136719 
0.166016 
0.0908203 
0.0722656 
0.00292969 
0.106445 
0.0507813 
0.129883 
0.000976563 
0.152344 
0.105469 
0.150391 
0.112305 
0.198242 
0.102539 
0.0673828 
0.101563 
0 
0.0917969 
0.0947266 
0.138672 
0.158203 
0.0322266 
0.149414 
0.111328 
0.167969 
0.141602 
0.149414 
0.144531 
0.0371094 
0.0751953 
0.157227 
0.0605469 
0.0771484 
0.166992 
0.12793 
0.0585938 
0.106445 
0.123047 
0.0888672 
0.196289 
0.100586 
0.161133 
0.0566406 
0.136719 
0.152344 
0.119141 
0.170898 
0.185547 
0.189453 
0.0732422 
0.0478516 
0.0585938 
0.173828 
0.0322266 
0.0986328 
0.0166016 
0.158203 
0.0966797 
0.174805 
0.186523 
0.151367 
0.0761719 
0.132813 
0.114258 
0.160156 
0.0390625 
0.114258 
0.138672 
0.174805 
0.0634766 
0.0527344 
0.0791016 
0.171875 
0.163086 
0.00488281 
0.164063 
0.193359 
0.0419922 
0.0957031 
0.198242 
0.129883 
0.125977 
0.143555 
0.137695 
0.00390625 
0.0986328 
0.178711 
0.117188 
0.0664063 
0.0898438 
0.0703125 
0.00585938 
0.168945 
0.167969 
0.151367 
0.155273 
0.0292969 
0.0234375 
0.15332 
0.115234 
0.118164 
0.1875 
0.0839844 
0.0566406 
0.140625 
0.200195 
0.0751953 
0.09375 
0.0361328 
0.0625 
0.112305 
0.201172 
0.107422 
0.146484 
0.0957031 
0.0205078 
0.0361328 
0.124023 
0.12207 
0.179688 
0.0869141 
0.0488281 
0.169922 
0.0166016 
0.116211 
0.078125 
0.192383 
0.158203 
0.0751953 
0.148438 
0.174805 
0.179688 
0.152344 
0.109375 
0.0683594 
0.0742188 
0.145508 
0.165039 
0.15625 
0.146484 
0.188477 
0.117188 
0.160156 
0.186523 
0.0341797 
0.046875 
0.0791016 
0.125977 
0.132813 
0.175781 
0.130859 
0.0214844 
0.195313 
0.166992 
0.0117188 
0.119141 
0.100586 
0.15625 
0.0458984 
0.195313 
0.0625 
0.126953 
0.0488281 
0.157227 
0.0380859 
0.0253906 
0.143555 
0.113281 
0.179688 
0.121094 
0.0839844 
0.0498047 
0.188477 
0.178711 
0.198242 
0.0605469 
0.0791016 
0.0644531 
0.178711 
0.152344 
0.0361328 
0.149414 
0.0634766 
0.0302734 
0.121094 
0.147461 
0.148438 
0.196289 
0.0224609 
0.151367 
0.0537109 
0.0976563 
0.0927734 
0.0263672 
0.117188 
0.125977 
0.148438 
0.192383 
0.196289 
0.0214844 
0.133789 
0.0322266 
0.182617 
0.0683594 
0.0253906 
0.171875 
0.0654297 
0.0380859 
0.0585938 
0.0654297 
0 
0.0820313 
0.161133 
0.078125 
0.15332 
0.0957031 
0.140625 
0.148438 
0.0800781 
0.0126953 
0.0234375 
0.00585938 
0.180664 
0.139648 
0.0507813 
0.0224609 
0.00976563 
0.105469 
0.0107422 
0.0458984 
0.0625 
0.0625 
0.198242 
0.163086 
0.158203 
0.19043 
0.0654297 
0.158203 
0.00195313 
0.0605469 
0.120117 
0.0947266 
0.132813 
0.167969 
0.03125 
0.0869141 
0.0126953 
0.0966797 
0.186523 
0.176758 
0.195313 
0.161133 
0.0722656 
0.0527344 
0.0615234 
0.0859375 
0.03125 
0.0380859 
0.015625 
0.12207 
0.0878906 
0.149414 
0.188477 
0.152344 
0.136719 
0.0683594 
0.129883 
0.0986328 
0.0380859 
0.152344 
0.182617 
0.0175781 
0.0214844 
0.0810547 
0.0800781 
0.0234375 
0.0693359 
0.0742188 
0.0283203 
0.197266 
0.191406 
0.166016 
0.165039 
0.123047 
0.00878906 
0.0507813 
0.0654297 
0.0957031 
0.0966797 
0.0791016 
0.0732422 
0.0742188 
0.102539 
0.185547 
0.109375 
0.0537109 
0.15918 
0.15625 
0.181641 
0.117188 
0.0722656 
0 
0.0869141 
0.15625 
0.149414 
0.121094 
0.119141 
0.129883 
0.0625 
0.0537109 
0.0351563 
0.137695 
0.111328 
0.0419922 
0.167969 
0.121094 
0.0849609 
0.205078 
0.105469 
0.0117188 
0.00878906 
0.1875 
0.124023 
0.119141 
0.0322266 
0.0263672 
0.169922 
0.0986328 
0.0478516 
0.0380859 
0.0957031 
0.000976563 
0.0175781 
0 
0.0703125 
0.113281 
0.197266 
0.204102 
0.107422 
0.167969 
0.118164 
0.149414 
0.0732422 
0.0556641 
0.0214844 
0.144531 
0.00683594 
0.15332 
0.0888672 
0.104492 
0.158203 
0.131836 
0.116211 
0.0791016 
0.0488281 
0.166016 
0.0078125 
0.166016 
0.205078 
0.109375 
0.135742 
0.078125 
0.00292969 
0.0146484 
0.113281 
0.110352 
0.0322266 
0.121094 
0.112305 
0.151367 
0.0839844 
0.161133 
0.107422 
0.182617 
0.121094 
0.0234375 
0.0810547 
0.0986328 
0.118164 
0.0136719 
0.163086 
0.0283203 
0.0224609 
0.0322266 
0.113281 
0.0380859 
0.0869141 
0.166992 
0.00878906 
0.0859375 
0.00488281 
0.015625 
0.110352 
0.0664063 
0.0185547 
0.0898438 
0.160156 
0.0761719 
0.0771484 
0.137695 
0.0439453 
0.0878906 
0.0742188 
0.0947266 
0.0537109 
0.126953 
0.0351563 
0.0146484 
0.110352 
0.0263672 
0.103516 
0.118164 
0.0234375 
0.0800781 
0.0253906 
0.0400391 
0.0791016 
0.116211 
0.104492 
0.0585938 
0.0742188 
0.123047 
0.152344 
0.192383 
0.103516 
0.0361328 
0.0625 
0.0185547 
0.0664063 
0.0507813 
0.0947266 
0.0761719 
0.0791016 
0.0556641 
0.0947266 
0.102539 
0.0791016 
0.0185547 
0.0566406 
0.166992 
0.108398 
0.158203 
0.163086 
0.0976563 
0.015625 
0.0693359 
0.141602 
0.170898 
0.0244141 
0.0664063 
0.0839844 
0.0986328 
0.183594 
0.137695 
0.191406 
0.15918 
0.119141 
0.109375 
0.0957031 
0.157227 
0.0351563 
0.0615234 
0.195313 
0.0371094 
0.170898 
0.0439453 
0.105469 
0.173828 
0.0146484 
0.117188 
0.0859375 
0.00292969 
0.133789 
0.165039 
0.0849609 
0.0205078 
0.0654297 
0.0869141 
0.00878906 
0.168945 
0.152344 
0.123047 
0.0859375 
0.171875 
0.0234375 
0.200195 
0.174805 
0.102539 
0.0810547 
0.0634766 
0.0566406 
0.0878906 
0.188477 
0.164063 
0.130859 
0.145508 
0.129883 
0.0644531 
0.157227 
0.0830078 
0.148438 
0.110352 
0.131836 
0.0166016 
0.105469 
0.175781 
0.172852 
0.0703125 
0.115234 
0.104492 
0.0341797 
0.102539 
0.0654297 
0.203125 
0.117188 
0.0634766 
0.0966797 
0.135742 
0.0742188 
0.144531 
0.174805 
0.135742 
0.0273438 
0.0751953 
0.00292969 
0.0136719 
0.0947266 
0.0683594 
0.00683594 
0.125977 
0.0302734 
0.148438 
0.00683594 
0.169922 
0.0488281 
0.0722656 
0.172852 
0.0585938 
0.100586 
0.109375 
0.0771484 
0.0703125 
0.0712891 
0.00683594 
0.00390625 
0.0654297 
0.0546875 
0.0654297 
0.00976563 
0.141602 
0.120117 
0.0634766 
0.0820313 
0.204102 
0.0654297 
0.137695 
0.0478516 
0.0126953 
0.0126953 
0.0605469 
0.112305 
0.0078125 
0.0566406 
0.078125 
0.0517578 
0.114258 
0.0449219 
0.0302734 
0.119141 
0.132813 
0.140625 
0.0195313 
0.181641 
0.128906 
0.0791016 
0.0605469 
0.0351563 
0.0390625 
0.0654297 
0.186523 
0.0556641 
0.115234 
0.158203 
0.168945 
0.125 
0.0927734 
0.0595703 
0.117188 
0.0566406 
0.0488281 
0.0371094 
0.115234 
0.142578 
0.0908203 
0.0400391 
0.0126953 
0.199219 
0.19043 
0.0966797 
0.15332 
0.107422 
0.175781 
0.0996094 
0.135742 
0.0419922 
0.0351563 
0.144531 
0.167969 
0.0947266 
0.015625 
0.0595703 
0.0927734 
0.0576172 
0.121094 
0.0947266 
0.0957031 
0.0556641 
0.0634766 
0.157227 
0.1875 
0.168945 
0.000976563 
0.132813 
0.129883 
0.0800781 
0.205078 
0.0556641 
0.168945 
0.0654297 
0.200195 
0.132813 
0.149414 
0.171875 
0.136719 
0.0507813 
0.0986328 
0.0566406 
0.0517578 
0.161133 
0.155273 
0.19043 
0.0869141 
0.150391 
0.135742 
0.120117 
0.173828 
0.161133 
0.0537109 
0.0546875 
0.0556641 
0.12207 
0.0107422 
0.109375 
0.180664 
0.119141 
0.0615234 
0.0556641 
0.197266 
0.0585938 
0.102539 
0.198242 
0.178711 
0.169922 
0.0878906 
0.136719 
0.115234 
0.15332 
0.136719 
0.131836 
0.125977 
0.145508 
0.180664 
0.00195313 
0.148438 
0.0078125 
0.0283203 
0.200195 
0.1875 
0.0400391 
0.113281 
0.0849609 
0.0126953 
0.0410156 
0.03125 
0.0507813 
0.143555 
0.0517578 
0.0214844 
0.177734 
0.113281 
0.178711 
0.0292969 
0.161133 
0.168945 
0.00390625 
0.165039 
0.202148 
0.12793 
0.0224609 
0.0390625 
0.155273 
0.0673828 
0.0390625 
0.116211 
0.152344 
0.191406 
0.0390625 
0.0371094 
0.200195 
0.0986328 
0.0244141 
0.0214844 
0.186523 
0.103516 
0.199219 
0.0615234 
0.078125 
0.124023 
0.0517578 
0.197266 
0.198242 
0.113281 
0.00292969 
0.000976563 
0.0927734 
0.178711 
0.0371094 
0.181641 
0.0449219 
0.0927734 
0.0576172 
0.0595703 
0.0947266 
0.00878906 
0.191406 
0.046875 
0.120117 
0.106445 
0.164063 
0.0537109 
0.00976563 
0.117188 
0.0996094 
0.0546875 
0.0947266 
0.121094 
0.115234 
0.0810547 
0.109375 
0.00585938 
0.134766 
0.0615234 
0.0302734 
0.0292969 
0.0205078 
0.105469 
0.0742188 
0.0595703 
0.0341797 
0.158203 
0.1875 
0.0078125 
0.1875 
0.0683594 
0.0126953 
0.0976563 
0.0458984 
0.0556641 
0.196289 
0.167969 
0.0527344 
0.0292969 
0.0273438 
0.152344 
0.198242 
0.203125 
0.0898438 
0.0449219 
0.200195 
0.0664063 
0.163086 
0.126953 
0.133789 
0.0722656 
0.0732422 
0.0234375 
0.154297 
0.103516 
0.0595703 
0.163086 
0.154297 
0.12207 
0.0439453 
0.0234375 
0.108398 
0.0371094 
0.166992 
0.205078 
0.0585938 
0.134766 
0.0410156 
0.0556641 
0.130859 
0.147461 
0.103516 
0.0175781 
0.194336 
0.0859375 
0.0390625 
0.132813 
0.205078 
0.0556641 
0.0439453 
0.0283203 
0.145508 
0.0859375 
0.103516 
0.0283203 
0.142578 
0.0654297 
0.166992 
0.143555 
0.194336 
0.105469 
0.0185547 
0.120117 
0.0332031 
0.0117188 
0.000976563 
0.135742 
0.0966797 
0.188477 
0.0175781 
0.108398 
0.0214844 
0.137695 
0.0605469 
0.166992 
0.0185547 
0.0117188 
0.201172 
0.0322266 
0.134766 
0.0166016 
0.108398 
0.119141 
0.179688 
0.00683594 
0.0732422 
0.149414 
0.0302734 
0.135742 
0.0419922 
0.0341797 
0.0615234 
0.196289 
0.0957031 
0.0224609 
0.108398 
0.125977 
0.0390625 
0.0839844 
0.0166016 
0.0595703 
0.0810547 
0.0576172 
0.0244141 
0.0556641 
0.0146484 
0.130859 
0.0976563 
0.0585938 
0.0703125 
0.167969 
0.0117188 
0.114258 
0.195313 
0.00683594 
0.1875 
0.193359 
0.0703125 
0.149414 
0.0263672 
0.179688 
0.135742 
0.0429688 
0.178711 
0.0292969 
0.170898 
0.0957031 
0.0703125 
0.194336 
0.0966797 
0.00292969 
0.129883 
0.0654297 
0.176758 
0.00878906 
0.0693359 
0.115234 
0.0195313 
0.142578 
0.196289 
0.148438 
0.0742188 
0.142578 
0.177734 
0.12793 
0.0322266 
0.133789 
0.108398 
0.180664 
0.000976563 
0.0673828 
0.126953 
0.0996094 
0.201172 
0.134766 
0.12207 
0.161133 
0.0869141 
0.149414 
0.12793 
0.0908203 
0.146484 
0.146484 
0.180664 
0.128906 
0.0302734 
0.114258 
0.131836 
0.0546875 
0.0546875 
0.0458984 
0.15918 
0.175781 
0.141602 
0.0605469 
0.0839844 
0.180664 
0.0839844 
0.147461 
0.182617 
0.0527344 
0.0351563 
0.177734 
0.15332 
0.0595703 
0.124023 
0.0605469 
0.09375 
0.0537109 
0.183594 
0.0820313 
0.0458984 
0.101563 
0.0996094 
0.0878906 
0.0302734 
0.185547 
0.175781 
0.00488281 
0.19043 
0.198242 
0.192383 
0.0351563 
0.00976563 
0.0585938 
0.0830078 
0.0185547 
0.185547 
0 
0.116211 
0.19043 
0.0263672 
0.0205078 
0.104492 
0.124023 
0.0927734 
0.196289 
0.186523 
0.0361328 
0.152344 
0.176758 
0.00195313 
0.154297 
0.102539 
0.0322266 
0.0703125 
0.0517578 
0.0576172 
0.144531 
0.0214844 
0.0585938 
0.0175781 
0.19043 
0.197266 
0.0107422 
0.178711 
0.0800781 
0.164063 
0.0927734 
0.0683594 
0.200195 
0.148438 
0.0576172 
0.0917969 
0.146484 
0.110352 
0.107422 
0.0263672 
0.09375 
0.169922 
0.155273 
0.0898438 
0.185547 
0.182617 
0.0498047 
0.00488281 
0.0429688 
0.0664063 
0.0371094 
0.173828 
0.0361328 
0.100586 
0.154297 
0.183594 
0.113281 
0.03125 
0.154297 
0.00195313 
0.137695 
0.0615234 
0.147461 
0.0439453 
0.144531 
0.188477 
0.0683594 
0.131836 
0.00390625 
0.0537109 
0.172852 
0.0214844 
0.0839844 
0.0292969 
0.203125 
0.178711 
0.176758 
0.181641 
0.0126953 
0.078125 
0.18457 
0.0400391 
0.173828 
0.166992 
0.0283203 
0.142578 
0.125 
0.0771484 
0.141602 
0.194336 
0.0185547 
0.199219 
0.0292969 
0.0947266 
0.148438 
0.135742 
0.198242 
0.0478516 
0.185547 
0.0947266 
0.0791016 
0.125977 
0.138672 
0.0751953 
0.170898 
0.113281 
0.0527344 
0.0234375 
0.15918 
0.15918 
0.143555 
0.137695 
0.0908203 
0.0498047 
0.0146484 
0 
0.100586 
0.0849609 
0.0605469 
0.150391 
0.124023 
0.182617 
0.149414 
0.0527344 
0.167969 
0.0878906 
0.114258 
0.0742188 
0.0791016 
0.179688 
0.148438 
0.0976563 
0.015625 
0.0234375 
0.0634766 
0.120117 
0.182617 
0.0332031 
0.0878906 
0.0195313 
0.174805 
0.0810547 
0.0849609 
0.152344 
0.138672 
0.0429688 
0.00292969 
0.175781 
0.00878906 
0.165039 
0.0214844 
0.0302734 
0.113281 
0.140625 
0.09375 
0.113281 
0.124023 
0.0566406 
0.0654297 
0 
0.046875 
0.131836 
0.123047 
0.0693359 
0.0302734 
0.19043 
0.0917969 
0.177734 
0.0546875 
0.149414 
0.118164 
0.151367 
0.126953 
0.178711 
0.0634766 
0.112305 
0.155273 
0.0595703 
0.176758 
0.0839844 
0.182617 
0.203125 
0.177734 
0.0253906 
0.0498047 
0.0263672 
0.0566406 
0.0537109 
0.0927734 
0.132813 
0.180664 
0.0458984 
0.149414 
0.149414 
0.111328 
0.102539 
0.125 
0.107422 
0.15332 
0.0693359 
0.0830078 
0.108398 
0.181641 
0.174805 
0.0556641 
0.125 
0.200195 
0.0361328 
0.0625 
0.0126953 
0.176758 
0.0595703 
0.0507813 
0.0839844 
0.0927734 
0.0771484 
0.0429688 
0.000976563 
0.0595703 
0.182617 
0.0683594 
0.175781 
0.19043 
0.172852 
0.157227 
0.171875 
0.000976563 
0.191406 
0.0400391 
0.0527344 
0.110352 
0.203125 
0.0732422 
0.0712891 
0.0644531 
0.0273438 
0.139648 
0.0722656 
0.0244141 
0.0351563 
0.115234 
0.134766 
0.110352 
0.0869141 
0.163086 
0.106445 
0.133789 
0.134766 
0.0322266 
0.170898 
0.0722656 
0.155273 
0.100586 
0.103516 
0.116211 
0.161133 
0.154297 
0.203125 
0.09375 
0.179688 
0.0830078 
0.0351563 
0.0410156 
0.193359 
0.145508 
0.0986328 
0.046875 
0.106445 
0.0996094 
0.104492 
0.0244141 
0.139648 
0.135742 
0.0341797 
0.193359 
0.0439453 
0.0185547 
0.194336 
0.151367 
0.0283203 
0.148438 
0.0849609 
0.126953 
0.182617 
0.046875 
0.191406 
0.198242 
0.140625 
0.199219 
0.0585938 
0.0302734 
0.165039 
0.0976563 
0.137695 
0.189453 
0.139648 
0.178711 
0.188477 
0.104492 
0.00976563 
0.0478516 
0.12207 
0.116211 
0.161133 
0.18457 
0.188477 
0.143555 
0.110352 
0.0878906 
0.0185547 
0.111328 
0.0253906 
0.191406 
0.117188 
0.0361328 
0.0400391 
0.15332 
0.183594 
0.168945 
0.194336 
0.138672 
0.105469 
0.078125 
0.104492 
0.0527344 
0.130859 
0.137695 
0.00878906 
0.00683594 
0.104492 
0.185547 
0.12793 
0.100586 
0.0439453 
0.0302734 
0.0371094 
0.0166016 
0.0664063 
0.204102 
0.12793 
0.0859375 
0.158203 
0.198242 
0.0693359 
0.0732422 
0.0078125 
0.0898438 
0.129883 
0.139648 
0.186523 
0.00683594 
0.0419922 
0.186523 
0.107422 
0.0332031 
0.179688 
0.00683594 
0.175781 
0.19043 
0.0361328 
0.0146484 
0.1875 
0.0634766 
0.108398 
0.0302734 
0.0830078 
0.120117 
0.103516 
0.18457 
0.178711 
0.0869141 
0.171875 
0.0742188 
0.00292969 
0.0742188 
0.103516 
0.192383 
0.0986328 
0.173828 
0.0810547 
0.0634766 
0.123047 
0.0507813 
0.00878906 
0.203125 
0.132813 
0.180664 
0.125977 
0.132813 
0.110352 
0.105469 
0.0244141 
0.120117 
0.0820313 
0.0722656 
0.0576172 
0.191406 
0.129883 
0.138672 
0.0800781 
0.00878906 
0.182617 
0.0419922 
0.0820313 
0.0371094 
0.129883 
0.194336 
0.128906 
0.0556641 
0.0957031 
0.154297 
0.0146484 
0.180664 
0.0986328 
0.180664 
0.100586 
0.138672 
0.0898438 
0.167969 
0.0429688 
0.180664 
0.0703125 
0.00488281 
0.176758 
0.130859 
0.0117188 
0.183594 
0.0566406 
0.0966797 
0.0371094 
0.197266 
0.0185547 
0.132813 
0.203125 
0.115234 
0.112305 
0.193359 
0.135742 
0.0683594 
0.0605469 
0.171875 
0.129883 
0.0839844 
0.0673828 
0.0908203 
0.131836 
0.198242 
0.0351563 
0.144531 
0.0957031 
0.170898 
0.0078125 
0.146484 
0.115234 
0.0419922 
0.0429688 
0.150391 
0.0449219 
0.100586 
0.118164 
0.0742188 
0.120117 
0.0283203 
0.108398 
0.131836 
0.00195313 
0.181641 
0.15625 
0.0703125 
0.182617 
0.0380859 
0.138672 
0.176758 
0.0214844 
0.0693359 
0.0517578 
0.000976563 
0.102539 
0.199219 
0.0449219 
0.121094 
0.197266 
0.0322266 
0.152344 
0.201172 
0.0634766 
0.0302734 
0.125977 
0.0507813 
0.108398 
0.0957031 
0.046875 
0.120117 
0.0703125 
0.104492 
0.0146484 
0.0693359 
0.202148 
0.138672 
0.0751953 
0.136719 
0.183594 
0.0986328 
0.176758 
0.0400391 
0.113281 
0.0322266 
0.0947266 
0.141602 
0.0722656 
0.134766 
0.00878906 
0.0546875 
0.140625 
0.145508 
0.114258 
0.0527344 
0.172852 
0.0615234 
0.0732422 
0.0537109 
0.142578 
0.0322266 
0.0585938 
0.204102 
0.000976563 
0.0371094 
0.00488281 
0.0585938 
0.0429688 
0.0439453 
0.118164 
0.104492 
0.157227 
0.15332 
0.160156 
0.197266 
0.148438 
0.105469 
0.0449219 
0.0927734 
0.0332031 
0.12207 
0.100586 
0.109375 
0.171875 
0.116211 
0.0146484 
0.168945 
0.0869141 
0.0234375 
0.015625 
0.0986328 
0.00585938 
0.195313 
0.0263672 
0.00195313 
0.157227 
0.0654297 
0.0273438 
0.175781 
0.0585938 
0.0527344 
0.0263672 
0.164063 
0.134766 
0.0634766 
0.0761719 
0.0664063 
0.0146484 
0.115234 
0.0361328 
0.0644531 
0.103516 
0.100586 
0.113281 
0.0556641 
0.0712891 
0.109375 
0.178711 
0.0439453 
0.185547 
0.197266 
0.0703125 
0.165039 
0.18457 
0.106445 
0.0683594 
0.145508 
0.138672 
0.130859 
0.0429688 
0.139648 
0.186523 
0.0898438 
0.0859375 
0.165039 
0.178711 
0.183594 
0.0146484 
0.165039 
0.102539 
0.0927734 
0.15332 
0.129883 
0.161133 
0.19043 
0.0771484 
0.139648 
0.0458984 
0.100586 
0.111328 
0.109375 
0.178711 
0.00195313 
0.191406 
0.171875 
0.138672 
0.0117188 
0.100586 
0.109375 
0.19043 
0.191406 
0.0634766 
0.108398 
0.169922 
0.201172 
0.0634766 
0.0664063 
0.110352 
0.0195313 
0.141602 
0.0644531 
0.141602 
0.0644531 
0.155273 
0.175781 
0.00488281 
0.0410156 
0.0507813 
0.0419922 
0.169922 
0.155273 
0.164063 
0.186523 
0.0439453 
0.0195313 
0.03125 
0.161133 
0.0205078 
0.0771484 
0.0830078 
0.125 
0.0332031 
0.102539 
0.00585938 
0.174805 
0.117188 
0.175781 
0.0917969 
0.0878906 
0.0664063 
0.174805 
0.09375 
0.125 
0.0673828 
0.196289 
0.0351563 
0.19043 
0.170898 
0.154297 
0.0126953 
0.115234 
0.0419922 
0.130859 
0.193359 
0.0888672 
0.132813 
0.0195313 
0.0673828 
0.152344 
0.188477 
0.00195313 
0.0732422 
0.0615234 
0.0546875 
0.0644531 
0.00390625 
0.120117 
0.131836 
0.0146484 
0.198242 
0.0751953 
0.124023 
0.0712891 
0.0830078 
0.179688 
0.123047 
0.0458984 
0.171875 
0.0224609 
0.0654297 
0.0371094 
0.0351563 
0.00683594 
0.0117188 
0.0625 
0.0908203 
0.0205078 
0.015625 
0.124023 
0.196289 
0.00878906 
0.0966797 
0.109375 
0.195313 
0.0292969 
0.0195313 
0.0244141 
0.195313 
0.131836 
0.0507813 
0.137695 
0.138672 
0.109375 
0.106445 
0.191406 
0.0664063 
0.0615234 
0.145508 
0.00878906 
0.0214844 
0.0498047 
0.139648 
0.19043 
0.140625 
0.195313 
0.0078125 
0.115234 
0.0146484 
0.0634766 
0.113281 
0.00585938 
0.0556641 
0.131836 
0.0976563 
0.140625 
0.200195 
0.0771484 
0.165039 
0.0439453 
0.0898438 
0.0595703 
0.150391 
0.0732422 
0.0722656 
0.177734 
0.0849609 
0.126953 
0.154297 
0.191406 
0.171875 
0.0419922 
0.102539 
0.0761719 
0.0498047 
0.193359 
0.0683594 
0.150391 
0.0205078 
0.160156 
0.0605469 
0.196289 
0.0927734 
0.0507813 
0.195313 
0.0117188 
0.0517578 
0.0224609 
0.0185547 
0.0888672 
0.128906 
0.0478516 
0.0654297 
0.00683594 
0.0888672 
0.175781 
0.0703125 
0.125 
0.109375 
0.0117188 
0.0527344 
0.175781 
0.0263672 
0.172852 
0.118164 
0.12793 
0.0634766 
0.137695 
0.0605469 
0.146484 
0.188477 
0.09375 
0.129883 
0.165039 
0.0810547 
0.19043 
0.102539 
0.123047 
0.121094 
0.0380859 
0.123047 
0.000976563 
0.148438 
0.166992 
0.141602 
0.123047 
0.0800781 
0.0117188 
0.0478516 
0.182617 
0.111328 
0.0449219 
0.0839844 
0.161133 
0.18457 
0.0976563 
0.0908203 
0.176758 
0.164063 
0.123047 
0.0507813 
0.00585938 
0.0986328 
0.00292969 
0.105469 
0.000976563 
0.0566406 
0.107422 
0.182617 
0.0664063 
0.0117188 
0.119141 
0.0429688 
0.173828 
0.172852 
0.175781 
0.186523 
0.113281 
0.182617 
0.195313 
0.124023 
0.0712891 
0.0234375 
0.0439453 
0.0654297 
0.0976563 
0.151367 
0.197266 
0.078125 
0.0556641 
0.0498047 
0.107422 
0.0800781 
0.0380859 
0.129883 
0.0263672 
0.170898 
0.134766 
0.0273438 
0.0947266 
0.140625 
0.113281 
0.0986328 
0.125977 
0.0332031 
0.161133 
0.00585938 
0.0234375 
0.185547 
0.198242 
0.0810547 
0.0673828 
0.152344 
0.111328 
0.174805 
0.201172 
0.0400391 
0.0107422 
0.138672 
0 
0.171875 
0.173828 
0.0703125 
0.188477 
0.0791016 
0.0976563 
0.125977 
0.0986328 
0.0341797 
0.134766 
0.00976563 
0.203125 
0.00683594 
0.00195313 
0.107422 
0.0839844 
0.0195313 
0.131836 
0.146484 
0.170898 
0.194336 
0.161133 
0.102539 
0.0498047 
0.125 
0.103516 
0.0976563 
0.0751953 
0.0439453 
0.0986328 
0 
0.0654297 
0.0771484 
0.145508 
0.0800781 
0.0234375 
0.108398 
0.0341797 
0.193359 
0.192383 
0.15332 
0.0791016 
0.135742 
0.0791016 
0.134766 
0.148438 
0.0976563 
0.194336 
0.182617 
0.0175781 
0.150391 
0.111328 
0.0566406 
0.0214844 
0.118164 
0.193359 
0.103516 
0.154297 
0.197266 
0.0322266 
0.0507813 
0.0800781 
0.0429688 
0.0507813 
0.0253906 
0.0625 
0.09375 
0.166016 
0.0273438 
0.168945 
0.0732422 
0.0439453 
0.0820313 
0.182617 
0.0390625 
0.1875 
0.0478516 
0.0136719 
0.113281 
0.193359 
0.0380859 
0.0654297 
0.0458984 
0.182617 
0.178711 
0.0585938 
0.128906 
0.192383 
0.0898438 
0.154297 
0.0498047 
0.0478516 
0.160156 
0.177734 
0.123047 
0.0146484 
0.143555 
0.0830078 
0.124023 
0.108398 
0.161133 
0.126953 
0.19043 
0.202148 
0.0527344 
0.00976563 
0.125977 
0.176758 
0.12793 
0.103516 
0.195313 
0.18457 
0.138672 
0.0244141 
0.106445 
0.197266 
0.123047 
0.0136719 
0.101563 
0.0488281 
0.0976563 
0.136719 
0.0849609 
0.0478516 
0.0410156 
0.0761719 
0.0322266 
0.15332 
0.140625 
0.0908203 
0.144531 
0.0449219 
0.125 
0.0332031 
0.203125 
0.108398 
0.175781 
0.155273 
0.176758 
0.109375 
0.0449219 
0.126953 
0.169922 
0.0341797 
0.0585938 
0.141602 
0.0507813 
0.202148 
0.201172 
0.0732422 
0.161133 
0.0839844 
0.174805 
0.185547 
0.174805 
0.000976563 
0.161133 
0.162109 
0.189453 
0.0947266 
0 
0.078125 
0.0761719 
0.137695 
0.0498047 
0.0273438 
0.0634766 
0.0195313 
0.0195313 
0.0595703 
0.196289 
0.0205078 
0.129883 
0.116211 
0.168945 
0.123047 
0.0078125 
0.12793 
0.108398 
0.0185547 
0.18457 
0.0458984 
0.0126953 
0.0283203 
0.0146484 
0.0537109 
0.191406 
0.166992 
0.129883 
0.0351563 
0.00390625 
0.0703125 
0.125 
0.189453 
0.0947266 
0.119141 
0.123047 
0.0712891 
0.142578 
0.169922 
0.0380859 
0.112305 
0.00292969 
0.00488281 
0.0820313 
0.00683594 
0.0507813 
0.0976563 
0.182617 
0.078125 
0.164063 
0.00976563 
0.182617 
0.202148 
0.0771484 
0.169922 
0.175781 
0.0253906 
0.0146484 
0.169922 
0.133789 
0.0878906 
0.0126953 
0.0576172 
0.03125 
0.0654297 
0.176758 
0.0361328 
0.199219 
0.0966797 
0.0625 
0.0517578 
0 
0.109375 
0.195313 
0.15332 
0.19043 
0.0625 
0.128906 
0.192383 
0.141602 
0.0947266 
0.174805 
0.115234 
0.170898 
0.0869141 
0.0410156 
0.0810547 
0.015625 
0.175781 
0.148438 
0.00390625 
0.15332 
0.148438 
0.139648 
0.117188 
0.160156 
0.185547 
0.0390625 
0.0869141 
0.0732422 
0.0546875 
0.0576172 
0.103516 
0.0146484 
0.0507813 
0.00878906 
0.0576172 
0.128906 
0.15625 
0.162109 
0.191406 
0.0136719 
0.121094 
0.12207 
0.0761719 
0.195313 
0.0283203 
0.0859375 
0.0078125 
0.188477 
0.00195313 
0.182617 
0.162109 
0.166016 
0.0830078 
0.137695 
0.0205078 
0.196289 
0.0761719 
0.200195 
0.0332031 
0.146484 
0.09375 
0.0859375 
0.144531 
0.140625 
0.0507813 
0.150391 
0.125977 
0.146484 
0.203125 
0.0419922 
0.0361328 
0.0253906 
0.100586 
0.0986328 
0.161133 
0.164063 
0.0283203 
0.134766 
0.103516 
0.0234375 
0.0839844 
0.00488281 
0.137695 
0.0917969 
0.197266 
0.0136719 
0.155273 
0.0761719 
0.0722656 
0.0625 
0.0625 
0.0439453 
0.146484 
0.0185547 
0.116211 
0.0224609 
0.0595703 
0.149414 
0.0126953 
0.0927734 
0.123047 
0.0800781 
0.0351563 
0.0380859 
0.166992 
0.0830078 
0.0595703 
0.205078 
0.175781 
0.197266 
0.192383 
0.188477 
0.0800781 
0.150391 
0.188477 
0.128906 
0.133789 
0.161133 
0.18457 
0.168945 
0.0478516 
0.105469 
0.161133 
0.197266 
0.0429688 
0.0810547 
0.188477 
0.0224609 
0.0332031 
0.176758 
0.0908203 
0.0126953 
0.0126953 
0.0849609 
0.0732422 
0.167969 
0.100586 
0.103516 
0.0683594 
0.155273 
0.0878906 
0.144531 
0.0859375 
0.128906 
0.0361328 
0.175781 
0.193359 
0.0810547 
0.129883 
0.0625 
0.204102 
0.118164 
0.0175781 
0.000976563 
0.152344 
0.0136719 
0.0527344 
0.145508 
0.103516 
0.115234 
0.0117188 
0.00585938 
0.0869141 
0.0859375 
0.0410156 
0.15332 
0.200195 
0.0380859 
0.137695 
0.142578 
0.0976563 
0.0175781 
0.12207 
0.0644531 
0.015625 
0.0126953 
0.0244141 
0.114258 
0.150391 
0.0556641 
0.188477 
0.165039 
0.0449219 
0.0693359 
0.0654297 
0.0839844 
0.0878906 
0.138672 
0.0175781 
0.15332 
0.0292969 
0.0878906 
0.0566406 
0.167969 
0.12793 
0.0126953 
0.0390625 
0.0458984 
0.145508 
0.185547 
0.0771484 
0.0654297 
0.015625 
0.185547 
0.0839844 
0.0234375 
0.155273 
0.163086 
0.151367 
0.157227 
0.0400391 
0.175781 
0.0283203 
0.0615234 
0.102539 
0.046875 
0.120117 
0.175781 
0.142578 
0.126953 
0.15918 
0.152344 
0.181641 
0.0654297 
0.0263672 
0.0107422 
0.0742188 
0.0214844 
0.0322266 
0.161133 
0.0556641 
0.0078125 
0.0966797 
0.0429688 
0.103516 
0.0126953 
0.0595703 
0.0927734 
0.0146484 
0.188477 
0.0419922 
0.0410156 
0.0449219 
0.0595703 
0.171875 
0.108398 
0.113281 
0.147461 
0.133789 
0.0166016 
0.0185547 
0.18457 
0.199219 
0.0537109 
0.0527344 
0.140625 
0.0976563 
0.0849609 
0.0224609 
0.0898438 
0.19043 
0.0849609 
0.0908203 
0.0654297 
0.103516 
0.0673828 
0.146484 
0.197266 
0.130859 
0.00976563 
0.0703125 
0.0449219 
0.109375 
0.113281 
0.0449219 
0.0791016 
0.0390625 
0.0878906 
0.172852 
0.175781 
0.09375 
0.00878906 
0.177734 
0.0966797 
0.15625 
0.0507813 
0.0634766 
0.155273 
0.0214844 
0.137695 
0.148438 
0.124023 
0.105469 
0.154297 
0.0634766 
0.103516 
0.0888672 
0.141602 
0.00585938 
0.0556641 
0.126953 
0.0722656 
0.138672 
0.0273438 
0.124023 
0.201172 
0.125977 
0.0898438 
0.201172 
0.173828 
0.0527344 
0.132813 
0.0693359 
0.141602 
0.121094 
0.0253906 
0.00488281 
0.142578 
0.183594 
0.0664063 
0.185547 
0.000976563 
0.151367 
0.172852 
0.19043 
0.0400391 
0.0654297 
0.143555 
0.0273438 
0.0947266 
0.0830078 
0.0400391 
0.0214844 
0.0458984 
0.128906 
0.0683594 
0.193359 
0.145508 
0.185547 
0.117188 
0.0605469 
0.203125 
0.192383 
0.140625 
0.0546875 
0.183594 
0.0498047 
0.133789 
0.0693359 
0.0234375 
0.0195313 
0.0224609 
0.0683594 
0.0537109 
0.12793 
0.201172 
0.0615234 
0.166016 
0.121094 
0.138672 
0.112305 
0.105469 
0.203125 
0.0146484 
0.0078125 
0.0576172 
0.163086 
0.0722656 
0.150391 
0.180664 
0.0683594 
0.174805 
0.0507813 
0.0576172 
0.0488281 
0.157227 
0.114258 
0.199219 
0.105469 
0.0244141 
0.15625 
0.117188 
0.0419922 
0.114258 
0.0205078 
0.131836 
0.167969 
0.175781 
0.131836 
0.15332 
0.09375 
0.0976563 
0.0605469 
0.0947266 
0.0185547 
0.00390625 
0.202148 
0.173828 
0.104492 
0.0175781 
0.0410156 
0.199219 
0.150391 
0.0419922 
0.0732422 
0.0898438 
0.0839844 
0.0517578 
0.126953 
0.0410156 
0.115234 
0.107422 
0.0751953 
0.00683594 
0.0976563 
0.167969 
0.103516 
0.166016 
0.140625 
0.161133 
0.195313 
0.166992 
0.0146484 
0.0712891 
0.0244141 
0.201172 
0.0361328 
0.161133 
0.0722656 
0.120117 
0.146484 
0.0332031 
0.185547 
0.147461 
0.201172 
0.164063 
0.0654297 
0.166016 
0.0263672 
0.112305 
0.144531 
0.15625 
0.158203 
0.0644531 
0.0996094 
0.132813 
0.129883 
0.106445 
0.0742188 
0.129883 
0.00390625 
0.0615234 
0.0429688 
0.0878906 
0.0947266 
0.177734 
0.0839844 
0.00292969 
0.00292969 
0.183594 
0.106445 
0.0224609 
0.177734 
0.126953 
0.0283203 
0.197266 
0.193359 
0.123047 
0.0498047 
0.164063 
0.0693359 
0.0849609 
0.138672 
0.101563 
0.0693359 
0.0429688 
0.131836 
0.180664 
0.0585938 
0.113281 
0.0839844 
0.0996094 
0.0625 
0.161133 
0.19043 
0.188477 
0.179688 
0.00878906 
0.000976563 
0.0800781 
0.183594 
0.128906 
0.115234 
0.105469 
0.0888672 
0.15332 
0.046875 
0.0917969 
0.0214844 
0.164063 
0.123047 
0.0439453 
0.12207 
0.171875 
0.0673828 
0.133789 
0.0927734 
0.195313 
0.0478516 
0.12207 
0.166016 
0.161133 
0.0234375 
0.102539 
0.147461 
0.0996094 
0.199219 
0.0214844 
0.165039 
0.140625 
0.141602 
0.128906 
0.167969 
0.158203 
0.166992 
0.107422 
0.146484 
0.0341797 
0.135742 
0.149414 
0.154297 
0.0273438 
0.0214844 
0.0732422 
0.151367 
0.103516 
0.0439453 
0.0507813 
0.182617 
0.0908203 
0.0185547 
0.204102 
0.110352 
0.192383 
0.157227 
0.199219 
0.0507813 
0.123047 
0.136719 
0.0654297 
0.140625 
0.0615234 
0.0585938 
0.161133 
0.0078125 
0.166992 
0.0673828 
0.177734 
0.0185547 
0.139648 
0.0654297 
0.0732422 
0.0878906 
0.0927734 
0.139648 
0.0322266 
0.192383 
0.0654297 
0.146484 
0.193359 
0 
0.177734 
0.102539 
0.0507813 
0.165039 
0.139648 
0.0761719 
0.117188 
0.196289 
0.124023 
0.00390625 
0.0302734 
0.147461 
0.177734 
0.194336 
0.175781 
0.100586 
0.125977 
0.0595703 
0.0429688 
0.146484 
0.193359 
0.03125 
0.0439453 
0.046875 
0.118164 
0.125 
0.174805 
0.204102 
0.145508 
0.182617 
0.0556641 
0.128906 
0.191406 
0.120117 
0.107422 
0.200195 
0.0585938 
0.202148 
0.161133 
0.140625 
0.015625 
0.188477 
0.0214844 
0.143555 
0.0546875 
0.0800781 
0.0224609 
0.0302734 
0.0986328 
0.195313 
0.0908203 
0.12207 
0.0205078 
0.000976563 
0.102539 
0.152344 
0.140625 
0.0927734 
0.108398 
0.0947266 
0.128906 
0.175781 
0.0117188 
0.00976563 
0.205078 
0.03125 
0.198242 
0.0410156 
0.0419922 
0.0966797 
0.199219 
0.0478516 
0.151367 
0.0175781 
0.119141 
0.177734 
0.124023 
0.200195 
0.0341797 
0.00292969 
0.166992 
0.194336 
0.125 
0.108398 
0.0410156 
0.0380859 
0.105469 
0.149414 
0.0849609 
0.160156 
0.171875 
0.0419922 
0.109375 
0.132813 
0.0683594 
0.0976563 
0.0371094 
0.112305 
0.157227 
0.178711 
0.0439453 
0.15625 
0.0732422 
0.00195313 
0.106445 
0.138672 
0.0537109 
0.0986328 
0.0849609 
0.0117188 
0.107422 
0.0273438 
0.106445 
0.164063 
0.15625 
0.0244141 
0.135742 
0.0322266 
0.0566406 
0.140625 
0.12207 
0.162109 
0.146484 
0.0078125 
0.0634766 
0.158203 
0.0126953 
0.12793 
0.0576172 
0.0126953 
0.205078 
0.118164 
0.0341797 
0.0126953 
0.115234 
0.0771484 
0.193359 
0.0380859 
0.128906 
0.00292969 
0.204102 
0.0302734 
0.154297 
0.147461 
0.0986328 
0.00195313 
0.0166016 
0.00292969 
0.126953 
0.0654297 
0.0742188 
0.175781 
0.105469 
0.107422 
0.198242 
0.0888672 
0.174805 
0.19043 
0.0146484 
0.0556641 
0.0351563 
0.110352 
0.123047 
0.0478516 
0.0751953 
0.0800781 
0.129883 
0.178711 
0.105469 
0.144531 
0.135742 
0.0253906 
0.015625 
0.168945 
0.00585938 
0.0703125 
0.0654297 
0.00195313 
0.196289 
0.114258 
0.169922 
0.107422 
0.0429688 
0.0322266 
0.0878906 
0.199219 
0.101563 
0.0253906 
0.0517578 
0.196289 
0.0253906 
0.160156 
0.131836 
0.113281 
0.0654297 
0.0449219 
0.0214844 
0.00195313 
0.111328 
0.172852 
0.0957031 
0.0615234 
0.140625 
0.116211 
0.126953 
0.166016 
0.0849609 
0.1875 
0.00292969 
0.126953 
0.151367 
0.170898 
0.0273438 
0.0693359 
0.142578 
0.203125 
0.0683594 
0 
0.116211 
0.0527344 
0.166016 
0.199219 
0.100586 
0 
0.0292969 
0.108398 
0.15918 
0.183594 
0.148438 
0.00390625 
0.0527344 
0.0527344 
0.138672 
0.108398 
0.185547 
0.0908203 
0.158203 
0.0234375 
0.140625 
0.188477 
0.0400391 
0.130859 
0.203125 
0.110352 
0.0185547 
0.109375 
0.135742 
0.0693359 
0.0566406 
0.0371094 
0.0449219 
0.0615234 
0.144531 
0.175781 
0.0820313 
0.0878906 
0.0966797 
0.0800781 
0.0566406 
