INFO: [SIM 2] *************** CSIM start ***************
INFO: [SIM 4] CSIM will launch GCC as the compiler.
   Compiling ../../../../myproject_test.cpp in debug mode
   Compiling ../../../../firmware/myproject.cpp in debug mode
   Generating csim.exe
.------------+------------+------------+------------+------------+------------+------------+------------+------------+
| Sample     | Epoch      | Batch size | grads[0]   | w[0]       | Loss       | Input[0]   | Pred[0]    | Grnd tr[0] |
+------------+------------+------------+------------+------------+------------+------------+------------+------------+
| 0000000000 | 0000000000 | 0000000004 |cache1 (preds): 0.213867
cache2 (ground): 0.490234
divergences: 0.276367
grad: -0.276367
cache1 (preds): 0.489258
cache2 (ground): 0
divergences: -0.489258
grad: 0.489258

---------------------------------
grads_in[0]=-0.276367
data_in[0]=0.979492
cache=-0.271484 for ii=0 jj=0
 -0.2714843 | 0.21875 |
---------------------------------
grads_in[1]=0.489258
data_in[0]=0.979492
cache=0.478516 for ii=0 jj=1
 0.20703125 | 0.46875 | 0.15820312 | 0.97949218 | 0.21386718 | 0.49002689 |
| 0000000001 | 0000000000 | 0000000004 |cache1 (preds): 0.929688
cache2 (ground): 2.125
divergences: 1.19531
grad: -1.19531
cache1 (preds): 1.99219
cache2 (ground): 0
divergences: -1.99219
grad: 1.99219

---------------------------------
grads_in[0]=-1.19531
data_in[0]=4.25
cache=-5.08008 for ii=0 jj=0
 -5.0800781 | 0.25 |
---------------------------------
grads_in[1]=1.99219
data_in[0]=4.25
cache=8.4668 for ii=0 jj=1
 3.38671875 | 0.375 | 2.69921875 | 4.25 | 0.9296875 | 2.12520480 |
| 0000000002 | 0000000000 | 0000000004 |cache1 (preds): 1.39648
cache2 (ground): 2.79297
divergences: 1.39648
grad: -1.39648
cache1 (preds): 2.09473
cache2 (ground): 0
divergences: -2.09473
grad: 2.09473

---------------------------------
grads_in[0]=-1.39648
data_in[0]=5.58594
cache=-7.80078 for ii=0 jj=0
 -7.8007812 | 0.3125 |
---------------------------------
grads_in[1]=2.09473
data_in[0]=5.58594
cache=11.7002 for ii=0 jj=1
 3.89941406 | 0.25 | 3.16894531 | 5.5859375 | 1.39648437 | 2.79307699 |
| 0000000003 | 0000000000 | 0000000004 |cache1 (preds): 0.373047
cache2 (ground): 0.597656
divergences: 0.224609
grad: -0.224609
cache1 (preds): 0.298828
cache2 (ground): 0
divergences: -0.298828
grad: 0.298828

---------------------------------
grads_in[0]=-0.224609
data_in[0]=1.19531
cache=-0.268555 for ii=0 jj=0
 -0.2685546 | 0.3125 |
---------------------------------
grads_in[1]=0.298828
data_in[0]=1.19531
cache=0.356445 for ii=0 jj=1
 0.08789062 | 0.21875 | 0.0703125 | 1.1953125 | 0.37304687 | 0.59803158 |
| 0000000004 | 0000000000 | 0000000004 |cache1 (preds): 0.431641
cache2 (ground): 0.691406
divergences: 0.259766
grad: -0.259766
cache1 (preds): 0.301758
cache2 (ground): 0
divergences: -0.301758
grad: 0.301758

---------------------------------
grads_in[0]=-0.259766
data_in[0]=1.38281
cache=-0.359375 for ii=0 jj=0
 -0.359375 | 0.3125 |
---------------------------------
grads_in[1]=0.301758
data_in[0]=1.38281
cache=0.416992 for ii=0 jj=1
 0.05761718 | 0.1875 | 0.07910156 | 1.3828125 | 0.43164062 | 0.69148415 |
| 0000000005 | 0000000000 | 0000000004 |cache1 (preds): 0.610352
cache2 (ground): 0.978516
divergences: 0.368164
grad: -0.368164
cache1 (preds): 0.366211
cache2 (ground): 0
divergences: -0.366211
grad: 0.366211

---------------------------------
grads_in[0]=-0.368164
data_in[0]=1.95605
cache=-0.720703 for ii=0 jj=0
 -0.7207031 | 0.3125 |
---------------------------------
grads_in[1]=0.366211
data_in[0]=1.95605
cache=0.71582 for ii=0 jj=1
 -0.0048828 | 0.15625 | 0.13476562 | 1.95605468 | 0.61035156 | 0.97803551 |
| 0000000006 | 0000000000 | 0000000004 |cache1 (preds): 0.807617
cache2 (ground): 1.29297
divergences: 0.485352
grad: -0.485352
cache1 (preds): 0.40332
cache2 (ground): 0
divergences: -0.40332
grad: 0.40332

---------------------------------
grads_in[0]=-0.485352
data_in[0]=2.58594
cache=-1.25586 for ii=0 jj=0
 -1.2558593 | 0.3125 |
---------------------------------
grads_in[1]=0.40332
data_in[0]=2.58594
cache=1.04199 for ii=0 jj=1
 -0.2138671 | 0.125 | 0.19921875 | 2.5859375 | 0.80761718 | 1.29308414 |
| 0000000007 | 0000000000 | 0000000004 |cache1 (preds): 1.4248
cache2 (ground): 2.28027
divergences: 0.855469
grad: -0.855469
cache1 (preds): 0.569336
cache2 (ground): 0
divergences: -0.569336
grad: 0.569336

---------------------------------
grads_in[0]=-0.855469
data_in[0]=4.55957
cache=-3.90137 for ii=0 jj=0
 -3.9013671 | 0.34375 |
---------------------------------
grads_in[1]=0.569336
data_in[0]=4.55957
cache=2.5957 for ii=0 jj=1
 -1.3056640 | 0.09375 | 0.52832031 | 4.55957031 | 1.42480468 | 2.28016543 |
| 0000000008 | 0000000000 | 0000000004 |cache1 (preds): 0.224609
cache2 (ground): 0.328125
divergences: 0.103516
grad: -0.103516
cache1 (preds): 0.0605469
cache2 (ground): 0
divergences: -0.0605469
grad: 0.0605469

---------------------------------
grads_in[0]=-0.103516
data_in[0]=0.655273
cache=-0.0683594 for ii=0 jj=0
 -0.0683593 | 0.34375 |
---------------------------------
grads_in[1]=0.0605469
data_in[0]=0.655273
cache=0.0390625 for ii=0 jj=1
 -0.0292968 | 0.0625 | 0.0078125 | 0.65527343 | 0.22460937 | 0.32803309 |
| 0000000009 | 0000000000 | 0000000004 |cache1 (preds): 0.924805
cache2 (ground): 1.34668
divergences: 0.421875
grad: -0.421875
cache1 (preds): 0.167969
cache2 (ground): 0
divergences: -0.167969
grad: 0.167969

---------------------------------
grads_in[0]=-0.421875
data_in[0]=2.69238
cache=-1.13672 for ii=0 jj=0
 -1.1367187 | 0.34375 |
---------------------------------
grads_in[1]=0.167969
data_in[0]=2.69238
cache=0.452148 for ii=0 jj=1
 -0.6845703 | 0.03125 | 0.10351562 | 2.69238281 | 0.92480468 | 1.34656417 |
| 0000000010 | 0000000000 | 0000000004 |cache1 (preds): 0.577148
cache2 (ground): 0.839844
divergences: 0.262695
grad: -0.262695
cache1 (preds): 0.0517578
cache2 (ground): 0
divergences: -0.0517578
grad: 0.0517578

---------------------------------
grads_in[0]=-0.262695
data_in[0]=1.67969
cache=-0.441406 for ii=0 jj=0
 -0.4414062 | 0.34375 |
---------------------------------
grads_in[1]=0.0517578
data_in[0]=1.67969
cache=0.0869141 for ii=0 jj=1
 -0.3544921 | 0 | 0.03613281 | 1.6796875 | 0.57714843 | 0.83996028 |
| 0000000011 | 0000000000 | 0000000004 |cache1 (preds): 0.00878906
cache2 (ground): 0.0136719
divergences: 0.00488281
grad: -0.00488281
cache1 (preds): 0
cache2 (ground): 0
divergences: 0
grad: 0

---------------------------------
grads_in[0]=-0.00488281
data_in[0]=0.0273438
cache=-0.000976563 for ii=0 jj=0
 -0.0009765 | 0.34375 |
---------------------------------
grads_in[1]=0
data_in[0]=0.0273438
cache=0 for ii=0 jj=1
 -0.0009765 | 0 | 0 | 0.02734375 | 0.00878906 | 0.01376528 |
| 0000000012 | 0000000000 | 0000000004 |cache1 (preds): 2.03027
cache2 (ground): 2.95313
divergences: 0.922852
grad: -0.922852
cache1 (preds): 0
cache2 (ground): 0
divergences: 0
grad: 0

---------------------------------
grads_in[0]=-0.922852
data_in[0]=5.90625
cache=-5.45117 for ii=0 jj=0
 -5.4511718 | 0.375 |
---------------------------------
grads_in[1]=0
data_in[0]=5.90625
cache=0 for ii=0 jj=1
 -5.4511718 | 0 | 0.42578125 | 5.90625 | 2.03027343 | 2.95343137 |
| 0000000013 | 0000000000 | 0000000004 |cache1 (preds): 2.57227
cache2 (ground): 3.42969
divergences: 0.857422
grad: -0.857422
cache1 (preds): 0
cache2 (ground): 0
divergences: 0
grad: 0

---------------------------------
grads_in[0]=-0.857422
data_in[0]=6.85938
cache=-5.88184 for ii=0 jj=0
 -5.8818359 | 0.40625 |
---------------------------------
grads_in[1]=0
data_in[0]=6.85938
cache=0 for ii=0 jj=1
 -5.8818359 | 0 | 0.36816406 | 6.859375 | 2.57226562 | 3.43017173 |
| 0000000014 | 0000000000 | 0000000004 |cache1 (preds): 2.03613
cache2 (ground): 2.50684
divergences: 0.470703
grad: -0.470703
cache1 (preds): 0
cache2 (ground): 0
divergences: 0
grad: 0

---------------------------------
grads_in[0]=-0.470703
data_in[0]=5.01367
cache=-2.36035 for ii=0 jj=0
 -2.3603515 | 0.40625 |
---------------------------------
grads_in[1]=0
data_in[0]=5.01367
cache=0 for ii=0 jj=1
 -2.3603515 | 0 | 0.11132812 | 5.01367187 | 2.03613281 | 2.50727844 |
| 0000000015 | 0000000000 | 0000000004 |cache1 (preds): 1.24023
cache2 (ground): 1.52734
divergences: 0.287109
grad: -0.287109
cache1 (preds): 0
cache2 (ground): 0
divergences: 0
grad: 0

---------------------------------
grads_in[0]=-0.287109
data_in[0]=3.05469
cache=-0.87793 for ii=0 jj=0
 -0.8779296 | 0.40625 |
---------------------------------
grads_in[1]=0
data_in[0]=3.05469
cache=0 for ii=0 jj=1
 -0.8779296 | 0 | 0.04101562 | 3.0546875 | 1.24023437 | 1.52736974 |
| 0000000016 | 0000000000 | 0000000004 |cache1 (preds): 1.64063
cache2 (ground): 2.01953
divergences: 0.378906
grad: -0.378906
cache1 (preds): 0
cache2 (ground): 0
divergences: 0
grad: 0

---------------------------------
grads_in[0]=-0.378906
data_in[0]=4.03906
cache=-1.53125 for ii=0 jj=0
 -1.53125 | 0.40625 |
---------------------------------
grads_in[1]=0
data_in[0]=4.03906
cache=0 for ii=0 jj=1
 -1.53125 | 0 | 0.07226562 | 4.0390625 | 1.640625 | 2.01962256 |
| 0000000017 | 0000000000 | 0000000004 |cache1 (preds): 1.9834
cache2 (ground): 2.44238
divergences: 0.458984
grad: -0.458984
cache1 (preds): 0
cache2 (ground): 0
divergences: 0
grad: 0

---------------------------------
grads_in[0]=-0.458984
data_in[0]=4.88379
cache=-2.24219 for ii=0 jj=0
 -2.2421875 | 0.40625 |
---------------------------------
grads_in[1]=0
data_in[0]=4.88379
cache=0 for ii=0 jj=1
 -2.2421875 | 0 | 0.10546875 | 4.88378906 | 1.98339843 | 2.44224715 |
| 0000000018 | 0000000000 | 0000000004 |cache1 (preds): 2.72559
cache2 (ground): 3.35547
divergences: 0.629883
grad: -0.629883
cache1 (preds): 0
cache2 (ground): 0
divergences: 0
grad: 0

---------------------------------
grads_in[0]=-0.629883
data_in[0]=6.71094
cache=-4.22754 for ii=0 jj=0
 -4.2275390 | 0.4375 |
---------------------------------
grads_in[1]=0
data_in[0]=6.71094
cache=0 for ii=0 jj=1
 -4.2275390 | 0 | 0.19824218 | 6.7109375 | 2.72558593 | 3.35580111 |
| 0000000019 | 0000000000 | 0000000004 |cache1 (preds): 0.0800781
cache2 (ground): 0.0927734
divergences: 0.0126953
grad: -0.0126953
cache1 (preds): 0
cache2 (ground): 0
divergences: 0
grad: 0

---------------------------------
grads_in[0]=-0.0126953
data_in[0]=0.18457
cache=-0.00292969 for ii=0 jj=0
 -0.0029296 | 0.4375 |
---------------------------------
grads_in[1]=0
data_in[0]=0.18457
cache=0 for ii=0 jj=1
 -0.0029296 | 0 | 0 | 0.18457031 | 0.08007812 | 0.09233413 |
| 0000000020 | 0000000000 | 0000000004 |cache1 (preds): 2.23633
cache2 (ground): 2.55664
divergences: 0.320313
grad: -0.320313
cache1 (preds): 0
cache2 (ground): 0
divergences: 0
grad: 0

---------------------------------
grads_in[0]=-0.320313
data_in[0]=5.11328
cache=-1.63867 for ii=0 jj=0
 -1.6386718 | 0.4375 |
---------------------------------
grads_in[1]=0
data_in[0]=5.11328
cache=0 for ii=0 jj=1
 -1.6386718 | 0 | 0.05175781 | 5.11328125 | 2.23632812 | 2.55704808 |
| 0000000021 | 0000000000 | 0000000004 |cache1 (preds): 0.276367
cache2 (ground): 0.316406
divergences: 0.0400391
grad: -0.0400391
cache1 (preds): 0
cache2 (ground): 0
divergences: 0
grad: 0

---------------------------------
grads_in[0]=-0.0400391
data_in[0]=0.631836
cache=-0.0253906 for ii=0 jj=0
 -0.0253906 | 0.4375 |
---------------------------------
grads_in[1]=0
data_in[0]=0.631836
cache=0 for ii=0 jj=1
 -0.0253906 | 0 | 0.00097656 | 0.63183593 | 0.27636718 | 0.31603464 |
| 0000000022 | 0000000000 | 0000000004 |cache1 (preds): 1.18945
cache2 (ground): 1.36035
divergences: 0.170898
grad: -0.170898
cache1 (preds): 0
cache2 (ground): 0
divergences: 0
grad: 0

---------------------------------
grads_in[0]=-0.170898
data_in[0]=2.7207
cache=-0.46582 for ii=0 jj=0
 -0.4658203 | 0.4375 |
---------------------------------
grads_in[1]=0
data_in[0]=2.7207
cache=0 for ii=0 jj=1
 -0.4658203 | 0 | 0.01464843 | 2.72070312 | 1.18945312 | 1.36044252 |
| 0000000023 | 0000000000 | 0000000004 |cache1 (preds): 2.16699
cache2 (ground): 2.47754
divergences: 0.310547
grad: -0.310547
cache1 (preds): 0
cache2 (ground): 0
divergences: 0
grad: 0

---------------------------------
grads_in[0]=-0.310547
data_in[0]=4.9541
cache=-1.53906 for ii=0 jj=0
 -1.5390625 | 0.4375 |
---------------------------------
grads_in[1]=0
data_in[0]=4.9541
cache=0 for ii=0 jj=1
 -1.5390625 | 0 | 0.04882812 | 4.95410156 | 2.16699218 | 2.47742963 |
| 0000000024 | 0000000000 | 0000000004 |cache1 (preds): 0.826172
cache2 (ground): 0.945313
divergences: 0.119141
grad: -0.119141
cache1 (preds): 0
cache2 (ground): 0
divergences: 0
grad: 0

---------------------------------
grads_in[0]=-0.119141
data_in[0]=1.88965
cache=-0.225586 for ii=0 jj=0
 -0.2255859 | 0.4375 |
---------------------------------
grads_in[1]=0
data_in[0]=1.88965
cache=0 for ii=0 jj=1
 -0.2255859 | 0 | 0.0078125 | 1.88964843 | 0.82617187 | 0.94527042 |
| 0000000025 | 0000000000 | 0000000004 |cache1 (preds): 0.727539
cache2 (ground): 0.832031
divergences: 0.104492
grad: -0.104492
cache1 (preds): 0
cache2 (ground): 0
divergences: 0
grad: 0

---------------------------------
grads_in[0]=-0.104492
data_in[0]=1.66309
cache=-0.173828 for ii=0 jj=0
 -0.1738281 | 0.4375 |
---------------------------------
grads_in[1]=0
data_in[0]=1.66309
cache=0 for ii=0 jj=1
 -0.1738281 | 0 | 0.00585937 | 1.66308593 | 0.72753906 | 0.83189893 |
| 0000000026 | 0000000000 | 0000000004 |cache1 (preds): 1.49707
cache2 (ground): 1.71191
divergences: 0.214844
grad: -0.214844
cache1 (preds): 0
cache2 (ground): 0
divergences: 0
grad: 0

---------------------------------
grads_in[0]=-0.214844
data_in[0]=3.42383
cache=-0.736328 for ii=0 jj=0
 -0.7363281 | 0.4375 |
---------------------------------
grads_in[1]=0
data_in[0]=3.42383
cache=0 for ii=0 jj=1
 -0.7363281 | 0 | 0.0234375 | 3.42382812 | 1.49707031 | 1.71206856 |
| 0000000027 | 0000000000 | 0000000004 |cache1 (preds): 2.11621
cache2 (ground): 2.41992
divergences: 0.303711
grad: -0.303711
cache1 (preds): 0
cache2 (ground): 0
divergences: 0
grad: 0

---------------------------------
grads_in[0]=-0.303711
data_in[0]=4.83887
cache=-1.46973 for ii=0 jj=0
 -1.4697265 | 0.4375 |
---------------------------------
grads_in[1]=0
data_in[0]=4.83887
cache=0 for ii=0 jj=1
 -1.4697265 | 0 | 0.04589843 | 4.83886718 | 2.11621093 | 2.41978431 |
| 0000000028 | 0000000000 | 0000000004 |cache1 (preds): 1.94922
cache2 (ground): 2.22852
divergences: 0.279297
grad: -0.279297
cache1 (preds): 0
cache2 (ground): 0
divergences: 0
grad: 0

---------------------------------
grads_in[0]=-0.279297
data_in[0]=4.45703
cache=-1.24512 for ii=0 jj=0
 -1.2451171 | 0.4375 |
---------------------------------
grads_in[1]=0
data_in[0]=4.45703
cache=0 for ii=0 jj=1
 -1.2451171 | 0 | 0.0390625 | 4.45703125 | 1.94921875 | 2.22865033 |
| 0000000029 | 0000000000 | 0000000004 |cache1 (preds): 2.62012
cache2 (ground): 2.99512
divergences: 0.375
grad: -0.375
cache1 (preds): 0
cache2 (ground): 0
divergences: 0
grad: 0

---------------------------------
grads_in[0]=-0.375
data_in[0]=5.99023
cache=-2.24707 for ii=0 jj=0
 -2.2470703 | 0.4375 |
---------------------------------
grads_in[1]=0
data_in[0]=5.99023
cache=0 for ii=0 jj=1
 -2.2470703 | 0 | 0.0703125 | 5.99023437 | 2.62011718 | 2.99518156 |
| 0000000030 | 0000000000 | 0000000004 |cache1 (preds): 2.13965
cache2 (ground): 2.44629
divergences: 0.306641
grad: -0.306641
cache1 (preds): 0
cache2 (ground): 0
divergences: 0
grad: 0

---------------------------------
grads_in[0]=-0.306641
data_in[0]=4.89258
cache=-1.50098 for ii=0 jj=0
 -1.5009765 | 0.4375 |
---------------------------------
grads_in[1]=0
data_in[0]=4.89258
cache=0 for ii=0 jj=1
 -1.5009765 | 0 | 0.046875 | 4.89257812 | 2.13964843 | 2.44645524 |
| 0000000031 | 0000000000 | 0000000004 |cache1 (preds): 2.59961
cache2 (ground): 2.97168
divergences: 0.37207
grad: -0.37207
cache1 (preds): 0
cache2 (ground): 0
divergences: 0
grad: 0

---------------------------------
grads_in[0]=-0.37207
data_in[0]=5.94336
cache=-2.21191 for ii=0 jj=0
 -2.2119140 | 0.4375 |
---------------------------------
grads_in[1]=0
data_in[0]=5.94336
cache=0 for ii=0 jj=1
 -2.2119140 | 0 | 0.06933593 | 5.94335937 | 2.59960937 | 2.97207427 |
| 0000000032 | 0000000000 | 0000000004 |cache1 (preds): 0.634766
cache2 (ground): 0.725586
divergences: 0.0908203
grad: -0.0908203
cache1 (preds): 0
cache2 (ground): 0
divergences: 0
grad: 0

---------------------------------
grads_in[0]=-0.0908203
data_in[0]=1.45117
cache=-0.131836 for ii=0 jj=0
 -0.1318359 | 0.4375 |
---------------------------------
grads_in[1]=0
data_in[0]=1.45117
cache=0 for ii=0 jj=1
 -0.1318359 | 0 | 0.00390625 | 1.45117187 | 0.63476562 | 0.72578746 |
| 0000000033 | 0000000000 | 0000000004 |cache1 (preds): 2.8252
cache2 (ground): 3.22949
divergences: 0.404297
grad: -0.404297
cache1 (preds): 0
cache2 (ground): 0
divergences: 0
grad: 0

---------------------------------
grads_in[0]=-0.404297
data_in[0]=6.45898
cache=-2.6123 for ii=0 jj=0
 -2.6123046 | 0.4375 |
---------------------------------
grads_in[1]=0
data_in[0]=6.45898
cache=0 for ii=0 jj=1
 -2.6123046 | 0 | 0.08203125 | 6.45898437 | 2.82519531 | 3.22962451 |
| 0000000034 | 0000000000 | 0000000004 |cache1 (preds): 1.16992
cache2 (ground): 1.33789
divergences: 0.167969
grad: -0.167969
cache1 (preds): 0
cache2 (ground): 0
divergences: 0
grad: 0

---------------------------------
grads_in[0]=-0.167969
data_in[0]=2.6748
cache=-0.450195 for ii=0 jj=0
 -0.4501953 | 0.4375 |
---------------------------------
grads_in[1]=0
data_in[0]=2.6748
cache=0 for ii=0 jj=1
 -0.4501953 | 0 | 0.01464843 | 2.67480468 | 1.16992187 | 1.33767462 |
| 0000000035 | 0000000000 | 0000000004 |cache1 (preds): 1.38281
cache2 (ground): 1.58105
divergences: 0.198242
grad: -0.198242
cache1 (preds): 0
cache2 (ground): 0
divergences: 0
grad: 0

---------------------------------
grads_in[0]=-0.198242
data_in[0]=3.16113
cache=-0.626953 for ii=0 jj=0
 -0.6269531 | 0.4375 |
---------------------------------
grads_in[1]=0
data_in[0]=3.16113
cache=0 for ii=0 jj=1
 -0.6269531 | 0 | 0.01953125 | 3.16113281 | 1.3828125 | 1.58082330 |
| 0000000036 | 0000000000 | 0000000004 |cache1 (preds): 2.3584
cache2 (ground): 2.69531
divergences: 0.336914
grad: -0.336914
cache1 (preds): 0
cache2 (ground): 0
divergences: 0
grad: 0

---------------------------------
grads_in[0]=-0.336914
data_in[0]=5.39063
cache=-1.81641 for ii=0 jj=0
 -1.8164062 | 0.4375 |
---------------------------------
grads_in[1]=0
data_in[0]=5.39063
cache=0 for ii=0 jj=1
 -1.8164062 | 0 | 0.05664062 | 5.390625 | 2.35839843 | 2.69566059 |
| 0000000037 | 0000000000 | 0000000004 |cache1 (preds): 0.269531
cache2 (ground): 0.30957
divergences: 0.0400391
grad: -0.0400391
cache1 (preds): 0
cache2 (ground): 0
divergences: 0
grad: 0

---------------------------------
grads_in[0]=-0.0400391
data_in[0]=0.618164
cache=-0.0253906 for ii=0 jj=0
 -0.0253906 | 0.4375 |
---------------------------------
grads_in[1]=0
data_in[0]=0.618164
cache=0 for ii=0 jj=1
 -0.0253906 | 0 | 0.00097656 | 0.61816406 | 0.26953125 | 0.30932078 |
| 0000000038 | 0000000000 | 0000000004 |cache1 (preds): 1.20215
cache2 (ground): 1.375
divergences: 0.172852
grad: -0.172852
cache1 (preds): 0
cache2 (ground): 0
divergences: 0
grad: 0

---------------------------------
grads_in[0]=-0.172852
data_in[0]=2.74902
cache=-0.475586 for ii=0 jj=0
 -0.4755859 | 0.4375 |
---------------------------------
grads_in[1]=0
data_in[0]=2.74902
cache=0 for ii=0 jj=1
 -0.4755859 | 0 | 0.015625 | 2.74902343 | 1.20214843 | 1.37486446 |
| 0000000039 | 0000000000 | 0000000004 |cache1 (preds): 2.74219
cache2 (ground): 3.13477
divergences: 0.392578
grad: -0.392578
cache1 (preds): 0
cache2 (ground): 0
divergences: 0
grad: 0

---------------------------------
grads_in[0]=-0.392578
data_in[0]=6.26855
cache=-2.46094 for ii=0 jj=0
 -2.4609375 | 0.4375 |
---------------------------------
grads_in[1]=0
data_in[0]=6.26855
cache=0 for ii=0 jj=1
 -2.4609375 | 0 | 0.07714843 | 6.26855468 | 2.7421875 | 3.13457799 |
| 0000000040 | 0000000000 | 0000000004 |cache1 (preds): 1.74219
cache2 (ground): 1.99219
divergences: 0.25
grad: -0.25
cache1 (preds): 0
cache2 (ground): 0
divergences: 0
grad: 0

---------------------------------
grads_in[0]=-0.25
data_in[0]=3.9834
cache=-0.996094 for ii=0 jj=0
 -0.9960937 | 0.4375 |
---------------------------------
grads_in[1]=0
data_in[0]=3.9834
cache=0 for ii=0 jj=1
 -0.9960937 | 0 | 0.03125 | 3.98339843 | 1.7421875 | 1.99175119 |
| 0000000041 | 0000000000 | 0000000004 |cache1 (preds): 2.10156
cache2 (ground): 2.40332
divergences: 0.301758
grad: -0.301758
cache1 (preds): 0
cache2 (ground): 0
divergences: 0
grad: 0

---------------------------------
grads_in[0]=-0.301758
data_in[0]=4.80566
cache=-1.4502 for ii=0 jj=0
 -1.4501953 | 0.4375 |
---------------------------------
grads_in[1]=0
data_in[0]=4.80566
cache=0 for ii=0 jj=1
 -1.4501953 | 0 | 0.04589843 | 4.80566406 | 2.1015625 | 2.40303397 |
| 0000000042 | 0000000000 | 0000000004 |cache1 (preds): 2.81445
cache2 (ground): 3.2168
divergences: 0.402344
grad: -0.402344
cache1 (preds): 0
cache2 (ground): 0
divergences: 0
grad: 0

---------------------------------
grads_in[0]=-0.402344
data_in[0]=6.43359
cache=-2.58887 for ii=0 jj=0
 -2.5888671 | 0.4375 |
---------------------------------
grads_in[1]=0
data_in[0]=6.43359
cache=0 for ii=0 jj=1
 -2.5888671 | 0 | 0.08105468 | 6.43359375 | 2.81445312 | 3.21725059 |
| 0000000043 | 0000000000 | 0000000004 |cache1 (preds): 2.96191
cache2 (ground): 3.38574
divergences: 0.423828
grad: -0.423828
cache1 (preds): 0
cache2 (ground): 0
divergences: 0
grad: 0

---------------------------------
grads_in[0]=-0.423828
data_in[0]=6.77148
cache=-2.87012 for ii=0 jj=0
 -2.8701171 | 0.4375 |
---------------------------------
grads_in[1]=0
data_in[0]=6.77148
cache=0 for ii=0 jj=1
 -2.8701171 | 0 | 0.08984375 | 6.77148437 | 2.96191406 | 3.38577938 |
| 0000000044 | 0000000000 | 0000000004 |cache1 (preds): 1.66211
cache2 (ground): 1.90039
divergences: 0.238281
grad: -0.238281
cache1 (preds): 0
cache2 (ground): 0
divergences: 0
grad: 0

---------------------------------
grads_in[0]=-0.238281
data_in[0]=3.7998
cache=-0.90625 for ii=0 jj=0
 -0.90625 | 0.4375 |
---------------------------------
grads_in[1]=0
data_in[0]=3.7998
cache=0 for ii=0 jj=1
 -0.90625 | 0 | 0.02832031 | 3.79980468 | 1.66210937 | 1.89996469 |
| 0000000045 | 0000000000 | 0000000004 |cache1 (preds): 0.932617
cache2 (ground): 1.06641
divergences: 0.133789
grad: -0.133789
cache1 (preds): 0
cache2 (ground): 0
divergences: 0
grad: 0

---------------------------------
grads_in[0]=-0.133789
data_in[0]=2.13281
cache=-0.286133 for ii=0 jj=0
 -0.2861328 | 0.4375 |
---------------------------------
grads_in[1]=0
data_in[0]=2.13281
cache=0 for ii=0 jj=1
 -0.2861328 | 0 | 0.00878906 | 2.1328125 | 0.93261718 | 1.06658483 |
| 0000000046 | 0000000000 | 0000000004 |cache1 (preds): 1.33105
cache2 (ground): 1.52148
divergences: 0.19043
grad: -0.19043
cache1 (preds): 0
cache2 (ground): 0
divergences: 0
grad: 0

---------------------------------
grads_in[0]=-0.19043
data_in[0]=3.04297
cache=-0.580078 for ii=0 jj=0
 -0.5800781 | 0.4375 |
---------------------------------
grads_in[1]=0
data_in[0]=3.04297
cache=0 for ii=0 jj=1
 -0.5800781 | 0 | 0.01855468 | 3.04296875 | 1.33105468 | 1.52152252 |
| 0000000047 | 0000000000 | 0000000004 |cache1 (preds): 0.944336
cache2 (ground): 1.08008
divergences: 0.135742
grad: -0.135742
cache1 (preds): 0
cache2 (ground): 0
divergences: 0
grad: 0

---------------------------------
grads_in[0]=-0.135742
data_in[0]=2.15918
cache=-0.293945 for ii=0 jj=0
 -0.2939453 | 0.4375 |
---------------------------------
grads_in[1]=0
data_in[0]=2.15918
cache=0 for ii=0 jj=1
 -0.2939453 | 0 | 0.00976562 | 2.15917968 | 0.94433593 | 1.08004415 |
| 0000000048 | 0000000000 | 0000000004 |cache1 (preds): 0.730469
cache2 (ground): 0.835938
divergences: 0.105469
grad: -0.105469
cache1 (preds): 0
cache2 (ground): 0
divergences: 0
grad: 0

---------------------------------
grads_in[0]=-0.105469
data_in[0]=1.6709
cache=-0.176758 for ii=0 jj=0
 -0.1767578 | 0.4375 |
---------------------------------
grads_in[1]=0
data_in[0]=1.6709
cache=0 for ii=0 jj=1
 -0.1767578 | 0 | 0.00585937 | 1.67089843 | 0.73046875 | 0.83553976 |
| 0000000049 | 0000000000 | 0000000004 |cache1 (preds): 1.36133
cache2 (ground): 1.55664
divergences: 0.195313
grad: -0.195313
cache1 (preds): 0
cache2 (ground): 0
divergences: 0
grad: 0

---------------------------------
grads_in[0]=-0.195313
data_in[0]=3.11328
cache=-0.608398 for ii=0 jj=0
 -0.6083984 | 0.4375 |
---------------------------------
grads_in[1]=0
data_in[0]=3.11328
cache=0 for ii=0 jj=1
 -0.6083984 | 0 | 0.01953125 | 3.11328125 | 1.36132812 | 1.55710924 |
| 0000000050 | 0000000000 | 0000000004 |cache1 (preds): 2.47363
cache2 (ground): 2.82715
divergences: 0.353516
grad: -0.353516
cache1 (preds): 0
cache2 (ground): 0
divergences: 0
grad: 0

---------------------------------
grads_in[0]=-0.353516
data_in[0]=5.6543
cache=-1.99902 for ii=0 jj=0
 -1.9990234 | 0.4375 |
---------------------------------
grads_in[1]=0
data_in[0]=5.6543
cache=0 for ii=0 jj=1
 -1.9990234 | 0 | 0.0625 | 5.65429687 | 2.47363281 | 2.82750440 |
| 0000000051 | 0000000000 | 0000000004 |cache1 (preds): 1.70313
cache2 (ground): 1.94727
divergences: 0.244141
grad: -0.244141
cache1 (preds): 0
cache2 (ground): 0
divergences: 0
grad: 0

---------------------------------
grads_in[0]=-0.244141
data_in[0]=3.89453
cache=-0.951172 for ii=0 jj=0
 -0.9511718 | 0.4375 |
---------------------------------
grads_in[1]=0
data_in[0]=3.89453
cache=0 for ii=0 jj=1
 -0.9511718 | 0 | 0.03027343 | 3.89453125 | 1.703125 | 1.94745076 |
| 0000000052 | 0000000000 | 0000000004 |cache1 (preds): 2.99316
cache2 (ground): 3.4209
divergences: 0.427734
grad: -0.427734
cache1 (preds): 0
cache2 (ground): 0
divergences: 0
grad: 0

---------------------------------
grads_in[0]=-0.427734
data_in[0]=6.8418
cache=-2.92676 for ii=0 jj=0
 -2.9267578 | 0.4375 |
---------------------------------
grads_in[1]=0
data_in[0]=6.8418
cache=0 for ii=0 jj=1
 -2.9267578 | 0 | 0.09179687 | 6.84179687 | 2.99316406 | 3.42136240 |
| 0000000053 | 0000000000 | 0000000004 |cache1 (preds): 1.43262
cache2 (ground): 1.63867
divergences: 0.206055
grad: -0.206055
cache1 (preds): 0
cache2 (ground): 0
divergences: 0
grad: 0

---------------------------------
grads_in[0]=-0.206055
data_in[0]=3.27637
cache=-0.675781 for ii=0 jj=0
 -0.6757812 | 0.4375 |
---------------------------------
grads_in[1]=0
data_in[0]=3.27637
cache=0 for ii=0 jj=1
 -0.6757812 | 0 | 0.02148437 | 3.27636718 | 1.43261718 | 1.63823545 |
| 0000000054 | 0000000000 | 0000000004 |cache1 (preds): 0.285156
cache2 (ground): 0.326172
divergences: 0.0410156
grad: -0.0410156
cache1 (preds): 0
cache2 (ground): 0
divergences: 0
grad: 0

---------------------------------
grads_in[0]=-0.0410156
data_in[0]=0.652344
cache=-0.0273438 for ii=0 jj=0
 -0.0273437 | 0.4375 |
---------------------------------
grads_in[1]=0
data_in[0]=0.652344
cache=0 for ii=0 jj=1
 -0.0273437 | 0 | 0.00097656 | 0.65234375 | 0.28515625 | 0.32632267 |
| 0000000055 | 0000000000 | 0000000004 |cache1 (preds): 1.84766
cache2 (ground): 2.1123
divergences: 0.264648
grad: -0.264648
cache1 (preds): 0
cache2 (ground): 0
divergences: 0
grad: 0

---------------------------------
grads_in[0]=-0.264648
data_in[0]=4.22461
cache=-1.11816 for ii=0 jj=0
 -1.1181640 | 0.4375 |
---------------------------------
grads_in[1]=0
data_in[0]=4.22461
cache=0 for ii=0 jj=1
 -1.1181640 | 0 | 0.03515625 | 4.22460937 | 1.84765625 | 2.11261058 |
| 0000000056 | 0000000000 | 0000000004 |cache1 (preds): 1.9043
cache2 (ground): 2.17676
divergences: 0.272461
grad: -0.272461
cache1 (preds): 0
cache2 (ground): 0
divergences: 0
grad: 0

---------------------------------
grads_in[0]=-0.272461
data_in[0]=4.35352
cache=-1.18652 for ii=0 jj=0
 -1.1865234 | 0.4375 |
---------------------------------
grads_in[1]=0
data_in[0]=4.35352
cache=0 for ii=0 jj=1
 -1.1865234 | 0 | 0.03710937 | 4.35351562 | 1.90429687 | 2.17685580 |
| 0000000057 | 0000000000 | 0000000004 |cache1 (preds): 0.166992
cache2 (ground): 0.191406
divergences: 0.0244141
grad: -0.0244141
cache1 (preds): 0
cache2 (ground): 0
divergences: 0
grad: 0

---------------------------------
grads_in[0]=-0.0244141
data_in[0]=0.382813
cache=-0.00976563 for ii=0 jj=0
 -0.0097656 | 0.4375 |
---------------------------------
grads_in[1]=0
data_in[0]=0.382813
cache=0 for ii=0 jj=1
 -0.0097656 | 0 | 0.00097656 | 0.3828125 | 0.16699218 | 0.19178590 |
| 0000000058 | 0000000000 | 0000000004 |cache1 (preds): 0.512695
cache2 (ground): 0.586914
divergences: 0.0742188
grad: -0.0742188
cache1 (preds): 0
cache2 (ground): 0
divergences: 0
grad: 0

---------------------------------
grads_in[0]=-0.0742188
data_in[0]=1.17383
cache=-0.0878906 for ii=0 jj=0
 -0.0878906 | 0.4375 |
---------------------------------
grads_in[1]=0
data_in[0]=1.17383
cache=0 for ii=0 jj=1
 -0.0878906 | 0 | 0.00292968 | 1.17382812 | 0.51269531 | 0.58712018 |
| 0000000059 | 0000000000 | 0000000004 |cache1 (preds): 0.151367
cache2 (ground): 0.173828
divergences: 0.0224609
grad: -0.0224609
cache1 (preds): 0
cache2 (ground): 0
divergences: 0
grad: 0

---------------------------------
grads_in[0]=-0.0224609
data_in[0]=0.34668
cache=-0.0078125 for ii=0 jj=0
 -0.0078125 | 0.4375 |
---------------------------------
grads_in[1]=0
data_in[0]=0.34668
cache=0 for ii=0 jj=1
 -0.0078125 | 0 | 0.00097656 | 0.34667968 | 0.15136718 | 0.17344119 |
| 0000000060 | 0000000000 | 0000000004 |cache1 (preds): 0.0722656
cache2 (ground): 0.0839844
divergences: 0.0117188
grad: -0.0117188
cache1 (preds): 0
cache2 (ground): 0
divergences: 0
grad: 0

---------------------------------
grads_in[0]=-0.0117188
data_in[0]=0.166992
cache=-0.00292969 for ii=0 jj=0
 -0.0029296 | 0.4375 |
---------------------------------
grads_in[1]=0
data_in[0]=0.166992
cache=0 for ii=0 jj=1
 -0.0029296 | 0 | 0 | 0.16699218 | 0.07226562 | 0.08375751 |
| 0000000061 | 0000000000 | 0000000004 |cache1 (preds): 1.85547
cache2 (ground): 2.12207
divergences: 0.266602
grad: -0.266602
cache1 (preds): 0
cache2 (ground): 0
divergences: 0
grad: 0

---------------------------------
grads_in[0]=-0.266602
data_in[0]=4.24316
cache=-1.13184 for ii=0 jj=0
 -1.1318359 | 0.4375 |
---------------------------------
grads_in[1]=0
data_in[0]=4.24316
cache=0 for ii=0 jj=1
 -1.1318359 | 0 | 0.03613281 | 4.24316406 | 1.85546875 | 2.12168074 |
| 0000000062 | 0000000000 | 0000000004 |cache1 (preds): 0.999023
cache2 (ground): 1.14258
divergences: 0.143555
grad: -0.143555
cache1 (preds): 0
cache2 (ground): 0
divergences: 0
grad: 0

---------------------------------
grads_in[0]=-0.143555
data_in[0]=2.28516
cache=-0.328125 for ii=0 jj=0
 -0.328125 | 0.4375 |
---------------------------------
grads_in[1]=0
data_in[0]=2.28516
cache=0 for ii=0 jj=1
 -0.328125 | 0 | 0.01074218 | 2.28515625 | 0.99902343 | 1.14265490 |
| 0000000063 | 0000000000 | 0000000004 |cache1 (preds): 2.22168
cache2 (ground): 2.54004
divergences: 0.318359
grad: -0.318359
cache1 (preds): 0
cache2 (ground): 0
divergences: 0
grad: 0

---------------------------------
grads_in[0]=-0.318359
data_in[0]=5.08008
cache=-1.61816 for ii=0 jj=0
 -1.6181640 | 0.4375 |
---------------------------------
grads_in[1]=0
data_in[0]=5.08008
cache=0 for ii=0 jj=1
 -1.6181640 | 0 | 0.05078125 | 5.08007812 | 2.22167968 | 2.54013920 |
| 0000000064 | 0000000000 | 0000000004 |cache1 (preds): 2.08594
cache2 (ground): 2.38477
divergences: 0.298828
grad: -0.298828
cache1 (preds): 0
cache2 (ground): 0
divergences: 0
grad: 0

---------------------------------
grads_in[0]=-0.298828
data_in[0]=4.76855
cache=-1.42578 for ii=0 jj=0
 -1.4257812 | 0.4375 |
---------------------------------
grads_in[1]=0
data_in[0]=4.76855
cache=0 for ii=0 jj=1
 -1.4257812 | 0 | 0.04492187 | 4.76855468 | 2.0859375 | 2.38439751 |
| 0000000065 | 0000000000 | 0000000004 |cache1 (preds): 2.06738
cache2 (ground): 2.36328
divergences: 0.295898
grad: -0.295898
cache1 (preds): 0
cache2 (ground): 0
divergences: 0
grad: 0

---------------------------------
grads_in[0]=-0.295898
data_in[0]=4.72559
cache=-1.39844 for ii=0 jj=0
 -1.3984375 | 0.4375 |
---------------------------------
grads_in[1]=0
data_in[0]=4.72559
cache=0 for ii=0 jj=1
 -1.3984375 | 0 | 0.04394531 | 4.72558593 | 2.06738281 | 2.36309695 |
| 0000000066 | 0000000000 | 0000000004 |cache1 (preds): 1.26367
cache2 (ground): 1.44531
divergences: 0.181641
grad: -0.181641
cache1 (preds): 0
cache2 (ground): 0
divergences: 0
grad: 0

---------------------------------
grads_in[0]=-0.181641
data_in[0]=2.88965
cache=-0.525391 for ii=0 jj=0
 -0.5253906 | 0.4375 |
---------------------------------
grads_in[1]=0
data_in[0]=2.88965
cache=0 for ii=0 jj=1
 -0.5253906 | 0 | 0.01660156 | 2.88964843 | 1.26367187 | 1.44485986 |
| 0000000067 | 0000000000 | 0000000004 |cache1 (preds): 0.722656
cache2 (ground): 0.827148
divergences: 0.104492
grad: -0.104492
cache1 (preds): 0
cache2 (ground): 0
divergences: 0
grad: 0

---------------------------------
grads_in[0]=-0.104492
data_in[0]=1.65332
cache=-0.172852 for ii=0 jj=0
 -0.1728515 | 0.4375 |
---------------------------------
grads_in[1]=0
data_in[0]=1.65332
cache=0 for ii=0 jj=1
 -0.1728515 | 0 | 0.00585937 | 1.65332031 | 0.72265625 | 0.82689458 |
| 0000000068 | 0000000000 | 0000000004 |cache1 (preds): 1.17871
cache2 (ground): 1.34766
divergences: 0.168945
grad: -0.168945
cache1 (preds): 0
cache2 (ground): 0
divergences: 0
grad: 0

---------------------------------
grads_in[0]=-0.168945
data_in[0]=2.69531
cache=-0.456055 for ii=0 jj=0
 -0.4560546 | 0.4375 |
---------------------------------
grads_in[1]=0
data_in[0]=2.69531
cache=0 for ii=0 jj=1
 -0.4560546 | 0 | 0.01464843 | 2.6953125 | 1.17871093 | 1.34805179 |
| 0000000069 | 0000000000 | 0000000004 |cache1 (preds): 0.898438
cache2 (ground): 1.02734
divergences: 0.128906
grad: -0.128906
cache1 (preds): 0
cache2 (ground): 0
divergences: 0
grad: 0

---------------------------------
grads_in[0]=-0.128906
data_in[0]=2.05469
cache=-0.265625 for ii=0 jj=0
 -0.265625 | 0.4375 |
---------------------------------
grads_in[1]=0
data_in[0]=2.05469
cache=0 for ii=0 jj=1
 -0.265625 | 0 | 0.00878906 | 2.0546875 | 0.8984375 | 1.02781284 |
| 0000000070 | 0000000000 | 0000000004 |cache1 (preds): 0.00976563
cache2 (ground): 0.0117188
divergences: 0.00195313
grad: -0.00195313
cache1 (preds): 0
cache2 (ground): 0
divergences: 0
grad: 0

---------------------------------
grads_in[0]=-0.00195313
data_in[0]=0.0234375
cache=-0.000976563 for ii=0 jj=0
 -0.0009765 | 0.4375 |
---------------------------------
grads_in[1]=0
data_in[0]=0.0234375
cache=0 for ii=0 jj=1
 -0.0009765 | 0 | 0 | 0.0234375 | 0.00976562 | 0.01215021 |
| 0000000071 | 0000000000 | 0000000004 |cache1 (preds): 1.30957
cache2 (ground): 1.49707
divergences: 0.1875
grad: -0.1875
cache1 (preds): 0
cache2 (ground): 0
divergences: 0
grad: 0

---------------------------------
grads_in[0]=-0.1875
data_in[0]=2.99414
cache=-0.561523 for ii=0 jj=0
 -0.5615234 | 0.4375 |
---------------------------------
grads_in[1]=0
data_in[0]=2.99414
cache=0 for ii=0 jj=1
 -0.5615234 | 0 | 0.01757812 | 2.99414062 | 1.30957031 | 1.49722838 |
| 0000000072 | 0000000000 | 0000000004 |cache1 (preds): 2.01563
cache2 (ground): 2.30469
divergences: 0.289063
grad: -0.289063
cache1 (preds): 0
cache2 (ground): 0
divergences: 0
grad: 0

---------------------------------
grads_in[0]=-0.289063
data_in[0]=4.6084
cache=-1.33301 for ii=0 jj=0
 -1.3330078 | 0.4375 |
---------------------------------
grads_in[1]=0
data_in[0]=4.6084
cache=0 for ii=0 jj=1
 -1.3330078 | 0 | 0.04199218 | 4.60839843 | 2.015625 | 2.30455470 |
| 0000000073 | 0000000000 | 0000000004 |cache1 (preds): 1.79395
cache2 (ground): 2.05078
divergences: 0.256836
grad: -0.256836
cache1 (preds): 0
cache2 (ground): 0
divergences: 0
grad: 0

---------------------------------
grads_in[0]=-0.256836
data_in[0]=4.10156
cache=-1.05371 for ii=0 jj=0
 -1.0537109 | 0.4375 |
---------------------------------
grads_in[1]=0
data_in[0]=4.10156
cache=0 for ii=0 jj=1
 -1.0537109 | 0 | 0.03320312 | 4.1015625 | 1.79394531 | 2.05086660 |
| 0000000074 | 0000000000 | 0000000004 |cache1 (preds): 0.00585938
cache2 (ground): 0.00683594
divergences: 0.000976563
grad: -0.000976563
cache1 (preds): 0
cache2 (ground): 0
divergences: 0
grad: 0

---------------------------------
grads_in[0]=-0.000976563
data_in[0]=0.0136719
cache=-0.000976563 for ii=0 jj=0
 -0.0009765 | 0.4375 |
---------------------------------
grads_in[1]=0
data_in[0]=0.0136719
cache=0 for ii=0 jj=1
 -0.0009765 | 0 | 0 | 0.01367187 | 0.00585937 | 0.00726926 |
| 0000000075 | 0000000000 | 0000000004 |cache1 (preds): 3.05859
cache2 (ground): 3.49609
divergences: 0.4375
grad: -0.4375
cache1 (preds): 0
cache2 (ground): 0
divergences: 0
grad: 0

---------------------------------
grads_in[0]=-0.4375
data_in[0]=6.99121
cache=-3.05957 for ii=0 jj=0
 -3.0595703 | 0.4375 |
---------------------------------
grads_in[1]=0
data_in[0]=6.99121
cache=0 for ii=0 jj=1
 -3.0595703 | 0 | 0.09570312 | 6.99121093 | 3.05859375 | 3.49580574 |
| 0000000076 | 0000000000 | 0000000004 |cache1 (preds): 1.41504
cache2 (ground): 1.61719
divergences: 0.202148
grad: -0.202148
cache1 (preds): 0
cache2 (ground): 0
divergences: 0
grad: 0

---------------------------------
grads_in[0]=-0.202148
data_in[0]=3.23438
cache=-0.654297 for ii=0 jj=0
 -0.6542968 | 0.4375 |
---------------------------------
grads_in[1]=0
data_in[0]=3.23438
cache=0 for ii=0 jj=1
 -0.6542968 | 0 | 0.02050781 | 3.234375 | 1.41503906 | 1.61747575 |
| 0000000077 | 0000000000 | 0000000004 |cache1 (preds): 1.97754
cache2 (ground): 2.26074
divergences: 0.283203
grad: -0.283203
cache1 (preds): 0
cache2 (ground): 0
divergences: 0
grad: 0

---------------------------------
grads_in[0]=-0.283203
data_in[0]=4.52051
cache=-1.28027 for ii=0 jj=0
 -1.2802734 | 0.4375 |
---------------------------------
grads_in[1]=0
data_in[0]=4.52051
cache=0 for ii=0 jj=1
 -1.2802734 | 0 | 0.04003906 | 4.52050781 | 1.97753906 | 2.26055956 |
| 0000000078 | 0000000000 | 0000000004 |cache1 (preds): 1.52051
cache2 (ground): 1.73926
divergences: 0.21875
grad: -0.21875
cache1 (preds): 0
cache2 (ground): 0
divergences: 0
grad: 0

---------------------------------
grads_in[0]=-0.21875
data_in[0]=3.47754
cache=-0.760742 for ii=0 jj=0
 -0.7607421 | 0.4375 |
---------------------------------
grads_in[1]=0
data_in[0]=3.47754
cache=0 for ii=0 jj=1
 -0.7607421 | 0 | 0.02441406 | 3.47753906 | 1.52050781 | 1.73906124 |
| 0000000079 | 0000000000 | 0000000004 |cache1 (preds): 2.50391
cache2 (ground): 2.8623
divergences: 0.358398
grad: -0.358398
cache1 (preds): 0
cache2 (ground): 0
divergences: 0
grad: 0

---------------------------------
grads_in[0]=-0.358398
data_in[0]=5.72363
cache=-2.05176 for ii=0 jj=0
 -2.0517578 | 0.4375 |
---------------------------------
grads_in[1]=0
data_in[0]=5.72363
cache=0 for ii=0 jj=1
 -2.0517578 | 0 | 0.06445312 | 5.72363281 | 2.50390625 | 2.86212301 |
| 0000000080 | 0000000000 | 0000000004 |cache1 (preds): 2.12891
cache2 (ground): 2.43359
divergences: 0.304688
grad: -0.304688
cache1 (preds): 0
cache2 (ground): 0
divergences: 0
grad: 0

---------------------------------
grads_in[0]=-0.304688
data_in[0]=4.86719
cache=-1.4834 for ii=0 jj=0
 -1.4833984 | 0.4375 |
---------------------------------
grads_in[1]=0
data_in[0]=4.86719
cache=0 for ii=0 jj=1
 -1.4833984 | 0 | 0.046875 | 4.8671875 | 2.12890625 | 2.43394780 |
| 0000000081 | 0000000000 | 0000000004 |cache1 (preds): 2.73438
cache2 (ground): 3.12598
divergences: 0.391602
grad: -0.391602
cache1 (preds): 0
cache2 (ground): 0
divergences: 0
grad: 0

---------------------------------
grads_in[0]=-0.391602
data_in[0]=6.25098
cache=-2.44824 for ii=0 jj=0
 -2.4482421 | 0.4375 |
---------------------------------
grads_in[1]=0
data_in[0]=6.25098
cache=0 for ii=0 jj=1
 -2.4482421 | 0 | 0.07714843 | 6.25097656 | 2.734375 | 3.12563634 |
| 0000000082 | 0000000000 | 0000000004 |cache1 (preds): 2.85156
cache2 (ground): 3.25977
divergences: 0.408203
grad: -0.408203
cache1 (preds): 0
cache2 (ground): 0
divergences: 0
grad: 0

---------------------------------
grads_in[0]=-0.408203
data_in[0]=6.51953
cache=-2.66211 for ii=0 jj=0
 -2.6621093 | 0.4375 |
---------------------------------
grads_in[1]=0
data_in[0]=6.51953
cache=0 for ii=0 jj=1
 -2.6621093 | 0 | 0.08398437 | 6.51953125 | 2.8515625 | 3.26001787 |
| 0000000083 | 0000000000 | 0000000004 |cache1 (preds): 0.597656
cache2 (ground): 0.683594
divergences: 0.0859375
grad: -0.0859375
cache1 (preds): 0
cache2 (ground): 0
divergences: 0
grad: 0

---------------------------------
grads_in[0]=-0.0859375
data_in[0]=1.36719
cache=-0.118164 for ii=0 jj=0
 -0.1181640 | 0.4375 |
---------------------------------
grads_in[1]=0
data_in[0]=1.36719
cache=0 for ii=0 jj=1
 -0.1181640 | 0 | 0.00390625 | 1.3671875 | 0.59765625 | 0.68379313 |
| 0000000084 | 0000000000 | 0000000004 |cache1 (preds): 1.16602
cache2 (ground): 1.33398
divergences: 0.167969
grad: -0.167969
cache1 (preds): 0
cache2 (ground): 0
divergences: 0
grad: 0

---------------------------------
grads_in[0]=-0.167969
data_in[0]=2.66699
cache=-0.448242 for ii=0 jj=0
 -0.4482421 | 0.4375 |
---------------------------------
grads_in[1]=0
data_in[0]=2.66699
cache=0 for ii=0 jj=1
 -0.4482421 | 0 | 0.01464843 | 2.66699218 | 1.16601562 | 1.33372509 |
| 0000000085 | 0000000000 | 0000000004 |cache1 (preds): 2.92871
cache2 (ground): 3.34766
divergences: 0.418945
grad: -0.418945
cache1 (preds): 0
cache2 (ground): 0
divergences: 0
grad: 0

---------------------------------
grads_in[0]=-0.418945
data_in[0]=6.69434
cache=-2.80469 for ii=0 jj=0
 -2.8046875 | 0.4375 |
---------------------------------
grads_in[1]=0
data_in[0]=6.69434
cache=0 for ii=0 jj=1
 -2.8046875 | 0 | 0.08789062 | 6.69433593 | 2.92871093 | 3.34754181 |
| 0000000086 | 0000000000 | 0000000004 |cache1 (preds): 1.43262
cache2 (ground): 1.63867
divergences: 0.206055
grad: -0.206055
cache1 (preds): 0
cache2 (ground): 0
divergences: 0
grad: 0

---------------------------------
grads_in[0]=-0.206055
data_in[0]=3.27637
cache=-0.675781 for ii=0 jj=0
 -0.6757812 | 0.4375 |
---------------------------------
grads_in[1]=0
data_in[0]=3.27637
cache=0 for ii=0 jj=1
 -0.6757812 | 0 | 0.02148437 | 3.27636718 | 1.43261718 | 1.63827765 |
| 0000000087 | 0000000000 | 0000000004 |cache1 (preds): 0.192383
cache2 (ground): 0.220703
divergences: 0.0283203
grad: -0.0283203
cache1 (preds): 0
cache2 (ground): 0
divergences: 0
grad: 0

---------------------------------
grads_in[0]=-0.0283203
data_in[0]=0.441406
cache=-0.0126953 for ii=0 jj=0
 -0.0126953 | 0.4375 |
---------------------------------
grads_in[1]=0
data_in[0]=0.441406
cache=0 for ii=0 jj=1
 -0.0126953 | 0 | 0.00097656 | 0.44140625 | 0.19238281 | 0.22078933 |
| 0000000088 | 0000000000 | 0000000004 |cache1 (preds): 2.16211
cache2 (ground): 2.47168
divergences: 0.30957
grad: -0.30957
cache1 (preds): 0
cache2 (ground): 0
divergences: 0
grad: 0

---------------------------------
grads_in[0]=-0.30957
data_in[0]=4.94238
cache=-1.53027 for ii=0 jj=0
 -1.5302734 | 0.4375 |
---------------------------------
grads_in[1]=0
data_in[0]=4.94238
cache=0 for ii=0 jj=1
 -1.5302734 | 0 | 0.04785156 | 4.94238281 | 2.16210937 | 2.47132707 |
| 0000000089 | 0000000000 | 0000000004 |cache1 (preds): 1.22266
cache2 (ground): 1.39746
divergences: 0.174805
grad: -0.174805
cache1 (preds): 0
cache2 (ground): 0
divergences: 0
grad: 0

---------------------------------
grads_in[0]=-0.174805
data_in[0]=2.79492
cache=-0.489258 for ii=0 jj=0
 -0.4892578 | 0.4375 |
---------------------------------
grads_in[1]=0
data_in[0]=2.79492
cache=0 for ii=0 jj=1
 -0.4892578 | 0 | 0.015625 | 2.79492187 | 1.22265625 | 1.39785922 |
| 0000000090 | 0000000000 | 0000000004 |cache1 (preds): 2.7334
cache2 (ground): 3.12402
divergences: 0.390625
grad: -0.390625
cache1 (preds): 0
cache2 (ground): 0
divergences: 0
grad: 0

---------------------------------
grads_in[0]=-0.390625
data_in[0]=6.24805
cache=-2.44141 for ii=0 jj=0
 -2.4414062 | 0.4375 |
---------------------------------
grads_in[1]=0
data_in[0]=6.24805
cache=0 for ii=0 jj=1
 -2.4414062 | 0 | 0.07617187 | 6.24804687 | 2.73339843 | 3.12413454 |
| 0000000091 | 0000000000 | 0000000004 |cache1 (preds): 1.46484
cache2 (ground): 1.6748
divergences: 0.209961
grad: -0.209961
cache1 (preds): 0
cache2 (ground): 0
divergences: 0
grad: 0

---------------------------------
grads_in[0]=-0.209961
data_in[0]=3.34961
cache=-0.704102 for ii=0 jj=0
 -0.7041015 | 0.4375 |
---------------------------------
grads_in[1]=0
data_in[0]=3.34961
cache=0 for ii=0 jj=1
 -0.7041015 | 0 | 0.02246093 | 3.34960937 | 1.46484375 | 1.67523587 |
| 0000000092 | 0000000000 | 0000000004 |cache1 (preds): 1.20508
cache2 (ground): 1.37793
divergences: 0.172852
grad: -0.172852
cache1 (preds): 0
cache2 (ground): 0
divergences: 0
grad: 0

---------------------------------
grads_in[0]=-0.172852
data_in[0]=2.75488
cache=-0.476563 for ii=0 jj=0
 -0.4765625 | 0.4375 |
---------------------------------
grads_in[1]=0
data_in[0]=2.75488
cache=0 for ii=0 jj=1
 -0.4765625 | 0 | 0.015625 | 2.75488281 | 1.20507812 | 1.37766695 |
| 0000000093 | 0000000000 | 0000000004 |cache1 (preds): 0.6875
cache2 (ground): 0.786133
divergences: 0.0986328
grad: -0.0986328
cache1 (preds): 0
cache2 (ground): 0
divergences: 0
grad: 0

---------------------------------
grads_in[0]=-0.0986328
data_in[0]=1.57227
cache=-0.155273 for ii=0 jj=0
 -0.1552734 | 0.4375 |
---------------------------------
grads_in[1]=0
data_in[0]=1.57227
cache=0 for ii=0 jj=1
 -0.1552734 | 0 | 0.00488281 | 1.57226562 | 0.6875 | 0.78650057 |
| 0000000094 | 0000000000 | 0000000004 |cache1 (preds): 0.459961
cache2 (ground): 0.526367
divergences: 0.0664063
grad: -0.0664063
cache1 (preds): 0
cache2 (ground): 0
divergences: 0
grad: 0

---------------------------------
grads_in[0]=-0.0664063
data_in[0]=1.05176
cache=-0.0703125 for ii=0 jj=0
 -0.0703125 | 0.4375 |
---------------------------------
grads_in[1]=0
data_in[0]=1.05176
cache=0 for ii=0 jj=1
 -0.0703125 | 0 | 0.00292968 | 1.05175781 | 0.45996093 | 0.52625674 |
| 0000000095 | 0000000000 | 0000000004 |cache1 (preds): 0.171875
cache2 (ground): 0.197266
divergences: 0.0253906
grad: -0.0253906
cache1 (preds): 0
cache2 (ground): 0
divergences: 0
grad: 0

---------------------------------
grads_in[0]=-0.0253906
data_in[0]=0.393555
cache=-0.0107422 for ii=0 jj=0
 -0.0107421 | 0.4375 |
---------------------------------
grads_in[1]=0
data_in[0]=0.393555
cache=0 for ii=0 jj=1
 -0.0107421 | 0 | 0.00097656 | 0.39355468 | 0.171875 | 0.19695795 |
| 0000000096 | 0000000000 | 0000000004 |cache1 (preds): 2.4707
cache2 (ground): 2.8252
divergences: 0.354492
grad: -0.354492
cache1 (preds): 0
cache2 (ground): 0
divergences: 0
grad: 0

---------------------------------
grads_in[0]=-0.354492
data_in[0]=5.64941
cache=-2.00293 for ii=0 jj=0
 -2.0029296 | 0.4375 |
---------------------------------
grads_in[1]=0
data_in[0]=5.64941
cache=0 for ii=0 jj=1
 -2.0029296 | 0 | 0.06347656 | 5.64941406 | 2.47070312 | 2.82488585 |
| 0000000097 | 0000000000 | 0000000004 |cache1 (preds): 2.25195
cache2 (ground): 2.57422
divergences: 0.322266
grad: -0.322266
cache1 (preds): 0
cache2 (ground): 0
divergences: 0
grad: 0

---------------------------------
grads_in[0]=-0.322266
data_in[0]=5.14746
cache=-1.65918 for ii=0 jj=0
 -1.6591796 | 0.4375 |
---------------------------------
grads_in[1]=0
data_in[0]=5.14746
cache=0 for ii=0 jj=1
 -1.6591796 | 0 | 0.05175781 | 5.14746093 | 2.25195312 | 2.57390761 |
| 0000000098 | 0000000000 | 0000000004 |cache1 (preds): 1.3916
cache2 (ground): 1.59082
divergences: 0.199219
grad: -0.199219
cache1 (preds): 0
cache2 (ground): 0
divergences: 0
grad: 0

---------------------------------
grads_in[0]=-0.199219
data_in[0]=3.18164
cache=-0.634766 for ii=0 jj=0
 -0.6347656 | 0.4375 |
---------------------------------
grads_in[1]=0
data_in[0]=3.18164
cache=0 for ii=0 jj=1
 -0.6347656 | 0 | 0.02050781 | 3.18164062 | 1.39160156 | 1.59096158 |
| 0000000099 | 0000000000 | 0000000004 |cache1 (preds): 2.52051
cache2 (ground): 2.88086
divergences: 0.360352
grad: -0.360352
cache1 (preds): 0
cache2 (ground): 0
divergences: 0
grad: 0

---------------------------------
grads_in[0]=-0.360352
data_in[0]=5.76172
cache=-2.07715 for ii=0 jj=0
 -2.0771484 | 0.4375 |
---------------------------------
grads_in[1]=0
data_in[0]=5.76172
cache=0 for ii=0 jj=1
 -2.0771484 | 0 | 0.06542968 | 5.76171875 | 2.52050781 | 2.88131666 |
INFO: Saved inference results to file: tb_data/csim_results.log
INFO: [SIM 1] CSim done with 0 errors.
INFO: [SIM 3] *************** CSIM finish ***************
