

================================================================
== Vivado HLS Report for 'dense_latency_ap_fixed_ap_fixed_config4_0_0'
================================================================
* Date:           Thu Mar  9 21:36:28 2023

* Version:        2019.2 (Build 2704478 on Wed Nov 06 22:10:23 MST 2019)
* Project:        myproject_prj
* Solution:       solution1
* Product family: virtexuplus
* Target device:  xcu250-figd2104-2L-e


================================================================
== Performance Estimates
================================================================
+ Timing: 
    * Summary: 
    +--------+---------+----------+------------+
    |  Clock |  Target | Estimated| Uncertainty|
    +--------+---------+----------+------------+
    |ap_clk  | 5.00 ns | 2.548 ns |   0.62 ns  |
    +--------+---------+----------+------------+

+ Latency: 
    * Summary: 
    +---------+---------+-----------+-----------+-----+-----+----------+
    |  Latency (cycles) |   Latency (absolute)  |  Interval | Pipeline |
    |   min   |   max   |    min    |    max    | min | max |   Type   |
    +---------+---------+-----------+-----------+-----+-----+----------+
    |        2|        2| 10.000 ns | 10.000 ns |    2|    2| function |
    +---------+---------+-----------+-----------+-----+-----+----------+

    + Detail: 
        * Instance: 
        N/A

        * Loop: 
        N/A

============================================================
+ Verbose Summary: Synthesis Manager
============================================================
InlineROM: 1
ExposeGlobal: 0
============================================================
+ Verbose Summary: CDFG Model
============================================================
IsTopModel: 0
ResetActiveHigh: 1
IsCombinational: 0
IsDatapathOnly: 0
HasWiredReturn: 1
HasMFsm: 2
HasVarLatency: 0
IsPipeline: 1
IsRtlPipelined: 1
IsInstanceOverlapped: 0
IsDontTouch: 0
HasImplIP: 0
IsGatedGlobalClock: 0

+ Individual pipeline summary: 
  * Pipeline-0: initiation interval (II) = 2, depth = 3


============================================================
+ Verbose Summary: Schedule
============================================================
* Number of FSM states : 3
* Pipeline : 1
  Pipeline-0 : II = 2, D = 3, States = { 1 2 3 }
* Dataflow Pipeline: 0

* FSM state transitions: 
1 --> 2 
2 --> 3 
3 --> 

* FSM state operations: 

State 1 <SV = 0> <Delay = 0.59>
ST_1 : Operation 4 [2/2] (0.59ns)   --->   "%w4_V_load = load i6* getelementptr inbounds ([2 x i6]* @w4_V, i64 0, i64 0), align 1" [firmware/nnet_utils/nnet_dense_latency.h:96]   --->   Operation 4 'load' 'w4_V_load' <Predicate = true> <Delay = 0.59> <Core = "RAM">   --->   Core 37 'RAM' <Latency = 1> <II = 1> <Delay = 0.59> <Storage> <Opcode : 'load' 'store'> <Ports = 2> <Width = 6> <Depth = 2> <RAM>
ST_1 : Operation 5 [2/2] (0.59ns)   --->   "%w4_V_load_1 = load i6* getelementptr inbounds ([2 x i6]* @w4_V, i64 0, i64 1), align 1" [firmware/nnet_utils/nnet_dense_latency.h:96]   --->   Operation 5 'load' 'w4_V_load_1' <Predicate = true> <Delay = 0.59> <Core = "RAM">   --->   Core 37 'RAM' <Latency = 1> <II = 1> <Delay = 0.59> <Storage> <Opcode : 'load' 'store'> <Ports = 2> <Width = 6> <Depth = 2> <RAM>

State 2 <SV = 1> <Delay = 2.53>
ST_2 : Operation 6 [1/1] (0.00ns)   --->   "%data_1_V_read_2 = call i16 @_ssdm_op_Read.ap_auto.i16(i16 %data_1_V_read)" [firmware/nnet_utils/nnet_dense_latency.h:33]   --->   Operation 6 'read' 'data_1_V_read_2' <Predicate = true> <Delay = 0.00>
ST_2 : Operation 7 [1/1] (0.00ns)   --->   "%data_0_V_read_2 = call i16 @_ssdm_op_Read.ap_auto.i16(i16 %data_0_V_read)" [firmware/nnet_utils/nnet_dense_latency.h:33]   --->   Operation 7 'read' 'data_0_V_read_2' <Predicate = true> <Delay = 0.00>
ST_2 : Operation 8 [1/2] (0.59ns)   --->   "%w4_V_load = load i6* getelementptr inbounds ([2 x i6]* @w4_V, i64 0, i64 0), align 1" [firmware/nnet_utils/nnet_dense_latency.h:96]   --->   Operation 8 'load' 'w4_V_load' <Predicate = true> <Delay = 0.59> <Core = "RAM">   --->   Core 37 'RAM' <Latency = 1> <II = 1> <Delay = 0.59> <Storage> <Opcode : 'load' 'store'> <Ports = 2> <Width = 6> <Depth = 2> <RAM>
ST_2 : Operation 9 [1/1] (0.00ns)   --->   "%sext_ln1118 = sext i16 %data_0_V_read_2 to i21" [firmware/nnet_utils/nnet_mult.h:77->firmware/nnet_utils/nnet_dense_latency.h:96]   --->   Operation 9 'sext' 'sext_ln1118' <Predicate = true> <Delay = 0.00>
ST_2 : Operation 10 [1/1] (0.00ns)   --->   "%sext_ln1118_3 = sext i6 %w4_V_load to i21" [firmware/nnet_utils/nnet_mult.h:77->firmware/nnet_utils/nnet_dense_latency.h:96]   --->   Operation 10 'sext' 'sext_ln1118_3' <Predicate = true> <Delay = 0.00>
ST_2 : Operation 11 [1/1] (1.94ns)   --->   "%mul_ln1118 = mul i21 %sext_ln1118, %sext_ln1118_3" [firmware/nnet_utils/nnet_mult.h:77->firmware/nnet_utils/nnet_dense_latency.h:96]   --->   Operation 11 'mul' 'mul_ln1118' <Predicate = true> <Delay = 1.94> <Core = "Mul">   --->   Core 16 'Mul' <Latency = 0> <II = 1> <Delay = 1.94> <FuncUnit> <Opcode : 'mul'> <InPorts = 2> <OutPorts = 1>
ST_2 : Operation 12 [1/1] (0.00ns)   --->   "%trunc_ln = call i16 @_ssdm_op_PartSelect.i16.i21.i32.i32(i21 %mul_ln1118, i32 5, i32 20)" [firmware/nnet_utils/nnet_mult.h:77->firmware/nnet_utils/nnet_dense_latency.h:96]   --->   Operation 12 'partselect' 'trunc_ln' <Predicate = true> <Delay = 0.00>
ST_2 : Operation 13 [1/2] (0.59ns)   --->   "%w4_V_load_1 = load i6* getelementptr inbounds ([2 x i6]* @w4_V, i64 0, i64 1), align 1" [firmware/nnet_utils/nnet_dense_latency.h:96]   --->   Operation 13 'load' 'w4_V_load_1' <Predicate = true> <Delay = 0.59> <Core = "RAM">   --->   Core 37 'RAM' <Latency = 1> <II = 1> <Delay = 0.59> <Storage> <Opcode : 'load' 'store'> <Ports = 2> <Width = 6> <Depth = 2> <RAM>

State 3 <SV = 2> <Delay = 2.54>
ST_3 : Operation 14 [1/1] (0.00ns)   --->   "%tmp = call i32 (...)* @_ssdm_op_SpecRegionBegin([12 x i8]* @p_str14)" [firmware/nnet_utils/nnet_dense_latency.h:45]   --->   Operation 14 'specregionbegin' 'tmp' <Predicate = true> <Delay = 0.00>
ST_3 : Operation 15 [1/1] (0.00ns)   --->   "call void (...)* @_ssdm_op_SpecPipeline(i32 1, i32 1, i32 1, i32 0, [1 x i8]* @p_str5) nounwind" [firmware/nnet_utils/nnet_dense_latency.h:49]   --->   Operation 15 'specpipeline' <Predicate = true> <Delay = 0.00>
ST_3 : Operation 16 [1/1] (0.00ns)   --->   "call void (...)* @_ssdm_op_SpecResourceLimit(i32 1, [4 x i8]* @p_str19, [1 x i8]* @p_str5, [1 x i8]* @p_str5, [1 x i8]* @p_str5) nounwind" [firmware/nnet_utils/nnet_mult.h:81->firmware/nnet_utils/nnet_dense_latency.h:57]   --->   Operation 16 'specresourcelimit' <Predicate = true> <Delay = 0.00>
ST_3 : Operation 17 [1/1] (0.00ns)   --->   "%empty = call i32 (...)* @_ssdm_op_SpecRegionEnd([12 x i8]* @p_str14, i32 %tmp)" [firmware/nnet_utils/nnet_dense_latency.h:59]   --->   Operation 17 'specregionend' 'empty' <Predicate = true> <Delay = 0.00>
ST_3 : Operation 18 [1/1] (0.00ns)   --->   "%sext_ln1118_4 = sext i16 %data_1_V_read_2 to i21" [firmware/nnet_utils/nnet_mult.h:77->firmware/nnet_utils/nnet_dense_latency.h:96]   --->   Operation 18 'sext' 'sext_ln1118_4' <Predicate = true> <Delay = 0.00>
ST_3 : Operation 19 [1/1] (0.00ns)   --->   "%sext_ln1118_5 = sext i6 %w4_V_load_1 to i21" [firmware/nnet_utils/nnet_mult.h:77->firmware/nnet_utils/nnet_dense_latency.h:96]   --->   Operation 19 'sext' 'sext_ln1118_5' <Predicate = true> <Delay = 0.00>
ST_3 : Operation 20 [1/1] (1.94ns)   --->   "%mul_ln1118_2 = mul i21 %sext_ln1118_4, %sext_ln1118_5" [firmware/nnet_utils/nnet_mult.h:77->firmware/nnet_utils/nnet_dense_latency.h:96]   --->   Operation 20 'mul' 'mul_ln1118_2' <Predicate = true> <Delay = 1.94> <Core = "Mul">   --->   Core 16 'Mul' <Latency = 0> <II = 1> <Delay = 1.94> <FuncUnit> <Opcode : 'mul'> <InPorts = 2> <OutPorts = 1>
ST_3 : Operation 21 [1/1] (0.00ns)   --->   "%trunc_ln708_1 = call i16 @_ssdm_op_PartSelect.i16.i21.i32.i32(i21 %mul_ln1118_2, i32 5, i32 20)" [firmware/nnet_utils/nnet_mult.h:77->firmware/nnet_utils/nnet_dense_latency.h:96]   --->   Operation 21 'partselect' 'trunc_ln708_1' <Predicate = true> <Delay = 0.00>
ST_3 : Operation 22 [1/1] (0.00ns)   --->   "call void (...)* @_ssdm_op_SpecLoopName([11 x i8]* @p_str15) nounwind" [firmware/nnet_utils/nnet_dense_latency.h:101]   --->   Operation 22 'specloopname' <Predicate = true> <Delay = 0.00>
ST_3 : Operation 23 [1/1] (0.60ns)   --->   "%add_ln703 = add i16 %trunc_ln708_1, %trunc_ln" [firmware/nnet_utils/nnet_dense_latency.h:115]   --->   Operation 23 'add' 'add_ln703' <Predicate = true> <Delay = 0.60> <Core = "AddSub">   --->   Core 14 'AddSub' <Latency = 0> <II = 1> <Delay = 0.60> <FuncUnit> <Opcode : 'add' 'sub'> <InPorts = 2> <OutPorts = 1>
ST_3 : Operation 24 [1/1] (0.00ns)   --->   "call void (...)* @_ssdm_op_SpecLoopName([7 x i8]* @p_str18) nounwind" [firmware/nnet_utils/nnet_dense_latency.h:120]   --->   Operation 24 'specloopname' <Predicate = true> <Delay = 0.00>
ST_3 : Operation 25 [1/1] (0.00ns)   --->   "ret i16 %add_ln703" [firmware/nnet_utils/nnet_dense_latency.h:127]   --->   Operation 25 'ret' <Predicate = true> <Delay = 0.00>


============================================================
+ Verbose Summary: Binding
============================================================
STG Binding: 
---------------- STG Properties BEGIN ----------------
- Is combinational: 0
- Is one-state seq: 0
- Is datapath-only: 0
- Is pipelined: 1
- Is top level: 0
Port [ Return ] is wired: 1; IO mode=ap_ctrl_hs:ce=0
Port [ data_0_V_read]:  wired=1; compound=0; hidden=0; nouse=0; global=0; static=0; extern=0; dir=0; type=0; pingpong=0; private_global=0; IO mode=ap_none:ce=0
Port [ data_1_V_read]:  wired=1; compound=0; hidden=0; nouse=0; global=0; static=0; extern=0; dir=0; type=0; pingpong=0; private_global=0; IO mode=ap_none:ce=0
Port [ w4_V]:  wired=1; compound=1; hidden=0; nouse=0; global=1; static=0; extern=0; dir=0; type=1; pingpong=0; private_global=0; linkage=0; visibility=0; MemPort=[11]; IO mode=ap_memory:ce=0
---------------- STG Properties END ------------------

---------------- Datapath Model BEGIN ----------------

<LifeTime>
<method=bitvector/>
data_1_V_read_2        (read             ) [ 0101]
data_0_V_read_2        (read             ) [ 0000]
w4_V_load              (load             ) [ 0000]
sext_ln1118            (sext             ) [ 0000]
sext_ln1118_3          (sext             ) [ 0000]
mul_ln1118             (mul              ) [ 0000]
trunc_ln               (partselect       ) [ 0101]
w4_V_load_1            (load             ) [ 0101]
tmp                    (specregionbegin  ) [ 0000]
specpipeline_ln49      (specpipeline     ) [ 0000]
specresourcelimit_ln81 (specresourcelimit) [ 0000]
empty                  (specregionend    ) [ 0000]
sext_ln1118_4          (sext             ) [ 0000]
sext_ln1118_5          (sext             ) [ 0000]
mul_ln1118_2           (mul              ) [ 0000]
trunc_ln708_1          (partselect       ) [ 0000]
specloopname_ln101     (specloopname     ) [ 0000]
add_ln703              (add              ) [ 0000]
specloopname_ln120     (specloopname     ) [ 0000]
ret_ln127              (ret              ) [ 0000]
</LifeTime>

<model>

<comp_list>
<comp id="0" class="1000" name="data_0_V_read">
<pin_list>
<pin id="1" dir="1" index="0" bw="1" slack="0"/>
</pin_list>
<bind>
<StgValue><ssdm name="data_0_V_read"/></StgValue>
</bind>
</comp>

<comp id="2" class="1000" name="data_1_V_read">
<pin_list>
<pin id="3" dir="1" index="0" bw="1" slack="0"/>
</pin_list>
<bind>
<StgValue><ssdm name="data_1_V_read"/></StgValue>
</bind>
</comp>

<comp id="4" class="1000" name="w4_V">
<pin_list>
<pin id="5" dir="1" index="0" bw="1" slack="2147483647"/>
</pin_list>
<bind>
<StgValue><ssdm name="w4_V"/><MemPortTyVec>1 1 </MemPortTyVec>
</StgValue>
</bind>
</comp>

<comp id="6" class="1001" name="const_6">
<pin_list>
<pin id="7" dir="1" index="0" bw="1" slack="0"/>
</pin_list>
<bind>
<StgValue><ssdm name=""/></StgValue>
</bind>
</comp>

<comp id="8" class="1001" name="const_8">
<pin_list>
<pin id="9" dir="1" index="0" bw="1" slack="0"/>
</pin_list>
<bind>
<StgValue><ssdm name=""/></StgValue>
</bind>
</comp>

<comp id="10" class="1001" name="const_10">
<pin_list>
<pin id="11" dir="1" index="0" bw="1" slack="0"/>
</pin_list>
<bind>
<StgValue><ssdm name="_ssdm_op_Read.ap_auto.i16"/></StgValue>
</bind>
</comp>

<comp id="12" class="1001" name="const_12">
<pin_list>
<pin id="13" dir="1" index="0" bw="1" slack="0"/>
</pin_list>
<bind>
<StgValue><ssdm name="_ssdm_op_PartSelect.i16.i21.i32.i32"/></StgValue>
</bind>
</comp>

<comp id="14" class="1001" name="const_14">
<pin_list>
<pin id="15" dir="1" index="0" bw="1" slack="0"/>
</pin_list>
<bind>
<StgValue><ssdm name=""/></StgValue>
</bind>
</comp>

<comp id="16" class="1001" name="const_16">
<pin_list>
<pin id="17" dir="1" index="0" bw="1" slack="0"/>
</pin_list>
<bind>
<StgValue><ssdm name=""/></StgValue>
</bind>
</comp>

<comp id="18" class="1001" name="const_18">
<pin_list>
<pin id="19" dir="1" index="0" bw="1" slack="2147483647"/>
</pin_list>
<bind>
<StgValue><ssdm name="_ssdm_op_SpecRegionBegin"/></StgValue>
</bind>
</comp>

<comp id="20" class="1001" name="const_20">
<pin_list>
<pin id="21" dir="1" index="0" bw="1" slack="2147483647"/>
</pin_list>
<bind>
<StgValue><ssdm name="p_str14"/></StgValue>
</bind>
</comp>

<comp id="22" class="1001" name="const_22">
<pin_list>
<pin id="23" dir="1" index="0" bw="1" slack="2147483647"/>
</pin_list>
<bind>
<StgValue><ssdm name="_ssdm_op_SpecPipeline"/></StgValue>
</bind>
</comp>

<comp id="24" class="1001" name="const_24">
<pin_list>
<pin id="25" dir="1" index="0" bw="1" slack="2147483647"/>
</pin_list>
<bind>
<StgValue><ssdm name=""/></StgValue>
</bind>
</comp>

<comp id="26" class="1001" name="const_26">
<pin_list>
<pin id="27" dir="1" index="0" bw="1" slack="2147483647"/>
</pin_list>
<bind>
<StgValue><ssdm name=""/></StgValue>
</bind>
</comp>

<comp id="28" class="1001" name="const_28">
<pin_list>
<pin id="29" dir="1" index="0" bw="1" slack="2147483647"/>
</pin_list>
<bind>
<StgValue><ssdm name="p_str5"/></StgValue>
</bind>
</comp>

<comp id="30" class="1001" name="const_30">
<pin_list>
<pin id="31" dir="1" index="0" bw="1" slack="2147483647"/>
</pin_list>
<bind>
<StgValue><ssdm name="_ssdm_op_SpecResourceLimit"/></StgValue>
</bind>
</comp>

<comp id="32" class="1001" name="const_32">
<pin_list>
<pin id="33" dir="1" index="0" bw="1" slack="2147483647"/>
</pin_list>
<bind>
<StgValue><ssdm name="p_str19"/></StgValue>
</bind>
</comp>

<comp id="34" class="1001" name="const_34">
<pin_list>
<pin id="35" dir="1" index="0" bw="1" slack="2147483647"/>
</pin_list>
<bind>
<StgValue><ssdm name="_ssdm_op_SpecRegionEnd"/></StgValue>
</bind>
</comp>

<comp id="36" class="1001" name="const_36">
<pin_list>
<pin id="37" dir="1" index="0" bw="1" slack="2147483647"/>
</pin_list>
<bind>
<StgValue><ssdm name="_ssdm_op_SpecLoopName"/></StgValue>
</bind>
</comp>

<comp id="38" class="1001" name="const_38">
<pin_list>
<pin id="39" dir="1" index="0" bw="1" slack="2147483647"/>
</pin_list>
<bind>
<StgValue><ssdm name="p_str15"/></StgValue>
</bind>
</comp>

<comp id="40" class="1001" name="const_40">
<pin_list>
<pin id="41" dir="1" index="0" bw="1" slack="2147483647"/>
</pin_list>
<bind>
<StgValue><ssdm name="p_str18"/></StgValue>
</bind>
</comp>

<comp id="42" class="1004" name="data_1_V_read_2_read_fu_42">
<pin_list>
<pin id="43" dir="0" index="0" bw="16" slack="0"/>
<pin id="44" dir="0" index="1" bw="16" slack="0"/>
<pin id="45" dir="1" index="2" bw="16" slack="1"/>
</pin_list>
<bind>
<opcode="read(1150) " fcode="read"/>
<opset="data_1_V_read_2/2 "/>
</bind>
</comp>

<comp id="48" class="1004" name="data_0_V_read_2_read_fu_48">
<pin_list>
<pin id="49" dir="0" index="0" bw="16" slack="0"/>
<pin id="50" dir="0" index="1" bw="16" slack="0"/>
<pin id="51" dir="1" index="2" bw="16" slack="0"/>
</pin_list>
<bind>
<opcode="read(1150) " fcode="read"/>
<opset="data_0_V_read_2/2 "/>
</bind>
</comp>

<comp id="54" class="1004" name="grp_access_fu_54">
<pin_list>
<pin id="55" dir="0" index="0" bw="6" slack="0"/>
<pin id="56" dir="0" index="1" bw="6" slack="2147483647"/>
<pin id="57" dir="0" index="2" bw="0" slack="0"/>
<pin id="60" dir="0" index="4" bw="6" slack="2147483647"/>
<pin id="61" dir="0" index="5" bw="6" slack="2147483647"/>
<pin id="62" dir="0" index="6" bw="0" slack="2147483647"/>
<pin id="58" dir="1" index="3" bw="6" slack="0"/>
<pin id="63" dir="1" index="7" bw="6" slack="1"/>
</pin_list>
<bind>
<opcode="load(27) " fcode="load"/>
<opset="w4_V_load/1 w4_V_load_1/1 "/>
</bind>
</comp>

<comp id="65" class="1004" name="grp_fu_65">
<pin_list>
<pin id="69" dir="0" index="0" bw="16" slack="0"/>
<pin id="70" dir="0" index="1" bw="6" slack="0"/>
<pin id="71" dir="1" index="2" bw="21" slack="0"/>
</pin_list>
<bind>
<opcode="mul(12) " fcode="mul"/>
<opset="mul_ln1118/2 mul_ln1118_2/3 "/>
</bind>
</comp>

<comp id="79" class="1004" name="grp_fu_79">
<pin_list>
<pin id="80" dir="0" index="0" bw="16" slack="0"/>
<pin id="81" dir="0" index="1" bw="21" slack="0"/>
<pin id="82" dir="0" index="2" bw="4" slack="0"/>
<pin id="83" dir="0" index="3" bw="6" slack="0"/>
<pin id="84" dir="1" index="4" bw="16" slack="0"/>
</pin_list>
<bind>
<opcode="partselect(1002) " fcode="partselect"/>
<opset="trunc_ln/2 trunc_ln708_1/3 "/>
</bind>
</comp>

<comp id="89" class="1004" name="sext_ln1118_fu_89">
<pin_list>
<pin id="90" dir="0" index="0" bw="16" slack="0"/>
<pin id="91" dir="1" index="1" bw="21" slack="0"/>
</pin_list>
<bind>
<opcode="sext(35) " fcode="sext"/>
<opset="sext_ln1118/2 "/>
</bind>
</comp>

<comp id="94" class="1004" name="sext_ln1118_3_fu_94">
<pin_list>
<pin id="95" dir="0" index="0" bw="6" slack="0"/>
<pin id="96" dir="1" index="1" bw="21" slack="0"/>
</pin_list>
<bind>
<opcode="sext(35) " fcode="sext"/>
<opset="sext_ln1118_3/2 "/>
</bind>
</comp>

<comp id="99" class="1004" name="sext_ln1118_4_fu_99">
<pin_list>
<pin id="100" dir="0" index="0" bw="16" slack="1"/>
<pin id="101" dir="1" index="1" bw="21" slack="0"/>
</pin_list>
<bind>
<opcode="sext(35) " fcode="sext"/>
<opset="sext_ln1118_4/3 "/>
</bind>
</comp>

<comp id="103" class="1004" name="sext_ln1118_5_fu_103">
<pin_list>
<pin id="104" dir="0" index="0" bw="6" slack="1"/>
<pin id="105" dir="1" index="1" bw="21" slack="0"/>
</pin_list>
<bind>
<opcode="sext(35) " fcode="sext"/>
<opset="sext_ln1118_5/3 "/>
</bind>
</comp>

<comp id="107" class="1004" name="add_ln703_fu_107">
<pin_list>
<pin id="108" dir="0" index="0" bw="16" slack="0"/>
<pin id="109" dir="0" index="1" bw="16" slack="1"/>
<pin id="110" dir="1" index="2" bw="16" slack="2147483647"/>
</pin_list>
<bind>
<opcode="add(8) " fcode="add"/>
<opset="add_ln703/3 "/>
</bind>
</comp>

<comp id="112" class="1005" name="data_1_V_read_2_reg_112">
<pin_list>
<pin id="113" dir="0" index="0" bw="16" slack="1"/>
<pin id="114" dir="1" index="1" bw="16" slack="1"/>
</pin_list>
<bind>
<opset="data_1_V_read_2 "/>
</bind>
</comp>

<comp id="117" class="1005" name="trunc_ln_reg_117">
<pin_list>
<pin id="118" dir="0" index="0" bw="16" slack="1"/>
<pin id="119" dir="1" index="1" bw="16" slack="1"/>
</pin_list>
<bind>
<opset="trunc_ln "/>
</bind>
</comp>

<comp id="122" class="1005" name="w4_V_load_1_reg_122">
<pin_list>
<pin id="123" dir="0" index="0" bw="6" slack="1"/>
<pin id="124" dir="1" index="1" bw="6" slack="1"/>
</pin_list>
<bind>
<opset="w4_V_load_1 "/>
</bind>
</comp>

</comp_list>

<net_list>
<net id="46"><net_src comp="10" pin="0"/><net_sink comp="42" pin=0"/></net>

<net id="47"><net_src comp="2" pin="0"/><net_sink comp="42" pin=1"/></net>

<net id="52"><net_src comp="10" pin="0"/><net_sink comp="48" pin=0"/></net>

<net id="53"><net_src comp="0" pin="0"/><net_sink comp="48" pin=1"/></net>

<net id="59"><net_src comp="6" pin="0"/><net_sink comp="54" pin=0"/></net>

<net id="64"><net_src comp="8" pin="0"/><net_sink comp="54" pin=2"/></net>

<net id="85"><net_src comp="12" pin="0"/><net_sink comp="79" pin=0"/></net>

<net id="86"><net_src comp="65" pin="2"/><net_sink comp="79" pin=1"/></net>

<net id="87"><net_src comp="14" pin="0"/><net_sink comp="79" pin=2"/></net>

<net id="88"><net_src comp="16" pin="0"/><net_sink comp="79" pin=3"/></net>

<net id="92"><net_src comp="48" pin="2"/><net_sink comp="89" pin=0"/></net>

<net id="93"><net_src comp="89" pin="1"/><net_sink comp="65" pin=0"/></net>

<net id="97"><net_src comp="54" pin="3"/><net_sink comp="94" pin=0"/></net>

<net id="98"><net_src comp="94" pin="1"/><net_sink comp="65" pin=1"/></net>

<net id="102"><net_src comp="99" pin="1"/><net_sink comp="65" pin=0"/></net>

<net id="106"><net_src comp="103" pin="1"/><net_sink comp="65" pin=1"/></net>

<net id="111"><net_src comp="79" pin="4"/><net_sink comp="107" pin=0"/></net>

<net id="115"><net_src comp="42" pin="2"/><net_sink comp="112" pin=0"/></net>

<net id="116"><net_src comp="112" pin="1"/><net_sink comp="99" pin=0"/></net>

<net id="120"><net_src comp="79" pin="4"/><net_sink comp="117" pin=0"/></net>

<net id="121"><net_src comp="117" pin="1"/><net_sink comp="107" pin=1"/></net>

<net id="125"><net_src comp="54" pin="7"/><net_sink comp="122" pin=0"/></net>

<net id="126"><net_src comp="122" pin="1"/><net_sink comp="103" pin=0"/></net>

</net_list>

</model> 
---------------- Datapath Model END ------------------

* FSMD analyzer results:
  - Output states:
 - Input state : 
	Port: dense_latency<ap_fixed,ap_fixed,config4>.0.0 : data_0_V_read | {2 }
	Port: dense_latency<ap_fixed,ap_fixed,config4>.0.0 : data_1_V_read | {2 }
	Port: dense_latency<ap_fixed,ap_fixed,config4>.0.0 : w4_V | {1 2 }
  - Chain level:
	State 1
	State 2
		sext_ln1118_3 : 1
		mul_ln1118 : 2
		trunc_ln : 3
	State 3
		empty : 1
		mul_ln1118_2 : 1
		trunc_ln708_1 : 2
		add_ln703 : 3
		ret_ln127 : 4


============================================================
+ Verbose Summary: Datapath Resource usage 
============================================================

* Functional unit list:
|----------|----------------------------|---------|---------|---------|
| Operation|       Functional Unit      |  DSP48E |    FF   |   LUT   |
|----------|----------------------------|---------|---------|---------|
|    add   |      add_ln703_fu_107      |    0    |    0    |    16   |
|----------|----------------------------|---------|---------|---------|
|    mul   |          grp_fu_65         |    1    |    0    |    5    |
|----------|----------------------------|---------|---------|---------|
|   read   | data_1_V_read_2_read_fu_42 |    0    |    0    |    0    |
|          | data_0_V_read_2_read_fu_48 |    0    |    0    |    0    |
|----------|----------------------------|---------|---------|---------|
|partselect|          grp_fu_79         |    0    |    0    |    0    |
|----------|----------------------------|---------|---------|---------|
|          |      sext_ln1118_fu_89     |    0    |    0    |    0    |
|   sext   |     sext_ln1118_3_fu_94    |    0    |    0    |    0    |
|          |     sext_ln1118_4_fu_99    |    0    |    0    |    0    |
|          |    sext_ln1118_5_fu_103    |    0    |    0    |    0    |
|----------|----------------------------|---------|---------|---------|
|   Total  |                            |    1    |    0    |    21   |
|----------|----------------------------|---------|---------|---------|

Memories:
N/A

* Register list:
+-----------------------+--------+
|                       |   FF   |
+-----------------------+--------+
|data_1_V_read_2_reg_112|   16   |
|    trunc_ln_reg_117   |   16   |
|  w4_V_load_1_reg_122  |    6   |
+-----------------------+--------+
|         Total         |   38   |
+-----------------------+--------+

* Multiplexer (MUX) list: 
|-----------|------|------|------|--------||---------||---------|
|    Comp   |  Pin | Size |  BW  | S x BW ||  Delay  ||   LUT   |
|-----------|------|------|------|--------||---------||---------|
| grp_fu_65 |  p0  |   2  |  16  |   32   ||    9    |
| grp_fu_65 |  p1  |   2  |   6  |   12   ||    9    |
|-----------|------|------|------|--------||---------||---------|
|   Total   |      |      |      |   44   ||  1.206  ||    18   |
|-----------|------|------|------|--------||---------||---------|



* Summary:
+-----------+--------+--------+--------+--------+
|           | DSP48E |  Delay |   FF   |   LUT  |
+-----------+--------+--------+--------+--------+
|  Function |    1   |    -   |    0   |   21   |
|   Memory  |    -   |    -   |    -   |    -   |
|Multiplexer|    -   |    1   |    -   |   18   |
|  Register |    -   |    -   |   38   |    -   |
+-----------+--------+--------+--------+--------+
|   Total   |    1   |    1   |   38   |   39   |
+-----------+--------+--------+--------+--------+
