INFO: [HLS 200-10] Running '/fpga/cad/xilinx/Vivado/2019.2/bin/unwrapped/lnx64.o/vivado_hls'
INFO: [HLS 200-10] For user 'manuelbv' on host 'kona-ubuntu' (Linux_x86_64 version 5.15.0-58-generic) on Tue Jan 31 18:33:33 CST 2023
INFO: [HLS 200-10] On os Ubuntu 20.04.4 LTS
INFO: [HLS 200-10] In directory '/mnt/raid0/asic/projects/NU/ETHW/manuelbv/tutorials/custom/model_dummy_forward/hls4ml_prj'
Sourcing Tcl script '/mnt/raid0/asic/projects/NU/ETHW/manuelbv/tutorials/custom/model_dummy_forward/hls4ml_prj/myproject_prj/solution1/csim.tcl'
INFO: [HLS 200-10] Opening project '/mnt/raid0/asic/projects/NU/ETHW/manuelbv/tutorials/custom/model_dummy_forward/hls4ml_prj/myproject_prj'.
INFO: [HLS 200-10] Opening solution '/mnt/raid0/asic/projects/NU/ETHW/manuelbv/tutorials/custom/model_dummy_forward/hls4ml_prj/myproject_prj/solution1'.
INFO: [SYN 201-201] Setting up clock 'default' with a period of 5ns.
INFO: [HLS 200-10] Setting target device to 'xcu250-figd2104-2L-e'
INFO: [XFORM 203-101] Allowed max sub elements number after partition is 4096.
INFO: [XFORM 203-1161] The maximum of name length is set into 60.
INFO: [SIM 211-2] *************** CSIM start ***************
INFO: [SIM 211-4] CSIM will launch GCC as the compiler.
   Compiling ../../../../myproject_test.cpp in debug mode
   Compiling ../../../../firmware/myproject.cpp in debug mode
   Generating csim.exe
.------------+------------+------------+------------+------------+------------+------------+------------+------------+
| Sample     | Epoch      | Batch size | grads[0]   | w[0]       | Loss       | Input[0]   | Pred[0]    | Grnd tr[0] |
+------------+------------+------------+------------+------------+------------+------------+------------+------------+
| 0000000000 | 0000000000 | 0000000004 | 0.23947428 | 0.74760525 | 0.02985299 | 0.98005378 | 0.734375 | 0.49002689 |
| 0000000001 | 0000000000 | 0000000004 | 4.46953101 | 0.70290994 | 0.55288186 | 4.25040960 | 3.17675781 | 2.12520480 |
| 0000000002 | 0000000000 | 0000000004 | 6.32746040 | 0.63963534 | 0.64150946 | 5.58615398 | 3.92578125 | 2.79307699 |
| 0000000003 | 0000000000 | 0000000004 | 0.19928428 | 0.63764250 | 0.01388058 | 1.19606316 | 0.76464843 | 0.59803158 |
| 0000000004 | 0000000000 | 0000000004 | 0.26325048 | 0.63500999 | 0.01811690 | 1.38296830 | 0.88183593 | 0.69148415 |
| 0000000005 | 0000000000 | 0000000004 | 0.51478982 | 0.62986209 | 0.03463065 | 1.95607101 | 1.24121093 | 0.97803551 |
| 0000000006 | 0000000000 | 0000000004 | 0.86849247 | 0.62117717 | 0.05638824 | 2.58616828 | 1.62890625 | 1.29308414 |
| 0000000007 | 0000000000 | 0000000004 | 2.51669071 | 0.59601026 | 0.15227793 | 4.56033086 | 2.83203125 | 2.28016543 |
| 0000000008 | 0000000000 | 0000000004 | 0.04106443 | 0.59559962 | 0.00195887 | 0.65606617 | 0.390625 | 0.32803309 |
| 0000000009 | 0000000000 | 0000000004 | 0.69200323 | 0.58867958 | 0.03301202 | 2.69312834 | 1.60351562 | 1.34656417 |
| 0000000010 | 0000000000 | 0000000004 | 0.24916745 | 0.58618791 | 0.01099955 | 1.67992055 | 0.98828125 | 0.83996028 |
| 0000000011 | 0000000000 | 0000000004 | 0.00005119 | 0.58618740 | 0.00000172 | 0.02753056 | 0.015625 | 0.01376528 |
| 0000000012 | 0000000000 | 0000000004 | 3.00353748 | 0.55615202 | 0.12927732 | 5.90686273 | 3.46191406 | 2.95343137 |
| 0000000013 | 0000000000 | 0000000004 | 2.63630236 | 0.52978900 | 0.07383609 | 6.86034345 | 3.81445312 | 3.43017173 |
| 0000000014 | 0000000000 | 0000000004 | 0.74702634 | 0.52231873 | 0.01109626 | 5.01455688 | 2.65625 | 2.50727844 |
| 0000000015 | 0000000000 | 0000000004 | 0.20575755 | 0.52026116 | 0.00226847 | 3.05473947 | 1.59472656 | 1.52736974 |
| 0000000016 | 0000000000 | 0000000004 | 0.32703091 | 0.51699085 | 0.00327753 | 4.03924512 | 2.10058593 | 2.01962256 |
| 0000000017 | 0000000000 | 0000000004 | 0.40134380 | 0.51297741 | 0.00337570 | 4.88449430 | 2.52441406 | 2.44224715 |
| 0000000018 | 0000000000 | 0000000004 | 0.58110197 | 0.50716639 | 0.00374819 | 6.71160221 | 3.44238281 | 3.35580111 |
| 0000000019 | 0000000000 | 0000000004 | 0.00008112 | 0.50716558 | 0.00000009 | 0.18466825 | 0.09277343 | 0.09233413 |
| 0000000020 | 0000000000 | 0000000004 | 0.18270290 | 0.50533855 | 0.00063815 | 5.11409616 | 2.59277343 | 2.55704808 |
| 0000000021 | 0000000000 | 0000000004 | 0.00208664 | 0.50531769 | 0.00000544 | 0.63206928 | 0.31933593 | 0.31603464 |
| 0000000022 | 0000000000 | 0000000004 | 0.03695211 | 0.50494816 | 0.00009222 | 2.72088503 | 1.37402343 | 1.36044252 |
| 0000000023 | 0000000000 | 0000000004 | 0.11667174 | 0.50378145 | 0.00027722 | 4.95485925 | 2.50097656 | 2.47742963 |
| 0000000024 | 0000000000 | 0000000004 | 0.01300317 | 0.50365142 | 0.00002365 | 1.89054083 | 0.95214843 | 0.94527042 |
| 0000000025 | 0000000000 | 0000000004 | 0.00996897 | 0.50355173 | 0.00001795 | 1.66379785 | 0.83789062 | 0.83189893 |
| 0000000026 | 0000000000 | 0000000004 | 0.03959759 | 0.50315575 | 0.00006686 | 3.42413711 | 1.72363281 | 1.71206856 |
| 0000000027 | 0000000000 | 0000000004 | 0.07155788 | 0.50244017 | 0.00010931 | 4.83956861 | 2.43457031 | 2.41978431 |
| 0000000028 | 0000000000 | 0000000004 | 0.04728073 | 0.50196736 | 0.00005625 | 4.45730066 | 2.23925781 | 2.22865033 |
| 0000000029 | 0000000000 | 0000000004 | 0.06981395 | 0.50126922 | 0.00006791 | 5.99036312 | 3.00683593 | 2.99518156 |
| 0000000030 | 0000000000 | 0000000004 | 0.02785630 | 0.50099066 | 0.00001620 | 4.89291048 | 2.45214843 | 2.44645524 |
| 0000000031 | 0000000000 | 0000000004 | 0.03248353 | 0.50066583 | 0.00001493 | 5.94414854 | 2.97753906 | 2.97207427 |
| 0000000032 | 0000000000 | 0000000004 | 0.00112502 | 0.50065458 | 0.00000030 | 1.45157492 | 0.7265625 | 0.72578746 |
| 0000000033 | 0000000000 | 0000000004 | 0.02437673 | 0.50041081 | 0.00000712 | 6.45924901 | 3.23339843 | 3.22962451 |
| 0000000034 | 0000000000 | 0000000004 | 0.00057789 | 0.50040503 | 0.00000002 | 2.67534923 | 1.33789062 | 1.33767462 |
| 0000000035 | 0000000000 | 0000000004 | 0.00381910 | 0.50036684 | 0.00000072 | 3.16164660 | 1.58203125 | 1.58082330 |
| 0000000036 | 0000000000 | 0000000004 | 0.00865325 | 0.50028031 | 0.00000128 | 5.39132118 | 2.69726562 | 2.69566059 |
| 0000000037 | 0000000000 | 0000000004 | -0.0004497 | 0.50028480 | 0.00000026 | 0.61864155 | 0.30859375 | 0.30932078 |
| 0000000038 | 0000000000 | 0000000004 | 0.00037270 | 0.50028108 | 0.00000000 | 2.74972891 | 1.375 | 1.37486446 |
| 0000000039 | 0000000000 | 0000000004 | 0.00729853 | 0.50020809 | 0.00000067 | 6.26915597 | 3.13574218 | 3.13457799 |
| 0000000040 | 0000000000 | 0000000004 | 0.00173802 | 0.50019071 | 0.00000009 | 3.98350238 | 1.9921875 | 1.99175119 |
| 0000000041 | 0000000000 | 0000000004 | 0.00137617 | 0.50017695 | 0.00000004 | 4.80606794 | 2.40332031 | 2.40303397 |
| 0000000042 | 0000000000 | 0000000004 | 0.00336429 | 0.50014331 | 0.00000013 | 6.43450117 | 3.21777343 | 3.21725059 |
| 0000000043 | 0000000000 | 0000000004 | 0.00636099 | 0.50007970 | 0.00000044 | 6.77155876 | 3.38671875 | 3.38577938 |
| 0000000044 | 0000000000 | 0000000004 | -0.0020923 | 0.50010062 | 0.00000015 | 3.79992938 | 1.89941406 | 1.89996469 |
| 0000000045 | 0000000000 | 0000000004 | -0.0003809 | 0.50010443 | 0.00000001 | 2.13316965 | 1.06640625 | 1.06658483 |
| 0000000046 | 0000000000 | 0000000004 | -0.0001160 | 0.50010559 | 0.00000000 | 3.04304504 | 1.52148437 | 1.52152252 |
| 0000000047 | 0000000000 | 0000000004 | 0.00007338 | 0.50010486 | 0.00000000 | 2.16008830 | 1.08007812 | 1.08004415 |
| 0000000048 | 0000000000 | 0000000004 | -0.0009672 | 0.50011453 | 0.00000016 | 1.67107951 | 0.83496093 | 0.83553976 |
| 0000000049 | 0000000000 | 0000000004 | -0.0014593 | 0.50012912 | 0.00000010 | 3.11421847 | 1.55664062 | 1.55710924 |
| 0000000050 | 0000000000 | 0000000004 | 0.00350951 | 0.50009403 | 0.00000019 | 5.65500879 | 2.828125 | 2.82750440 |
| 0000000051 | 0000000000 | 0000000004 | -0.0007210 | 0.50010124 | 0.00000001 | 3.89490151 | 1.94726562 | 1.94745076 |
| 0000000052 | 0000000000 | 0000000004 | 0.00350758 | 0.50006616 | 0.00000013 | 6.84272480 | 3.421875 | 3.42136240 |
| 0000000053 | 0000000000 | 0000000004 | -0.0017697 | 0.50008386 | 0.00000014 | 3.27647089 | 1.63769531 | 1.63823545 |
| 0000000054 | 0000000000 | 0000000004 | -0.0000984 | 0.50008484 | 0.00000001 | 0.65264534 | 0.32617187 | 0.32632267 |
| 0000000055 | 0000000000 | 0000000004 | -0.0012924 | 0.50009777 | 0.00000004 | 4.22522115 | 2.11230468 | 2.11261058 |
| 0000000056 | 0000000000 | 0000000004 | -0.0004266 | 0.50010203 | 0.00000000 | 4.35371160 | 2.17675781 | 2.17685580 |
| 0000000057 | 0000000000 | 0000000004 | -0.0001456 | 0.50010349 | 0.00000007 | 0.38357180 | 0.19140625 | 0.19178590 |
| 0000000058 | 0000000000 | 0000000004 | -0.0002420 | 0.50010591 | 0.00000002 | 1.17424035 | 0.58691406 | 0.58712018 |
| 0000000059 | 0000000000 | 0000000004 | -0.0002045 | 0.50010796 | 0.00000017 | 0.34688237 | 0.17285156 | 0.17344119 |
| 0000000060 | 0000000000 | 0000000004 | -0.0001255 | 0.50010921 | 0.00000028 | 0.16751502 | 0.08300781 | 0.08375751 |
| 0000000061 | 0000000000 | 0000000004 | 0.00165311 | 0.50009268 | 0.00000007 | 4.24336147 | 2.12207031 | 2.12168074 |
| 0000000062 | 0000000000 | 0000000004 | -0.0001754 | 0.50009443 | 0.00000000 | 2.28530979 | 1.14257812 | 1.14265490 |
| 0000000063 | 0000000000 | 0000000004 | -0.0005087 | 0.50009952 | 0.00000000 | 5.08027839 | 2.54003906 | 2.54013920 |
| 0000000064 | 0000000000 | 0000000004 | 0.00175548 | 0.50008197 | 0.00000006 | 4.76879501 | 2.38476562 | 2.38439751 |
| 0000000065 | 0000000000 | 0000000004 | 0.00087102 | 0.50007326 | 0.00000001 | 4.72619390 | 2.36328125 | 2.36309695 |
| 0000000066 | 0000000000 | 0000000004 | -0.0015139 | 0.50008840 | 0.00000013 | 2.88971972 | 1.44433593 | 1.44485986 |
| 0000000067 | 0000000000 | 0000000004 | -0.0011952 | 0.50010035 | 0.00000026 | 1.65378916 | 0.82617187 | 0.82689458 |
| 0000000068 | 0000000000 | 0000000004 | -0.0010664 | 0.50011101 | 0.00000007 | 2.69610357 | 1.34765625 | 1.34805179 |
| 0000000069 | 0000000000 | 0000000004 | -0.0009642 | 0.50012066 | 0.00000011 | 2.05562567 | 1.02734375 | 1.02781284 |
| 0000000070 | 0000000000 | 0000000004 | -0.0000104 | 0.50012076 | 0.00000009 | 0.02430041 | 0.01171875 | 0.01215021 |
| 0000000071 | 0000000000 | 0000000004 | -0.0004733 | 0.50012549 | 0.00000001 | 2.99445676 | 1.49707031 | 1.49722838 |
| 0000000072 | 0000000000 | 0000000004 | 0.00061208 | 0.50011937 | 0.00000000 | 4.60910940 | 2.3046875 | 2.30455470 |
| 0000000073 | 0000000000 | 0000000004 | -0.0003500 | 0.50012287 | 0.00000000 | 4.10173320 | 2.05078125 | 2.05086660 |
| 0000000074 | 0000000000 | 0000000004 | -0.0000062 | 0.50012294 | 0.00000009 | 0.01453852 | 0.00683593 | 0.00726926 |
| 0000000075 | 0000000000 | 0000000004 | 0.00201365 | 0.50010280 | 0.00000004 | 6.99161148 | 3.49609375 | 3.49580574 |
| 0000000076 | 0000000000 | 0000000004 | -0.0009324 | 0.50011213 | 0.00000004 | 3.23495149 | 1.6171875 | 1.61747575 |
| 0000000077 | 0000000000 | 0000000004 | 0.00082568 | 0.50010387 | 0.00000001 | 4.52111911 | 2.26074218 | 2.26055956 |
| 0000000078 | 0000000000 | 0000000004 | 0.00068371 | 0.50009703 | 0.00000001 | 3.47812247 | 1.73925781 | 1.73906124 |
| 0000000079 | 0000000000 | 0000000004 | 0.00103995 | 0.50008663 | 0.00000001 | 5.72424602 | 2.86230468 | 2.86212301 |
| 0000000080 | 0000000000 | 0000000004 | -0.0017234 | 0.50010387 | 0.00000006 | 4.86789560 | 2.43359375 | 2.43394780 |
| 0000000081 | 0000000000 | 0000000004 | 0.00212682 | 0.50008260 | 0.00000005 | 6.25127267 | 3.12597656 | 3.12563634 |
| 0000000082 | 0000000000 | 0000000004 | -0.0016446 | 0.50009904 | 0.00000003 | 6.52003574 | 3.25976562 | 3.26001787 |
| 0000000083 | 0000000000 | 0000000004 | -0.0002726 | 0.50010177 | 0.00000001 | 1.36758625 | 0.68359375 | 0.68379313 |
| 0000000084 | 0000000000 | 0000000004 | 0.00069161 | 0.50009486 | 0.00000003 | 2.66745018 | 1.33398437 | 1.33372509 |
| 0000000085 | 0000000000 | 0000000004 | 0.00076619 | 0.50008719 | 0.00000000 | 6.69508361 | 3.34765625 | 3.34754181 |
| 0000000086 | 0000000000 | 0000000004 | -0.0019080 | 0.50010627 | 0.00000016 | 3.27655529 | 1.63769531 | 1.63827765 |
| 0000000087 | 0000000000 | 0000000004 | -0.0000380 | 0.50010665 | 0.00000000 | 0.44157865 | 0.22070312 | 0.22078933 |
| 0000000088 | 0000000000 | 0000000004 | 0.00174288 | 0.50008923 | 0.00000006 | 4.94265413 | 2.47167968 | 2.47132707 |
| 0000000089 | 0000000000 | 0000000004 | -0.0011134 | 0.50010036 | 0.00000007 | 2.79571843 | 1.39746093 | 1.39785922 |
| 0000000090 | 0000000000 | 0000000004 | -0.0006942 | 0.50010730 | 0.00000000 | 6.24826908 | 3.12402343 | 3.12413454 |
| 0000000091 | 0000000000 | 0000000004 | -0.0014446 | 0.50012175 | 0.00000009 | 3.35047173 | 1.67480468 | 1.67523587 |
| 0000000092 | 0000000000 | 0000000004 | 0.00072392 | 0.50011451 | 0.00000003 | 2.75533390 | 1.37792968 | 1.37766695 |
| 0000000093 | 0000000000 | 0000000004 | -0.0005784 | 0.50012029 | 0.00000006 | 1.57300114 | 0.78613281 | 0.78650057 |
| 0000000094 | 0000000000 | 0000000004 | 0.00011624 | 0.50011913 | 0.00000000 | 1.05251348 | 0.52636718 | 0.52625674 |
| 0000000095 | 0000000000 | 0000000004 | -0.0002634 | 0.50012177 | 0.00000022 | 0.39391589 | 0.19628906 | 0.19695795 |
| 0000000096 | 0000000000 | 0000000004 | 0.00174841 | 0.50010428 | 0.00000004 | 5.64977169 | 2.82519531 | 2.82488585 |
| 0000000097 | 0000000000 | 0000000004 | 0.00160167 | 0.50008827 | 0.00000004 | 5.14781522 | 2.57421875 | 2.57390761 |
| 0000000098 | 0000000000 | 0000000004 | -0.0004494 | 0.50009276 | 0.00000000 | 3.18192315 | 1.59082031 | 1.59096158 |
| 0000000099 | 0000000000 | 0000000004 | 0.00299239 | 0.50006284 | 0.00000013 | 5.76263332 | 2.88183593 | 2.88131666 |
INFO: Saved inference results to file: tb_data/csim_results.log
INFO: [SIM 211-1] CSim done with 0 errors.
INFO: [SIM 211-3] *************** CSIM finish ***************
