0.005429934710264206 9.29952147998847e-05
0.00011782760702772066 0.00015996210277080536
0.00011819630890386179 9.28868175833486e-05
0.00011786149843828753 9.26502252696082e-05
0.00011793379962909967 0.0001261097495444119
0.0045661223120987415 0.006797080859541893
0.006724710576236248 0.006830533966422081
0.0067247129045426846 0.006830541417002678
0.006724734790623188 0.006796966306865215
0.0067247748374938965 0.006797285750508308
0.006724576465785503 0.006830558180809021
0.006724824197590351 0.00679737376049161
0.006724853999912739 0.006830446422100067
0.006724723614752293 0.006797370966523886
0.006724810693413019 0.0067973630502820015
0.006724792532622814 0.006797419860959053
0.006724766455590725 0.006830412428826094
0.006724928971379995 0.006797232665121555
0.0067246826365590096 0.006797365844249725
0.006724846549332142 0.006797403562813997
0.006724790669977665 0.006797414738684893
0.0067248260602355 0.006797414738684893
0.0067248838022351265 0.00679743941873312
0.0067248260602355 0.006797449197620153
0.006724779028445482 0.0068304152227938175
0.006724912207573652 0.006797415670007467
0.00672466354444623 0.006830430123955011
0.006724975071847439 0.006797409616410732
0.00672493688762188 0.006797430105507374
0.006724826991558075 0.006797431968152523
0.006724658887833357 0.0067974478006362915
0.00672485213726759 0.006830412428826094
0.006724863778799772 0.00683041475713253
0.006724820472300053 0.0067974478006362915
0.006724803242832422 0.006797448266297579
0.006724893115460873 0.006830411497503519
0.006724897306412458 0.00679744454100728
0.006724847014993429 0.00679744640365243
0.006724827457219362 0.006830412428826094
0.006724919658154249 0.00679744640365243
0.006724709644913673 0.006830411497503519
0.006724816747009754 0.00679744640365243
0.006724843755364418 0.006797449197620153
0.006724890321493149 0.006797448266297579
0.00672483816742897 0.00679744640365243
0.006724826991558075 0.00679744640365243
0.006724730134010315 0.006830412428826094
0.0067249471321702 0.006830412428826094
0.006724752020090818 0.006797448266297579
0.006724894046783447 0.006797449197620153
0.006724727805703878 0.006830411497503519
0.006724887061864138 0.006830411497503519
0.0067249080166220665 0.006797449197620153
0.006724847014993429 0.006797449197620153
0.0067247748374938965 0.006797449197620153
0.006724906153976917 0.006830411497503519
0.006724849808961153 0.006797449197620153
0.006724793929606676 0.006797449197620153
0.006724779028445482 0.006830411497503519
0.006724825128912926 0.006797449197620153
0.006724965292960405 0.006830411497503519
0.0067247627303004265 0.006797449197620153
0.006724782288074493 0.006797449197620153
0.006724921520799398 0.006797449197620153
0.006724794395267963 0.006797449197620153
0.006724846549332142 0.006830411497503519
0.00672481395304203 0.006797449197620153
0.006724861916154623 0.006797449197620153
0.0067247613333165646 0.006830411497503519
0.006724924314767122 0.006830411497503519
0.00672490568831563 0.006797449197620153
0.006724776700139046 0.006830411497503519
0.006724827457219362 0.006830411497503519
0.006724905222654343 0.006797449197620153
0.006724787876009941 0.006797449197620153
0.006724824197590351 0.006797449197620153
0.006724860519170761 0.006830411497503519
0.0067247492261230946 0.006830411497503519
0.006724945735186338 0.006797449197620153
0.006724736653268337 0.006830411497503519
