0.00016390508972108364 9.918891009874642e-05
0.00016578032227698714 0.00011270157847320661
0.00012456774129532278 9.657446935307235e-05
0.0001290807849727571 9.705284901428968e-05
0.000127063351101242 0.0004935138858854771
0.00012803830031771213 9.717680950416252e-05
0.00012542959302663803 9.957554721040651e-05
0.00012503383914008737 9.647670231061056e-05
0.00012436679389793426 0.00025447571533732116
0.00012464083556551486 9.6649288025219e-05
0.00012335157953202724 9.702969691716135e-05
0.00012400750711094588 9.632628643885255e-05
0.00012288194557186216 0.00025479536270722747
0.000124067795695737 9.660507930675521e-05
0.00012378345127217472 9.661197691457346e-05
0.00012364918075036258 0.0002547685580793768
0.00012346121366135776 9.641746146371588e-05
0.00012329156743362546 9.689858416095376e-05
0.00012329895980656147 9.656551264924929e-05
0.00012299632362555712 9.624155063647777e-05
0.00012282386887818575 9.646332182455808e-05
0.00012268935097381473 9.644154488341883e-05
0.00012182223872514442 9.625243546906859e-05
0.0001230034395121038 9.630472777644172e-05
0.00012347094889264554 9.62235062615946e-05
0.0001247231848537922 9.636162576498464e-05
0.00012331572361290455 0.000254826940363273
0.00012281206727493554 9.62233025347814e-05
0.00012304619303904474 9.626837709220126e-05
0.00012255035107955337 0.00011243155313422903
0.00012245507969055325 9.62288468144834e-05
0.00012414656521286815 9.626211249269545e-05
0.00012200641504023224 0.000254833692451939
0.00012267817510291934 9.621652134228498e-05
0.00012310074816923589 0.00011242818436585367
0.0001235824602190405 9.620857599657029e-05
0.0001235847594216466 9.620828495826572e-05
0.00012349581811577082 0.0002548341581132263
0.0001233249786309898 9.620510536478832e-05
0.00012229876301717013 9.620830678613856e-05
0.00012261871597729623 9.62085323408246e-05
0.00012442619481589645 9.62100675678812e-05
0.00012313845218159258 9.620505443308502e-05
0.00012362506822682917 9.62053018156439e-05
0.00012322794646024704 9.620733908377588e-05
0.0001233579678228125 9.620754281058908e-05
0.0001221828570123762 9.6207091701217e-05
0.00012255561887286603 9.620718628866598e-05
0.00012333423364907503 0.00011242810433031991
0.00012353601050563157 9.620698256185278e-05
0.0001227333559654653 0.00025483735953457654
0.00012409516784828156 9.620511991670355e-05
0.00012242290540598333 0.00025483735953457654
0.00012297679495532066 0.00025483727222308517
0.00012364656140562147 9.620562923373654e-05
0.00012277807400096208 9.620441414881498e-05
0.00012345798313617706 9.620529453968629e-05
0.00012218885240145028 0.00025483715580776334
0.00012437834811862558 9.620471973903477e-05
0.0001236753014381975 9.620513446861878e-05
0.00012307877477724105 9.620430500945076e-05
0.00012289537698961794 9.620437049306929e-05
0.0001237193209817633 9.620455239200965e-05
0.00012265938858035952 9.620496712159365e-05
0.00012349805911071599 9.620474156690761e-05
0.00012280515511520207 9.620429773349315e-05
0.00012452689406927675 9.62047852226533e-05
0.00012329629680607468 9.620437049306929e-05
0.00012326837168075144 9.62044796324335e-05
0.00012358708772808313 9.620441414881498e-05
0.00012262273230589926 0.0002548370393924415
0.00012157182936789468 9.620443597668782e-05
0.0001227997272508219 9.620466880733147e-05
0.00012366077862679958 9.620454511605203e-05
0.00012359992251731455 0.00025483727222308517
0.00012294261250644922 9.620499622542411e-05
0.00012361412518657744 9.620431228540838e-05
0.00012356463412288576 9.620504715712741e-05
0.0001240087003679946 9.62046324275434e-05
0.00012364474241621792 9.620428318157792e-05
