0.244141 
1.07227 
1.65918 
0.430664 
0.500977 
0.713867 
0.957031 
1.72754 
0.264648 
1.08887 
0.69043 
0.0107422 
2.44531 
3.0459 
2.3584 
1.45898 
1.93848 
2.36035 
3.26953 
0.0908203 
2.52148 
0.3125 
1.3457 
2.4541 
0.938477 
0.826172 
1.7002 
2.40527 
2.21875 
2.98438 
2.44043 
2.9668 
0.724609 
3.22559 
1.33691 
1.58008 
2.69434 
0.308594 
1.37402 
3.13379 
1.99121 
2.40234 
3.2168 
3.38574 
1.89941 
1.06641 
1.52148 
1.08008 
0.834961 
1.55664 
2.82715 
1.94727 
3.42188 
1.6377 
0.326172 
2.1123 
2.17676 
0.191406 
0.586914 
0.172852 
0.0830078 
2.12207 
1.14258 
2.54004 
2.38477 
2.36328 
1.44434 
0.826172 
1.34766 
1.02734 
0.0117188 
1.49707 
2.30469 
2.05078 
0.00683594 
3.49609 
1.61719 
2.26074 
1.73926 
2.8623 
2.43359 
3.12598 
3.26074 
0.683594 
1.33301 
3.34766 
1.6377 
0.220703 
2.47168 
1.39746 
3.12402 
1.6748 
1.37793 
0.786133 
0.526367 
0.196289 
2.8252 
2.57422 
1.59082 
2.88086 
