loss_layer3_out
0.158203
2.69922
3.16895
0.0703125
0.0791016
0.134766
0.199219
0.52832
0.0078125
0.103516
0.0361328
0
0.425781
0.368164
0.111328
0.0410156
0.0722656
0.105469
0.198242
0
0.0517578
0.000976563
0.0146484
0.0488281
0.0078125
0.00585938
0.0234375
0.0458984
0.0390625
0.0703125
0.046875
0.0693359
0.00390625
0.0820313
0.0146484
0.0195313
0.0566406
0.000976563
0.015625
0.0771484
0.03125
0.0458984
0.0810547
0.0898438
0.0283203
0.00878906
0.0185547
0.00976563
0.00585938
0.0195313
0.0625
0.0302734
0.0917969
0.0214844
0.000976563
0.0351563
0.0371094
0.000976563
0.00292969
0.000976563
0
0.0361328
0.0107422
0.0507813
0.0449219
0.0439453
0.0166016
0.00585938
0.0146484
0.00878906
0
0.0175781
0.0419922
0.0332031
0
0.0957031
0.0205078
0.0400391
0.0244141
0.0644531
0.046875
0.0771484
0.0839844
0.00390625
0.0146484
0.0878906
0.0214844
0.000976563
0.0478516
0.015625
0.0761719
0.0224609
0.015625
0.00488281
0.00292969
0.000976563
0.0634766
0.0517578
0.0205078
0.0654297
