0.213867 0.489258 
0.929688 1.99219 
1.39648 2.09473 
0.373047 0.298828 
0.431641 0.301758 
0.610352 0.366211 
0.807617 0.40332 
1.4248 0.569336 
0.224609 0.0605469 
0.924805 0.167969 
0.577148 0.0517578 
0.00878906 0 
2.03027 0 
2.57227 0 
2.03613 0 
1.24023 0 
1.64063 0 
1.9834 0 
2.72559 0 
0.0800781 0 
2.23633 0 
0.276367 0 
1.18945 0 
2.16699 0 
0.826172 0 
0.727539 0 
1.49707 0 
2.11621 0 
1.94922 0 
2.62012 0 
2.13965 0 
2.59961 0 
0.634766 0 
2.8252 0 
1.16992 0 
1.38281 0 
2.3584 0 
0.269531 0 
1.20215 0 
2.74219 0 
1.74219 0 
2.10156 0 
2.81445 0 
2.96191 0 
1.66211 0 
0.932617 0 
1.33105 0 
0.944336 0 
0.730469 0 
1.36133 0 
2.47363 0 
1.70313 0 
2.99316 0 
1.43262 0 
0.285156 0 
1.84766 0 
1.9043 0 
0.166992 0 
0.512695 0 
0.151367 0 
0.0722656 0 
1.85547 0 
0.999023 0 
2.22168 0 
2.08594 0 
2.06738 0 
1.26367 0 
0.722656 0 
1.17871 0 
0.898438 0 
0.00976563 0 
1.30957 0 
2.01563 0 
1.79395 0 
0.00585938 0 
3.05859 0 
1.41504 0 
1.97754 0 
1.52051 0 
2.50391 0 
2.12891 0 
2.73438 0 
2.85156 0 
0.597656 0 
1.16602 0 
2.92871 0 
1.43262 0 
0.192383 0 
2.16211 0 
1.22266 0 
2.7334 0 
1.46484 0 
1.20508 0 
0.6875 0 
0.459961 0 
0.171875 0 
2.4707 0 
2.25195 0 
1.3916 0 
2.52051 0 
