

================================================================
== Vivado HLS Report for 'dense_latency_ap_fixed_ap_fixed_config2_0_0_0'
================================================================
* Date:           Thu Mar  9 20:34:20 2023

* Version:        2019.2 (Build 2704478 on Wed Nov 06 22:10:23 MST 2019)
* Project:        myproject_prj
* Solution:       solution1
* Product family: virtexuplus
* Target device:  xcu250-figd2104-2L-e


================================================================
== Performance Estimates
================================================================
+ Timing: 
    * Summary: 
    +--------+---------+----------+------------+
    |  Clock |  Target | Estimated| Uncertainty|
    +--------+---------+----------+------------+
    |ap_clk  | 5.00 ns | 0.569 ns |   0.62 ns  |
    +--------+---------+----------+------------+

+ Latency: 
    * Summary: 
    +---------+---------+----------+----------+-----+-----+----------+
    |  Latency (cycles) |  Latency (absolute) |  Interval | Pipeline |
    |   min   |   max   |    min   |    max   | min | max |   Type   |
    +---------+---------+----------+----------+-----+-----+----------+
    |        0|        0|   0 ns   |   0 ns   |    1|    1| function |
    +---------+---------+----------+----------+-----+-----+----------+

    + Detail: 
        * Instance: 
        N/A

        * Loop: 
        N/A

============================================================
+ Verbose Summary: Synthesis Manager
============================================================
InlineROM: 1
ExposeGlobal: 0
============================================================
+ Verbose Summary: CDFG Model
============================================================
IsTopModel: 0
ResetActiveHigh: 1
IsCombinational: 0
IsDatapathOnly: 0
HasWiredReturn: 1
HasMFsm: 2
HasVarLatency: 0
IsPipeline: 1
IsRtlPipelined: 0
IsInstanceOverlapped: 0
IsDontTouch: 0
HasImplIP: 0
IsGatedGlobalClock: 0

+ Individual pipeline summary: 
  * Pipeline-0: initiation interval (II) = 1, depth = 1


============================================================
+ Verbose Summary: Schedule
============================================================
* Number of FSM states : 1
* Pipeline : 1
  Pipeline-0 : II = 1, D = 1, States = { 1 }
* Dataflow Pipeline: 0

* FSM state transitions: 
1 --> 

* FSM state operations: 

State 1 <SV = 0> <Delay = 0.56>
ST_1 : Operation 2 [1/1] (0.00ns)   --->   "%data_V_read_1 = call i16 @_ssdm_op_Read.ap_auto.i16(i16 %data_V_read)" [firmware/nnet_utils/nnet_dense_latency.h:33]   --->   Operation 2 'read' 'data_V_read_1' <Predicate = true> <Delay = 0.00>
ST_1 : Operation 3 [1/1] (0.00ns)   --->   "%tmp = call i32 (...)* @_ssdm_op_SpecRegionBegin([12 x i8]* @p_str8)" [firmware/nnet_utils/nnet_dense_latency.h:45]   --->   Operation 3 'specregionbegin' 'tmp' <Predicate = true> <Delay = 0.00>
ST_1 : Operation 4 [1/1] (0.00ns)   --->   "call void (...)* @_ssdm_op_SpecPipeline(i32 1, i32 1, i32 1, i32 0, [1 x i8]* @p_str3) nounwind" [firmware/nnet_utils/nnet_dense_latency.h:49]   --->   Operation 4 'specpipeline' <Predicate = true> <Delay = 0.00>
ST_1 : Operation 5 [1/1] (0.00ns)   --->   "call void (...)* @_ssdm_op_SpecResourceLimit(i32 1, [4 x i8]* @p_str15, [1 x i8]* @p_str3, [1 x i8]* @p_str3, [1 x i8]* @p_str3) nounwind" [firmware/nnet_utils/nnet_mult.h:81->firmware/nnet_utils/nnet_dense_latency.h:57]   --->   Operation 5 'specresourcelimit' <Predicate = true> <Delay = 0.00>
ST_1 : Operation 6 [1/1] (0.00ns)   --->   "%empty = call i32 (...)* @_ssdm_op_SpecRegionEnd([12 x i8]* @p_str8, i32 %tmp)" [firmware/nnet_utils/nnet_dense_latency.h:59]   --->   Operation 6 'specregionend' 'empty' <Predicate = true> <Delay = 0.00>
ST_1 : Operation 7 [1/1] (0.00ns)   --->   "call void (...)* @_ssdm_op_SpecLoopName([9 x i8]* @p_str9) nounwind" [firmware/nnet_utils/nnet_dense_latency.h:85]   --->   Operation 7 'specloopname' <Predicate = true> <Delay = 0.00>
ST_1 : Operation 8 [1/1] (0.00ns)   --->   "%sext_ln1118 = sext i16 %data_V_read_1 to i20" [firmware/nnet_utils/nnet_mult.h:77->firmware/nnet_utils/nnet_dense_latency.h:96]   --->   Operation 8 'sext' 'sext_ln1118' <Predicate = true> <Delay = 0.00>
ST_1 : Operation 9 [1/1] (0.00ns)   --->   "%shl_ln = call i19 @_ssdm_op_BitConcatenate.i19.i16.i3(i16 %data_V_read_1, i3 0)" [firmware/nnet_utils/nnet_mult.h:77->firmware/nnet_utils/nnet_dense_latency.h:96]   --->   Operation 9 'bitconcatenate' 'shl_ln' <Predicate = true> <Delay = 0.00>
ST_1 : Operation 10 [1/1] (0.00ns)   --->   "%sext_ln1118_1 = sext i19 %shl_ln to i20" [firmware/nnet_utils/nnet_mult.h:77->firmware/nnet_utils/nnet_dense_latency.h:96]   --->   Operation 10 'sext' 'sext_ln1118_1' <Predicate = true> <Delay = 0.00>
ST_1 : Operation 11 [1/1] (0.56ns)   --->   "%sub_ln1118 = sub i20 %sext_ln1118_1, %sext_ln1118" [firmware/nnet_utils/nnet_mult.h:77->firmware/nnet_utils/nnet_dense_latency.h:96]   --->   Operation 11 'sub' 'sub_ln1118' <Predicate = true> <Delay = 0.56> <Core = "AddSub">   --->   Core 14 'AddSub' <Latency = 0> <II = 1> <Delay = 0.56> <FuncUnit> <Opcode : 'add' 'sub'> <InPorts = 2> <OutPorts = 1>
ST_1 : Operation 12 [1/1] (0.00ns)   --->   "%trunc_ln = call i15 @_ssdm_op_PartSelect.i15.i20.i32.i32(i20 %sub_ln1118, i32 5, i32 19)" [firmware/nnet_utils/nnet_mult.h:77->firmware/nnet_utils/nnet_dense_latency.h:96]   --->   Operation 12 'partselect' 'trunc_ln' <Predicate = true> <Delay = 0.00>
ST_1 : Operation 13 [1/1] (0.00ns)   --->   "call void (...)* @_ssdm_op_SpecLoopName([7 x i8]* @p_str12) nounwind" [firmware/nnet_utils/nnet_dense_latency.h:109]   --->   Operation 13 'specloopname' <Predicate = true> <Delay = 0.00>
ST_1 : Operation 14 [1/1] (0.00ns)   --->   "ret i15 %trunc_ln" [firmware/nnet_utils/nnet_mult.h:77->firmware/nnet_utils/nnet_dense_latency.h:96]   --->   Operation 14 'ret' <Predicate = true> <Delay = 0.00>


============================================================
+ Verbose Summary: Timing violations
============================================================
Target clock period: 5ns, clock uncertainty: 0.625ns.

 <State 1>: 0.569ns
The critical path consists of the following:
	wire read on port 'data_V_read' (firmware/nnet_utils/nnet_dense_latency.h:33) [2]  (0 ns)
	'sub' operation ('sub_ln1118', firmware/nnet_utils/nnet_mult.h:77->firmware/nnet_utils/nnet_dense_latency.h:96) [11]  (0.569 ns)


============================================================
+ Verbose Summary: Binding
============================================================
N/A
* FSMD analyzer results:
  - Output states:
 - Input state : 
  - Chain level:
	State 1


============================================================
+ Verbose Summary: Datapath Resource usage 
============================================================
N/A
