0.0009905272163450718 4.86319258925505e-05
6.69483924866654e-05 4.9578487960388884e-05
6.212513835635036e-05 5.03576775372494e-05
6.802534335292876e-05 5.127037366037257e-05
9.783317364053801e-05 5.0169412133982405e-05
8.584036550018936e-05 5.1138911658199504e-05
6.0120342823211104e-05 4.985706982552074e-05
7.063423254294321e-05 5.100668204249814e-05
6.363245483953506e-05 5.0946746341651306e-05
6.571251287823543e-05 4.959010402671993e-05
5.374539250624366e-05 4.8874866479309276e-05
5.856167626916431e-05 5.033880370319821e-05
6.420941645046696e-05 4.8482648708159104e-05
5.974624946247786e-05 5.0387945520924404e-05
5.0960908993147314e-05 4.941454972140491e-05
5.414115003077313e-05 4.912200165563263e-05
5.341670839698054e-05 4.930191789753735e-05
5.340671486919746e-05 4.8705871449783444e-05
5.141973451827653e-05 5.0218633987242356e-05
5.073722786619328e-05 4.938574420521036e-05
5.103990770294331e-05 4.894178709946573e-05
5.136950858286582e-05 4.8803776735439897e-05
5.07910008309409e-05 4.876064122072421e-05
5.115299063618295e-05 4.911516953143291e-05
5.164000322110951e-05 5.0159029342466965e-05
5.02256843901705e-05 4.851523772231303e-05
5.1043454732280225e-05 4.894996163784526e-05
5.011531538912095e-05 4.862897185375914e-05
5.1408806029940024e-05 4.964799518347718e-05
5.029158273828216e-05 4.908614937448874e-05
4.952219023834914e-05 4.858445026911795e-05
5.0491806177888066e-05 4.8675137804821134e-05
5.015654460294172e-05 4.860801709583029e-05
5.073997817817144e-05 4.882007124251686e-05
4.956569682690315e-05 4.8603986215312034e-05
4.987626743968576e-05 4.8480109398951754e-05
5.0591490435181186e-05 4.8585672629997134e-05
5.0391136028338224e-05 4.864155198447406e-05
4.9105619837064296e-05 4.848417665925808e-05
5.030474494560622e-05 4.8507328756386414e-05
5.020320895710029e-05 4.851806443184614e-05
4.989752051187679e-05 4.848450771532953e-05
5.0134873163187876e-05 4.848558091907762e-05
4.955182521371171e-05 4.844076102017425e-05
5.017105650040321e-05 4.844461000175215e-05
5.0493785238359123e-05 4.847723903367296e-05
4.964771869708784e-05 4.845753210247494e-05
5.001934914616868e-05 4.8455429350724444e-05
5.025288919568993e-05 4.846105366596021e-05
5.014281123294495e-05 4.846308729611337e-05
4.944579632137902e-05 4.845023067900911e-05
4.984267434338108e-05 4.8444144340464845e-05
5.036852599005215e-05 4.8449146561324596e-05
5.046513251727447e-05 4.844556679017842e-05
4.9326579755870625e-05 4.844274735660292e-05
5.021704055252485e-05 4.844492650590837e-05
5.0442460633348674e-05 4.8449735913891345e-05
4.977255593985319e-05 4.8444595449836925e-05
4.9716036301106215e-05 4.843980059376918e-05
5.091347702546045e-05 4.8443245759699494e-05
4.910727511742152e-05 4.843773422180675e-05
5.0783390179276466e-05 4.844743671128526e-05
4.96424145239871e-05 4.844084469368681e-05
5.0274189561605453e-05 4.8443558625876904e-05
5.0277853006264195e-05 4.8446032451465726e-05
4.9901133024832234e-05 4.8444169806316495e-05
5.016028444515541e-05 4.844553041039035e-05
4.968730718246661e-05 4.843901115236804e-05
5.045795478508808e-05 4.8444457206642255e-05
4.994211485609412e-05 4.844271461479366e-05
5.010962559026666e-05 4.844323848374188e-05
4.997392534278333e-05 4.844184877583757e-05
5.009267624700442e-05 4.844224895350635e-05
4.986422209185548e-05 4.8439014790346846e-05
5.0157639634562656e-05 4.8440302634844556e-05
5.040127143729478e-05 4.844506474910304e-05
4.99748821312096e-05 4.844352588406764e-05
5.011416942579672e-05 4.8444144340464845e-05
5.040631731390022e-05 4.8448760935571045e-05
5.0497972551966086e-05 4.844506111112423e-05
