0.734375 
3.17676 
3.92578 
0.764648 
0.881836 
1.24121 
1.62891 
2.83203 
0.390625 
1.60352 
0.988281 
0.015625 
3.46191 
3.81445 
2.65625 
1.59473 
2.10059 
2.52441 
3.44238 
0.0927734 
2.59277 
0.319336 
1.37402 
2.50098 
0.952148 
0.837891 
1.72363 
2.43457 
2.23926 
3.00684 
2.45215 
2.97754 
0.726563 
3.2334 
1.33789 
1.58203 
2.69727 
0.308594 
1.375 
3.13574 
1.99219 
2.40332 
3.21777 
3.38672 
1.89941 
1.06641 
1.52148 
1.08008 
0.834961 
1.55664 
2.82813 
1.94727 
3.42188 
1.6377 
0.326172 
2.1123 
2.17676 
0.191406 
0.586914 
0.172852 
0.0830078 
2.12207 
1.14258 
2.54004 
2.38477 
2.36328 
1.44434 
0.826172 
1.34766 
1.02734 
0.0117188 
1.49707 
2.30469 
2.05078 
0.00683594 
3.49609 
1.61719 
2.26074 
1.73926 
2.8623 
2.43359 
3.12598 
3.25977 
0.683594 
1.33398 
3.34766 
1.6377 
0.220703 
2.47168 
1.39746 
3.12402 
1.6748 
1.37793 
0.786133 
0.526367 
0.196289 
2.8252 
2.57422 
1.59082 
2.88184 
